{"contracts/assets/ERC1155/ERC1155Owl.sol":{"l":{"20":0,"29":0,"38":0,"47":0,"48":0,"49":0,"50":0,"58":0,"59":0,"60":0,"62":0,"63":0,"72":0,"81":0,"99":0,"116":0,"125":0,"134":0,"142":0,"156":0,"163":0,"167":0,"171":0},"path":"/home/VulcanLinkProjects/contracts/packages/owlprotocol-contracts/contracts/assets/ERC1155/ERC1155Owl.sol","s":{"1":0,"2":0,"3":0,"4":0,"5":0,"6":0,"7":0,"8":0,"9":0,"10":0,"11":0,"12":0,"13":0,"14":0,"15":0,"16":0,"17":0,"18":0,"19":0,"20":0,"21":0,"22":0,"23":0},"b":{},"f":{"1":0,"2":0,"3":0,"4":0,"5":0,"6":0,"7":0,"8":0,"9":0,"10":0,"11":0,"12":0,"13":0,"14":0,"15":0,"16":0},"fnMap":{"1":{"name":"constructor","line":19,"loc":{"start":{"line":19,"column":4},"end":{"line":21,"column":4}}},"2":{"name":"initialize","line":28,"loc":{"start":{"line":23,"column":4},"end":{"line":30,"column":4}}},"3":{"name":"proxyInitialize","line":37,"loc":{"start":{"line":32,"column":4},"end":{"line":39,"column":4}}},"4":{"name":"__ERC1155Owl_init","line":46,"loc":{"start":{"line":41,"column":4},"end":{"line":51,"column":4}}},"5":{"name":"__ERC1155Owl_init_unchained","line":57,"loc":{"start":{"line":53,"column":4},"end":{"line":64,"column":4}}},"6":{"name":"grantMinter","line":71,"loc":{"start":{"line":71,"column":4},"end":{"line":73,"column":4}}},"7":{"name":"grantUriRole","line":80,"loc":{"start":{"line":80,"column":4},"end":{"line":82,"column":4}}},"8":{"name":"mint","line":98,"loc":{"start":{"line":93,"column":4},"end":{"line":100,"column":4}}},"9":{"name":"mintBatch","line":115,"loc":{"start":{"line":110,"column":4},"end":{"line":117,"column":4}}},"10":{"name":"setURI","line":124,"loc":{"start":{"line":124,"column":4},"end":{"line":126,"column":4}}},"11":{"name":"setContractURI","line":133,"loc":{"start":{"line":133,"column":4},"end":{"line":135,"column":4}}},"12":{"name":"contractURI","line":141,"loc":{"start":{"line":141,"column":4},"end":{"line":143,"column":4}}},"13":{"name":"supportsInterface","line":149,"loc":{"start":{"line":149,"column":4},"end":{"line":157,"column":4}}},"14":{"name":"_msgSender","line":162,"loc":{"start":{"line":162,"column":4},"end":{"line":164,"column":4}}},"15":{"name":"_msgData","line":166,"loc":{"start":{"line":166,"column":4},"end":{"line":168,"column":4}}},"16":{"name":"versionRecipient","line":170,"loc":{"start":{"line":170,"column":4},"end":{"line":172,"column":4}}}},"statementMap":{"1":{"start":{"line":20,"column":8},"end":{"line":20,"column":29}},"2":{"start":{"line":29,"column":8},"end":{"line":29,"column":66}},"3":{"start":{"line":38,"column":8},"end":{"line":38,"column":66}},"4":{"start":{"line":47,"column":8},"end":{"line":47,"column":27}},"5":{"start":{"line":48,"column":8},"end":{"line":48,"column":31}},"6":{"start":{"line":49,"column":8},"end":{"line":49,"column":29}},"7":{"start":{"line":50,"column":8},"end":{"line":50,"column":70}},"8":{"start":{"line":58,"column":8},"end":{"line":58,"column":45}},"9":{"start":{"line":59,"column":8},"end":{"line":59,"column":38}},"10":{"start":{"line":60,"column":8},"end":{"line":60,"column":35}},"11":{"start":{"line":62,"column":8},"end":{"line":62,"column":36}},"12":{"start":{"line":63,"column":8},"end":{"line":63,"column":39}},"13":{"start":{"line":72,"column":8},"end":{"line":72,"column":34}},"14":{"start":{"line":81,"column":8},"end":{"line":81,"column":31}},"15":{"start":{"line":99,"column":8},"end":{"line":99,"column":34}},"16":{"start":{"line":116,"column":8},"end":{"line":116,"column":41}},"17":{"start":{"line":125,"column":8},"end":{"line":125,"column":22}},"18":{"start":{"line":134,"column":8},"end":{"line":134,"column":36}},"19":{"start":{"line":142,"column":8},"end":{"line":142,"column":27}},"20":{"start":{"line":156,"column":8},"end":{"line":156,"column":79}},"21":{"start":{"line":163,"column":8},"end":{"line":163,"column":47}},"22":{"start":{"line":167,"column":8},"end":{"line":167,"column":44}},"23":{"start":{"line":171,"column":8},"end":{"line":171,"column":22}}},"branchMap":{}},"contracts/assets/ERC20/ERC20Owl.sol":{"l":{"21":0,"30":0,"39":0,"48":0,"49":0,"50":0,"54":0,"55":0,"56":0,"65":0,"76":0,"85":0,"92":0,"96":0,"100":0},"path":"/home/VulcanLinkProjects/contracts/packages/owlprotocol-contracts/contracts/assets/ERC20/ERC20Owl.sol","s":{"1":0,"2":0,"3":0,"4":0,"5":0,"6":0,"7":0,"8":0,"9":0,"10":0,"11":0,"12":0,"13":0,"14":0,"15":0},"b":{},"f":{"1":0,"2":0,"3":0,"4":0,"5":0,"6":0,"7":0,"8":0,"9":0,"10":0,"11":0},"fnMap":{"1":{"name":"constructor","line":20,"loc":{"start":{"line":20,"column":4},"end":{"line":22,"column":4}}},"2":{"name":"initialize","line":29,"loc":{"start":{"line":24,"column":4},"end":{"line":31,"column":4}}},"3":{"name":"proxyInitialize","line":38,"loc":{"start":{"line":33,"column":4},"end":{"line":40,"column":4}}},"4":{"name":"__ERC20Owl_init","line":47,"loc":{"start":{"line":42,"column":4},"end":{"line":51,"column":4}}},"5":{"name":"__ERC20Owl_init_unchained","line":53,"loc":{"start":{"line":53,"column":4},"end":{"line":57,"column":4}}},"6":{"name":"grantMinter","line":64,"loc":{"start":{"line":64,"column":4},"end":{"line":66,"column":4}}},"7":{"name":"mint","line":75,"loc":{"start":{"line":75,"column":4},"end":{"line":77,"column":4}}},"8":{"name":"supportsInterface","line":84,"loc":{"start":{"line":84,"column":4},"end":{"line":86,"column":4}}},"9":{"name":"_msgSender","line":91,"loc":{"start":{"line":91,"column":4},"end":{"line":93,"column":4}}},"10":{"name":"_msgData","line":95,"loc":{"start":{"line":95,"column":4},"end":{"line":97,"column":4}}},"11":{"name":"versionRecipient","line":99,"loc":{"start":{"line":99,"column":4},"end":{"line":101,"column":4}}}},"statementMap":{"1":{"start":{"line":21,"column":8},"end":{"line":21,"column":29}},"2":{"start":{"line":30,"column":8},"end":{"line":30,"column":58}},"3":{"start":{"line":39,"column":8},"end":{"line":39,"column":58}},"4":{"start":{"line":48,"column":8},"end":{"line":48,"column":29}},"5":{"start":{"line":49,"column":8},"end":{"line":49,"column":29}},"6":{"start":{"line":50,"column":8},"end":{"line":50,"column":52}},"7":{"start":{"line":54,"column":8},"end":{"line":54,"column":45}},"8":{"start":{"line":55,"column":8},"end":{"line":55,"column":38}},"9":{"start":{"line":56,"column":8},"end":{"line":56,"column":39}},"10":{"start":{"line":65,"column":8},"end":{"line":65,"column":34}},"11":{"start":{"line":76,"column":8},"end":{"line":76,"column":24}},"12":{"start":{"line":85,"column":8},"end":{"line":85,"column":79}},"13":{"start":{"line":92,"column":8},"end":{"line":92,"column":47}},"14":{"start":{"line":96,"column":8},"end":{"line":96,"column":44}},"15":{"start":{"line":100,"column":8},"end":{"line":100,"column":22}}},"branchMap":{}},"contracts/assets/ERC721/ERC721Owl.sol":{"l":{"21":0,"31":0,"41":0,"51":0,"52":0,"53":0,"54":0,"62":0,"63":0,"64":0,"65":0,"66":0,"75":0,"84":0,"95":0,"105":0,"114":0,"121":0,"128":0,"132":0,"136":0,"151":0,"160":0,"164":0,"168":0},"path":"/home/VulcanLinkProjects/contracts/packages/owlprotocol-contracts/contracts/assets/ERC721/ERC721Owl.sol","s":{"1":0,"2":0,"3":0,"4":0,"5":0,"6":0,"7":0,"8":0,"9":0,"10":0,"11":0,"12":0,"13":0,"14":0,"15":0,"16":0,"17":0,"18":0,"19":0,"20":0,"21":0,"22":0,"23":0,"24":0,"25":0},"b":{},"f":{"1":0,"2":0,"3":0,"4":0,"5":0,"6":0,"7":0,"8":0,"9":0,"10":0,"11":0,"12":0,"13":0,"14":0,"15":0,"16":0,"17":0,"18":0},"fnMap":{"1":{"name":"constructor","line":20,"loc":{"start":{"line":20,"column":4},"end":{"line":22,"column":4}}},"2":{"name":"initialize","line":30,"loc":{"start":{"line":24,"column":4},"end":{"line":32,"column":4}}},"3":{"name":"proxyInitialize","line":40,"loc":{"start":{"line":34,"column":4},"end":{"line":42,"column":4}}},"4":{"name":"__ERC721Owl_init","line":50,"loc":{"start":{"line":44,"column":4},"end":{"line":55,"column":4}}},"5":{"name":"__ERC721Owl_init_unchained","line":61,"loc":{"start":{"line":57,"column":4},"end":{"line":67,"column":4}}},"6":{"name":"grantMinter","line":74,"loc":{"start":{"line":74,"column":4},"end":{"line":76,"column":4}}},"7":{"name":"grantUriRole","line":83,"loc":{"start":{"line":83,"column":4},"end":{"line":85,"column":4}}},"8":{"name":"mint","line":94,"loc":{"start":{"line":94,"column":4},"end":{"line":96,"column":4}}},"9":{"name":"safeMint","line":104,"loc":{"start":{"line":104,"column":4},"end":{"line":106,"column":4}}},"10":{"name":"setBaseURI","line":113,"loc":{"start":{"line":113,"column":4},"end":{"line":115,"column":4}}},"11":{"name":"_baseURI","line":120,"loc":{"start":{"line":120,"column":4},"end":{"line":122,"column":4}}},"12":{"name":"contractURI","line":127,"loc":{"start":{"line":127,"column":4},"end":{"line":129,"column":4}}},"13":{"name":"exists","line":131,"loc":{"start":{"line":131,"column":4},"end":{"line":133,"column":4}}},"14":{"name":"version","line":135,"loc":{"start":{"line":135,"column":4},"end":{"line":137,"column":4}}},"15":{"name":"supportsInterface","line":144,"loc":{"start":{"line":144,"column":4},"end":{"line":152,"column":4}}},"16":{"name":"_msgSender","line":159,"loc":{"start":{"line":159,"column":4},"end":{"line":161,"column":4}}},"17":{"name":"_msgData","line":163,"loc":{"start":{"line":163,"column":4},"end":{"line":165,"column":4}}},"18":{"name":"versionRecipient","line":167,"loc":{"start":{"line":167,"column":4},"end":{"line":169,"column":4}}}},"statementMap":{"1":{"start":{"line":21,"column":8},"end":{"line":21,"column":29}},"2":{"start":{"line":31,"column":8},"end":{"line":31,"column":69}},"3":{"start":{"line":41,"column":8},"end":{"line":41,"column":69}},"4":{"start":{"line":51,"column":8},"end":{"line":51,"column":36}},"5":{"start":{"line":52,"column":8},"end":{"line":52,"column":30}},"6":{"start":{"line":53,"column":8},"end":{"line":53,"column":29}},"7":{"start":{"line":54,"column":8},"end":{"line":54,"column":63}},"8":{"start":{"line":62,"column":8},"end":{"line":62,"column":45}},"9":{"start":{"line":63,"column":8},"end":{"line":63,"column":38}},"10":{"start":{"line":64,"column":8},"end":{"line":64,"column":35}},"11":{"start":{"line":65,"column":8},"end":{"line":65,"column":25}},"12":{"start":{"line":66,"column":8},"end":{"line":66,"column":39}},"13":{"start":{"line":75,"column":8},"end":{"line":75,"column":34}},"14":{"start":{"line":84,"column":8},"end":{"line":84,"column":31}},"15":{"start":{"line":95,"column":8},"end":{"line":95,"column":25}},"16":{"start":{"line":105,"column":8},"end":{"line":105,"column":29}},"17":{"start":{"line":114,"column":8},"end":{"line":114,"column":25}},"18":{"start":{"line":121,"column":8},"end":{"line":121,"column":22}},"19":{"start":{"line":128,"column":8},"end":{"line":128,"column":65}},"20":{"start":{"line":132,"column":8},"end":{"line":132,"column":31}},"21":{"start":{"line":136,"column":8},"end":{"line":136,"column":23}},"22":{"start":{"line":151,"column":8},"end":{"line":151,"column":79}},"23":{"start":{"line":160,"column":8},"end":{"line":160,"column":47}},"24":{"start":{"line":164,"column":8},"end":{"line":164,"column":44}},"25":{"start":{"line":168,"column":8},"end":{"line":168,"column":22}}},"branchMap":{}},"contracts/assets/ERC721/ERC721OwlAttributes.sol":{"l":{"27":0,"37":0,"47":0,"48":0,"52":0,"61":0,"70":0,"72":0,"73":0,"84":0,"85":0,"86":0,"96":0,"97":0,"98":0,"108":0,"109":0,"118":0,"119":0,"123":0,"132":0},"path":"/home/VulcanLinkProjects/contracts/packages/owlprotocol-contracts/contracts/assets/ERC721/ERC721OwlAttributes.sol","s":{"1":0,"2":0,"3":0,"4":0,"5":0,"6":0,"7":0,"8":0,"9":0,"10":0,"11":0,"12":0,"13":0,"14":0,"15":0,"16":0,"17":0,"18":0,"19":0,"20":0,"21":0},"b":{"1":[0,0],"2":[0,0],"3":[0,0]},"f":{"1":0,"2":0,"3":0,"4":0,"5":0,"6":0,"7":0,"8":0,"9":0,"10":0,"11":0,"12":0},"fnMap":{"1":{"name":"initialize","line":26,"loc":{"start":{"line":20,"column":4},"end":{"line":28,"column":4}}},"2":{"name":"proxyInitialize","line":36,"loc":{"start":{"line":30,"column":4},"end":{"line":38,"column":4}}},"3":{"name":"__ERC721OwlAttributes_init","line":46,"loc":{"start":{"line":40,"column":4},"end":{"line":49,"column":4}}},"4":{"name":"__ERC721OwlAttributes_init_unchained","line":51,"loc":{"start":{"line":51,"column":4},"end":{"line":53,"column":4}}},"5":{"name":"grantDna","line":60,"loc":{"start":{"line":60,"column":4},"end":{"line":62,"column":4}}},"6":{"name":"tokenURI","line":69,"loc":{"start":{"line":69,"column":4},"end":{"line":74,"column":4}}},"7":{"name":"mint","line":83,"loc":{"start":{"line":83,"column":4},"end":{"line":87,"column":4}}},"8":{"name":"safeMint","line":95,"loc":{"start":{"line":95,"column":4},"end":{"line":99,"column":4}}},"9":{"name":"updateDna","line":107,"loc":{"start":{"line":107,"column":4},"end":{"line":110,"column":4}}},"10":{"name":"getDna","line":117,"loc":{"start":{"line":117,"column":4},"end":{"line":120,"column":4}}},"11":{"name":"version","line":122,"loc":{"start":{"line":122,"column":4},"end":{"line":124,"column":4}}},"12":{"name":"supportsInterface","line":131,"loc":{"start":{"line":131,"column":4},"end":{"line":133,"column":4}}}},"statementMap":{"1":{"start":{"line":27,"column":8},"end":{"line":27,"column":79}},"2":{"start":{"line":37,"column":8},"end":{"line":37,"column":79}},"3":{"start":{"line":47,"column":8},"end":{"line":47,"column":69}},"4":{"start":{"line":48,"column":8},"end":{"line":48,"column":51}},"5":{"start":{"line":52,"column":8},"end":{"line":52,"column":35}},"6":{"start":{"line":61,"column":8},"end":{"line":61,"column":31}},"7":{"start":{"line":70,"column":8},"end":{"line":70,"column":83}},"8":{"start":{"line":72,"column":8},"end":{"line":72,"column":42}},"9":{"start":{"line":73,"column":8},"end":{"line":73,"column":105}},"10":{"start":{"line":84,"column":8},"end":{"line":84,"column":35}},"11":{"start":{"line":85,"column":8},"end":{"line":85,"column":34}},"12":{"start":{"line":86,"column":8},"end":{"line":86,"column":25}},"13":{"start":{"line":96,"column":8},"end":{"line":96,"column":35}},"14":{"start":{"line":97,"column":8},"end":{"line":97,"column":38}},"15":{"start":{"line":98,"column":8},"end":{"line":98,"column":25}},"16":{"start":{"line":108,"column":8},"end":{"line":108,"column":83}},"17":{"start":{"line":109,"column":8},"end":{"line":109,"column":26}},"18":{"start":{"line":118,"column":8},"end":{"line":118,"column":83}},"19":{"start":{"line":119,"column":8},"end":{"line":119,"column":28}},"20":{"start":{"line":123,"column":8},"end":{"line":123,"column":23}},"21":{"start":{"line":132,"column":8},"end":{"line":132,"column":79}}},"branchMap":{"1":{"line":70,"type":"if","locations":[{"start":{"line":70,"column":8},"end":{"line":70,"column":8}},{"start":{"line":70,"column":8},"end":{"line":70,"column":8}}]},"2":{"line":108,"type":"if","locations":[{"start":{"line":108,"column":8},"end":{"line":108,"column":8}},{"start":{"line":108,"column":8},"end":{"line":108,"column":8}}]},"3":{"line":118,"type":"if","locations":[{"start":{"line":118,"column":8},"end":{"line":118,"column":8}},{"start":{"line":118,"column":8},"end":{"line":118,"column":8}}]}}},"contracts/assets/ERC721/ERC721OwlExpiring.sol":{"l":{"25":0,"35":0,"45":0,"46":0,"50":0,"51":0,"60":0,"70":0,"77":0,"78":0,"79":0,"86":0,"87":0,"89":0,"90":0,"97":0,"98":0,"100":0,"105":0,"112":0,"113":0,"124":0,"125":0,"136":0,"137":0,"144":0,"151":0,"165":0,"166":0,"167":0,"181":0,"182":0,"183":0,"187":0,"191":0,"195":0,"199":0},"path":"/home/VulcanLinkProjects/contracts/packages/owlprotocol-contracts/contracts/assets/ERC721/ERC721OwlExpiring.sol","s":{"1":0,"2":0,"3":0,"4":0,"5":0,"6":0,"7":0,"8":0,"9":0,"10":0,"11":0,"12":0,"13":0,"14":0,"15":0,"16":0,"17":0,"18":0,"19":0,"20":0,"21":0,"22":0,"23":0,"24":0,"25":0,"26":0,"27":0,"28":0,"29":0,"30":0,"31":0,"32":0,"33":0,"34":0,"35":0,"36":0,"37":0,"38":0,"39":0},"b":{"1":[0,0],"2":[0,0],"3":[0,0],"4":[0,0],"5":[0,0],"6":[0,0],"7":[0,0],"8":[0,0],"9":[0,0],"10":[0,0]},"f":{"1":0,"2":0,"3":0,"4":0,"5":0,"6":0,"7":0,"8":0,"9":0,"10":0,"11":0,"12":0,"13":0,"14":0,"15":0,"16":0,"17":0,"18":0,"19":0,"20":0},"fnMap":{"1":{"name":"initialize","line":24,"loc":{"start":{"line":18,"column":4},"end":{"line":26,"column":4}}},"2":{"name":"proxyInitialize","line":34,"loc":{"start":{"line":28,"column":4},"end":{"line":36,"column":4}}},"3":{"name":"__ERC721OwlExpiring_init","line":44,"loc":{"start":{"line":38,"column":4},"end":{"line":47,"column":4}}},"4":{"name":"__ERC721OwlExpiring_init_unchained","line":49,"loc":{"start":{"line":49,"column":4},"end":{"line":52,"column":4}}},"5":{"name":"grantExpiry","line":59,"loc":{"start":{"line":59,"column":4},"end":{"line":61,"column":4}}},"6":{"name":"supportsInterface","line":69,"loc":{"start":{"line":69,"column":4},"end":{"line":71,"column":4}}},"7":{"name":"ownerOf","line":76,"loc":{"start":{"line":76,"column":4},"end":{"line":80,"column":4}}},"8":{"name":"tokenURI","line":85,"loc":{"start":{"line":85,"column":4},"end":{"line":91,"column":4}}},"9":{"name":"approve","line":96,"loc":{"start":{"line":96,"column":4},"end":{"line":106,"column":4}}},"10":{"name":"getApproved","line":111,"loc":{"start":{"line":111,"column":4},"end":{"line":114,"column":4}}},"11":{"name":"transferFrom","line":119,"loc":{"start":{"line":119,"column":4},"end":{"line":126,"column":4}}},"12":{"name":"safeTransferFrom","line":131,"loc":{"start":{"line":131,"column":4},"end":{"line":138,"column":4}}},"13":{"name":"mint","line":143,"loc":{"start":{"line":143,"column":4},"end":{"line":145,"column":4}}},"14":{"name":"safeMint","line":150,"loc":{"start":{"line":150,"column":4},"end":{"line":152,"column":4}}},"15":{"name":"mint","line":164,"loc":{"start":{"line":160,"column":4},"end":{"line":168,"column":4}}},"16":{"name":"safeMint","line":180,"loc":{"start":{"line":176,"column":4},"end":{"line":184,"column":4}}},"17":{"name":"extendExpiry","line":186,"loc":{"start":{"line":186,"column":4},"end":{"line":188,"column":4}}},"18":{"name":"getExpiry","line":190,"loc":{"start":{"line":190,"column":4},"end":{"line":192,"column":4}}},"19":{"name":"_expired","line":194,"loc":{"start":{"line":194,"column":4},"end":{"line":196,"column":4}}},"20":{"name":"version","line":198,"loc":{"start":{"line":198,"column":4},"end":{"line":200,"column":4}}}},"statementMap":{"1":{"start":{"line":25,"column":8},"end":{"line":25,"column":77}},"2":{"start":{"line":35,"column":8},"end":{"line":35,"column":77}},"3":{"start":{"line":45,"column":8},"end":{"line":45,"column":69}},"4":{"start":{"line":46,"column":8},"end":{"line":46,"column":61}},"5":{"start":{"line":50,"column":8},"end":{"line":50,"column":38}},"6":{"start":{"line":51,"column":8},"end":{"line":51,"column":39}},"7":{"start":{"line":60,"column":8},"end":{"line":60,"column":34}},"8":{"start":{"line":70,"column":8},"end":{"line":70,"column":79}},"9":{"start":{"line":77,"column":8},"end":{"line":77,"column":79}},"10":{"start":{"line":78,"column":8},"end":{"line":78,"column":58}},"11":{"start":{"line":79,"column":8},"end":{"line":79,"column":20}},"12":{"start":{"line":86,"column":8},"end":{"line":86,"column":83}},"13":{"start":{"line":87,"column":8},"end":{"line":87,"column":85}},"14":{"start":{"line":89,"column":8},"end":{"line":89,"column":42}},"15":{"start":{"line":90,"column":8},"end":{"line":90,"column":101}},"16":{"start":{"line":97,"column":8},"end":{"line":97,"column":40}},"17":{"start":{"line":98,"column":8},"end":{"line":98,"column":64}},"18":{"start":{"line":100,"column":8},"end":{"line":100,"column":3397}},"19":{"start":{"line":105,"column":8},"end":{"line":105,"column":28}},"20":{"start":{"line":112,"column":8},"end":{"line":112,"column":82}},"21":{"start":{"line":113,"column":8},"end":{"line":113,"column":53}},"22":{"start":{"line":124,"column":8},"end":{"line":124,"column":82}},"23":{"start":{"line":125,"column":8},"end":{"line":125,"column":56}},"24":{"start":{"line":136,"column":8},"end":{"line":136,"column":82}},"25":{"start":{"line":137,"column":8},"end":{"line":137,"column":46}},"26":{"start":{"line":144,"column":8},"end":{"line":144,"column":53}},"27":{"start":{"line":151,"column":8},"end":{"line":151,"column":53}},"28":{"start":{"line":165,"column":8},"end":{"line":165,"column":45}},"29":{"start":{"line":165,"column":31},"end":{"line":165,"column":44}},"30":{"start":{"line":166,"column":8},"end":{"line":166,"column":54}},"31":{"start":{"line":167,"column":8},"end":{"line":167,"column":25}},"32":{"start":{"line":181,"column":8},"end":{"line":181,"column":45}},"33":{"start":{"line":181,"column":31},"end":{"line":181,"column":44}},"34":{"start":{"line":182,"column":8},"end":{"line":182,"column":54}},"35":{"start":{"line":183,"column":8},"end":{"line":183,"column":29}},"36":{"start":{"line":187,"column":8},"end":{"line":187,"column":39}},"37":{"start":{"line":191,"column":8},"end":{"line":191,"column":31}},"38":{"start":{"line":195,"column":8},"end":{"line":195,"column":74}},"39":{"start":{"line":199,"column":8},"end":{"line":199,"column":23}}},"branchMap":{"1":{"line":77,"type":"if","locations":[{"start":{"line":77,"column":8},"end":{"line":77,"column":8}},{"start":{"line":77,"column":8},"end":{"line":77,"column":8}}]},"2":{"line":86,"type":"if","locations":[{"start":{"line":86,"column":8},"end":{"line":86,"column":8}},{"start":{"line":86,"column":8},"end":{"line":86,"column":8}}]},"3":{"line":87,"type":"if","locations":[{"start":{"line":87,"column":8},"end":{"line":87,"column":8}},{"start":{"line":87,"column":8},"end":{"line":87,"column":8}}]},"4":{"line":98,"type":"if","locations":[{"start":{"line":98,"column":8},"end":{"line":98,"column":8}},{"start":{"line":98,"column":8},"end":{"line":98,"column":8}}]},"5":{"line":100,"type":"if","locations":[{"start":{"line":100,"column":8},"end":{"line":100,"column":8}},{"start":{"line":100,"column":8},"end":{"line":100,"column":8}}]},"6":{"line":112,"type":"if","locations":[{"start":{"line":112,"column":8},"end":{"line":112,"column":8}},{"start":{"line":112,"column":8},"end":{"line":112,"column":8}}]},"7":{"line":124,"type":"if","locations":[{"start":{"line":124,"column":8},"end":{"line":124,"column":8}},{"start":{"line":124,"column":8},"end":{"line":124,"column":8}}]},"8":{"line":136,"type":"if","locations":[{"start":{"line":136,"column":8},"end":{"line":136,"column":8}},{"start":{"line":136,"column":8},"end":{"line":136,"column":8}}]},"9":{"line":165,"type":"if","locations":[{"start":{"line":165,"column":8},"end":{"line":165,"column":8}},{"start":{"line":165,"column":8},"end":{"line":165,"column":8}}]},"10":{"line":181,"type":"if","locations":[{"start":{"line":181,"column":8},"end":{"line":181,"column":8}},{"start":{"line":181,"column":8},"end":{"line":181,"column":8}}]}}},"contracts/finance/AuctionLib.sol":{"l":{},"path":"/home/VulcanLinkProjects/contracts/packages/owlprotocol-contracts/contracts/finance/AuctionLib.sol","s":{},"b":{},"f":{},"fnMap":{},"statementMap":{},"branchMap":{}},"contracts/finance/DutchAuction.sol":{"l":{"70":0,"98":0,"124":0,"150":0,"151":0,"177":0,"178":0,"180":0,"182":0,"183":0,"184":0,"185":0,"186":0,"187":0,"188":0,"189":0,"192":0,"195":0,"196":0,"199":0,"206":0,"223":0,"224":0,"225":0,"228":0,"229":0,"231":0,"233":0,"243":0,"244":0,"246":0,"248":0,"254":0,"261":0,"262":0,"264":0,"272":0,"274":0,"282":0,"284":0,"285":0,"287":0,"295":0,"312":0,"321":0,"328":0,"332":0,"336":0},"path":"/home/VulcanLinkProjects/contracts/packages/owlprotocol-contracts/contracts/finance/DutchAuction.sol","s":{"1":0,"2":0,"3":0,"4":0,"5":0,"6":0,"7":0,"8":0,"9":0,"10":0,"11":0,"12":0,"13":0,"14":0,"15":0,"16":0,"17":0,"18":0,"19":0,"20":0,"21":0,"22":0,"23":0,"24":0,"25":0,"26":0,"27":0,"28":0,"29":0,"30":0,"31":0,"32":0,"33":0,"34":0,"35":0,"36":0,"37":0,"38":0,"39":0,"40":0,"41":0,"42":0,"43":0,"44":0,"45":0,"46":0,"47":0,"48":0,"49":0,"50":0,"51":0,"52":0},"b":{"1":[0,0],"2":[0,0],"3":[0,0],"4":[0,0],"5":[0,0],"6":[0,0],"7":[0,0],"8":[0,0],"9":[0,0],"10":[0,0],"11":[0,0],"12":[0,0]},"f":{"1":0,"2":0,"3":0,"4":0,"5":0,"6":0,"7":0,"8":0,"9":0,"10":0,"11":0,"12":0,"13":0,"14":0},"fnMap":{"1":{"name":"constructor","line":69,"loc":{"start":{"line":69,"column":4},"end":{"line":71,"column":4}}},"2":{"name":"initialize","line":97,"loc":{"start":{"line":86,"column":4},"end":{"line":110,"column":4}}},"3":{"name":"proxyInitialize","line":123,"loc":{"start":{"line":112,"column":4},"end":{"line":136,"column":4}}},"4":{"name":"__DutchAuction_init","line":149,"loc":{"start":{"line":138,"column":4},"end":{"line":163,"column":4}}},"5":{"name":"__DutchAuction_init_unchained","line":176,"loc":{"start":{"line":165,"column":4},"end":{"line":207,"column":4}}},"6":{"name":"getCurrentPrice","line":221,"loc":{"start":{"line":221,"column":4},"end":{"line":236,"column":4}}},"7":{"name":"bid","line":242,"loc":{"start":{"line":242,"column":4},"end":{"line":275,"column":4}}},"8":{"name":"claim","line":280,"loc":{"start":{"line":280,"column":4},"end":{"line":296,"column":4}}},"9":{"name":"_authorizeUpgrade","line":306,"loc":{"start":{"line":306,"column":4},"end":{"line":306,"column":69}}},"10":{"name":"getImplementation","line":311,"loc":{"start":{"line":311,"column":4},"end":{"line":313,"column":4}}},"11":{"name":"supportsInterface","line":320,"loc":{"start":{"line":320,"column":4},"end":{"line":322,"column":4}}},"12":{"name":"_msgSender","line":327,"loc":{"start":{"line":327,"column":4},"end":{"line":329,"column":4}}},"13":{"name":"_msgData","line":331,"loc":{"start":{"line":331,"column":4},"end":{"line":333,"column":4}}},"14":{"name":"versionRecipient","line":335,"loc":{"start":{"line":335,"column":4},"end":{"line":337,"column":4}}}},"statementMap":{"1":{"start":{"line":70,"column":8},"end":{"line":70,"column":29}},"2":{"start":{"line":98,"column":8},"end":{"line":98,"column":4010}},"3":{"start":{"line":124,"column":8},"end":{"line":124,"column":4698}},"4":{"start":{"line":150,"column":8},"end":{"line":150,"column":34}},"5":{"start":{"line":151,"column":8},"end":{"line":151,"column":5427}},"6":{"start":{"line":177,"column":8},"end":{"line":177,"column":99}},"7":{"start":{"line":178,"column":8},"end":{"line":178,"column":21}},"8":{"start":{"line":180,"column":8},"end":{"line":180,"column":45}},"9":{"start":{"line":182,"column":8},"end":{"line":182,"column":23}},"10":{"start":{"line":183,"column":8},"end":{"line":183,"column":41}},"11":{"start":{"line":184,"column":8},"end":{"line":184,"column":31}},"12":{"start":{"line":185,"column":8},"end":{"line":185,"column":27}},"13":{"start":{"line":186,"column":8},"end":{"line":186,"column":33}},"14":{"start":{"line":187,"column":8},"end":{"line":187,"column":23}},"15":{"start":{"line":188,"column":8},"end":{"line":188,"column":25}},"16":{"start":{"line":189,"column":8},"end":{"line":189,"column":39}},"17":{"start":{"line":192,"column":8},"end":{"line":192,"column":39}},"18":{"start":{"line":195,"column":8},"end":{"line":195,"column":6720}},"19":{"start":{"line":196,"column":12},"end":{"line":196,"column":102}},"20":{"start":{"line":197,"column":13},"end":{"line":197,"column":6887}},"21":{"start":{"line":199,"column":12},"end":{"line":199,"column":6984}},"22":{"start":{"line":206,"column":8},"end":{"line":206,"column":34}},"23":{"start":{"line":223,"column":8},"end":{"line":223,"column":82}},"24":{"start":{"line":223,"column":60},"end":{"line":223,"column":82}},"25":{"start":{"line":224,"column":8},"end":{"line":224,"column":7680}},"26":{"start":{"line":225,"column":12},"end":{"line":225,"column":7716}},"27":{"start":{"line":228,"column":12},"end":{"line":228,"column":60}},"28":{"start":{"line":229,"column":12},"end":{"line":229,"column":119}},"29":{"start":{"line":231,"column":12},"end":{"line":231,"column":94}},"30":{"start":{"line":233,"column":8},"end":{"line":233,"column":8267}},"31":{"start":{"line":243,"column":8},"end":{"line":243,"column":84}},"32":{"start":{"line":244,"column":8},"end":{"line":244,"column":81}},"33":{"start":{"line":246,"column":8},"end":{"line":246,"column":44}},"34":{"start":{"line":248,"column":8},"end":{"line":248,"column":8729}},"35":{"start":{"line":254,"column":8},"end":{"line":254,"column":8928}},"36":{"start":{"line":261,"column":8},"end":{"line":261,"column":9136}},"37":{"start":{"line":262,"column":12},"end":{"line":262,"column":110}},"38":{"start":{"line":263,"column":13},"end":{"line":263,"column":9310}},"39":{"start":{"line":264,"column":12},"end":{"line":264,"column":9370}},"40":{"start":{"line":272,"column":8},"end":{"line":272,"column":22}},"41":{"start":{"line":274,"column":8},"end":{"line":274,"column":40}},"42":{"start":{"line":282,"column":8},"end":{"line":282,"column":117}},"43":{"start":{"line":284,"column":8},"end":{"line":284,"column":9982}},"44":{"start":{"line":285,"column":12},"end":{"line":285,"column":104}},"45":{"start":{"line":286,"column":13},"end":{"line":286,"column":10150}},"46":{"start":{"line":287,"column":12},"end":{"line":287,"column":10210}},"47":{"start":{"line":295,"column":8},"end":{"line":295,"column":61}},"48":{"start":{"line":312,"column":8},"end":{"line":312,"column":35}},"49":{"start":{"line":321,"column":8},"end":{"line":321,"column":79}},"50":{"start":{"line":328,"column":8},"end":{"line":328,"column":47}},"51":{"start":{"line":332,"column":8},"end":{"line":332,"column":44}},"52":{"start":{"line":336,"column":8},"end":{"line":336,"column":22}}},"branchMap":{"1":{"line":177,"type":"if","locations":[{"start":{"line":177,"column":8},"end":{"line":177,"column":8}},{"start":{"line":177,"column":8},"end":{"line":177,"column":8}}]},"2":{"line":195,"type":"if","locations":[{"start":{"line":195,"column":8},"end":{"line":195,"column":8}},{"start":{"line":195,"column":8},"end":{"line":195,"column":8}}]},"3":{"line":197,"type":"if","locations":[{"start":{"line":197,"column":13},"end":{"line":197,"column":13}},{"start":{"line":197,"column":13},"end":{"line":197,"column":13}}]},"4":{"line":223,"type":"if","locations":[{"start":{"line":223,"column":8},"end":{"line":223,"column":8}},{"start":{"line":223,"column":8},"end":{"line":223,"column":8}}]},"5":{"line":224,"type":"if","locations":[{"start":{"line":224,"column":8},"end":{"line":224,"column":8}},{"start":{"line":224,"column":8},"end":{"line":224,"column":8}}]},"6":{"line":243,"type":"if","locations":[{"start":{"line":243,"column":8},"end":{"line":243,"column":8}},{"start":{"line":243,"column":8},"end":{"line":243,"column":8}}]},"7":{"line":244,"type":"if","locations":[{"start":{"line":244,"column":8},"end":{"line":244,"column":8}},{"start":{"line":244,"column":8},"end":{"line":244,"column":8}}]},"8":{"line":261,"type":"if","locations":[{"start":{"line":261,"column":8},"end":{"line":261,"column":8}},{"start":{"line":261,"column":8},"end":{"line":261,"column":8}}]},"9":{"line":263,"type":"if","locations":[{"start":{"line":263,"column":13},"end":{"line":263,"column":13}},{"start":{"line":263,"column":13},"end":{"line":263,"column":13}}]},"10":{"line":282,"type":"if","locations":[{"start":{"line":282,"column":8},"end":{"line":282,"column":8}},{"start":{"line":282,"column":8},"end":{"line":282,"column":8}}]},"11":{"line":284,"type":"if","locations":[{"start":{"line":284,"column":8},"end":{"line":284,"column":8}},{"start":{"line":284,"column":8},"end":{"line":284,"column":8}}]},"12":{"line":286,"type":"if","locations":[{"start":{"line":286,"column":13},"end":{"line":286,"column":13}},{"start":{"line":286,"column":13},"end":{"line":286,"column":13}}]}}},"contracts/finance/EnglishAuction.sol":{"l":{"71":0,"97":0,"121":0,"145":0,"146":0,"170":0,"171":0,"173":0,"175":0,"176":0,"177":0,"178":0,"179":0,"180":0,"183":0,"186":0,"187":0,"190":0,"209":0,"211":0,"212":0,"214":0,"222":0,"223":0,"224":0,"226":0,"227":0,"228":0,"230":0,"238":0,"240":0,"249":0,"251":0,"252":0,"254":0,"256":0,"264":0,"265":0,"266":0,"268":0,"269":0,"270":0,"272":0,"277":0,"278":0,"280":0,"294":0,"295":0,"296":0,"297":0,"299":0,"300":0,"302":0,"320":0,"327":0,"328":0,"344":0,"353":0,"360":0,"364":0,"368":0},"path":"/home/VulcanLinkProjects/contracts/packages/owlprotocol-contracts/contracts/finance/EnglishAuction.sol","s":{"1":0,"2":0,"3":0,"4":0,"5":0,"6":0,"7":0,"8":0,"9":0,"10":0,"11":0,"12":0,"13":0,"14":0,"15":0,"16":0,"17":0,"18":0,"19":0,"20":0,"21":0,"22":0,"23":0,"24":0,"25":0,"26":0,"27":0,"28":0,"29":0,"30":0,"31":0,"32":0,"33":0,"34":0,"35":0,"36":0,"37":0,"38":0,"39":0,"40":0,"41":0,"42":0,"43":0,"44":0,"45":0,"46":0,"47":0,"48":0,"49":0,"50":0,"51":0,"52":0,"53":0,"54":0,"55":0,"56":0,"57":0,"58":0,"59":0,"60":0,"61":0,"62":0,"63":0,"64":0,"65":0,"66":0},"b":{"1":[0,0],"2":[0,0],"3":[0,0],"4":[0,0],"5":[0,0],"6":[0,0],"7":[0,0],"8":[0,0],"9":[0,0],"10":[0,0],"11":[0,0],"12":[0,0],"13":[0,0],"14":[0,0],"15":[0,0],"16":[0,0],"17":[0,0],"18":[0,0],"19":[0,0],"20":[0,0],"21":[0,0],"22":[0,0]},"f":{"1":0,"2":0,"3":0,"4":0,"5":0,"6":0,"7":0,"8":0,"9":0,"10":0,"11":0,"12":0,"13":0,"14":0,"15":0,"16":0,"17":0,"18":0},"fnMap":{"1":{"name":"constructor","line":70,"loc":{"start":{"line":70,"column":4},"end":{"line":72,"column":4}}},"2":{"name":"initialize","line":96,"loc":{"start":{"line":86,"column":4},"end":{"line":108,"column":4}}},"3":{"name":"proxyInitialize","line":120,"loc":{"start":{"line":110,"column":4},"end":{"line":132,"column":4}}},"4":{"name":"__EnglishAuction_init","line":144,"loc":{"start":{"line":134,"column":4},"end":{"line":157,"column":4}}},"5":{"name":"__EnglishAuction_init_unchained","line":169,"loc":{"start":{"line":159,"column":4},"end":{"line":197,"column":4}}},"6":{"name":"start","line":208,"loc":{"start":{"line":208,"column":4},"end":{"line":215,"column":4}}},"7":{"name":"bid","line":221,"loc":{"start":{"line":221,"column":4},"end":{"line":241,"column":4}}},"8":{"name":"withdraw","line":247,"loc":{"start":{"line":247,"column":4},"end":{"line":257,"column":4}}},"9":{"name":"ownerClaim","line":263,"loc":{"start":{"line":263,"column":4},"end":{"line":288,"column":4}}},"10":{"name":"winnerClaim","line":293,"loc":{"start":{"line":293,"column":4},"end":{"line":309,"column":4}}},"11":{"name":"getCurrentBid","line":318,"loc":{"start":{"line":318,"column":4},"end":{"line":321,"column":4}}},"12":{"name":"getRemainingTime","line":326,"loc":{"start":{"line":326,"column":4},"end":{"line":329,"column":4}}},"13":{"name":"_authorizeUpgrade","line":338,"loc":{"start":{"line":338,"column":4},"end":{"line":338,"column":69}}},"14":{"name":"getImplementation","line":343,"loc":{"start":{"line":343,"column":4},"end":{"line":345,"column":4}}},"15":{"name":"supportsInterface","line":352,"loc":{"start":{"line":352,"column":4},"end":{"line":354,"column":4}}},"16":{"name":"_msgSender","line":359,"loc":{"start":{"line":359,"column":4},"end":{"line":361,"column":4}}},"17":{"name":"_msgData","line":363,"loc":{"start":{"line":363,"column":4},"end":{"line":365,"column":4}}},"18":{"name":"versionRecipient","line":367,"loc":{"start":{"line":367,"column":4},"end":{"line":369,"column":4}}}},"statementMap":{"1":{"start":{"line":71,"column":8},"end":{"line":71,"column":29}},"2":{"start":{"line":97,"column":8},"end":{"line":97,"column":4001}},"3":{"start":{"line":121,"column":8},"end":{"line":121,"column":4640}},"4":{"start":{"line":145,"column":8},"end":{"line":145,"column":34}},"5":{"start":{"line":146,"column":8},"end":{"line":146,"column":5322}},"6":{"start":{"line":170,"column":8},"end":{"line":170,"column":87}},"7":{"start":{"line":171,"column":8},"end":{"line":171,"column":21}},"8":{"start":{"line":173,"column":8},"end":{"line":173,"column":45}},"9":{"start":{"line":175,"column":8},"end":{"line":175,"column":23}},"10":{"start":{"line":176,"column":8},"end":{"line":176,"column":41}},"11":{"start":{"line":177,"column":8},"end":{"line":177,"column":31}},"12":{"start":{"line":178,"column":8},"end":{"line":178,"column":29}},"13":{"start":{"line":179,"column":8},"end":{"line":179,"column":25}},"14":{"start":{"line":180,"column":8},"end":{"line":180,"column":39}},"15":{"start":{"line":183,"column":8},"end":{"line":183,"column":39}},"16":{"start":{"line":186,"column":8},"end":{"line":186,"column":6498}},"17":{"start":{"line":187,"column":12},"end":{"line":187,"column":100}},"18":{"start":{"line":188,"column":13},"end":{"line":188,"column":6662}},"19":{"start":{"line":190,"column":12},"end":{"line":190,"column":6758}},"20":{"start":{"line":209,"column":8},"end":{"line":209,"column":51}},"21":{"start":{"line":211,"column":8},"end":{"line":211,"column":21}},"22":{"start":{"line":212,"column":8},"end":{"line":212,"column":60}},"23":{"start":{"line":214,"column":8},"end":{"line":214,"column":35}},"24":{"start":{"line":222,"column":8},"end":{"line":222,"column":54}},"25":{"start":{"line":223,"column":8},"end":{"line":223,"column":64}},"26":{"start":{"line":224,"column":8},"end":{"line":224,"column":80}},"27":{"start":{"line":226,"column":8},"end":{"line":226,"column":35}},"28":{"start":{"line":227,"column":8},"end":{"line":227,"column":44}},"29":{"start":{"line":228,"column":8},"end":{"line":228,"column":56}},"30":{"start":{"line":230,"column":8},"end":{"line":230,"column":8007}},"31":{"start":{"line":238,"column":8},"end":{"line":238,"column":98}},"32":{"start":{"line":238,"column":49},"end":{"line":238,"column":97}},"33":{"start":{"line":240,"column":8},"end":{"line":240,"column":38}},"34":{"start":{"line":249,"column":8},"end":{"line":249,"column":100}},"35":{"start":{"line":251,"column":8},"end":{"line":251,"column":40}},"36":{"start":{"line":252,"column":8},"end":{"line":252,"column":29}},"37":{"start":{"line":254,"column":8},"end":{"line":254,"column":69}},"38":{"start":{"line":256,"column":8},"end":{"line":256,"column":40}},"39":{"start":{"line":264,"column":8},"end":{"line":264,"column":54}},"40":{"start":{"line":265,"column":8},"end":{"line":265,"column":69}},"41":{"start":{"line":266,"column":8},"end":{"line":266,"column":74}},"42":{"start":{"line":268,"column":8},"end":{"line":268,"column":26}},"43":{"start":{"line":269,"column":8},"end":{"line":269,"column":9322}},"44":{"start":{"line":270,"column":12},"end":{"line":270,"column":109}},"45":{"start":{"line":272,"column":12},"end":{"line":272,"column":9486}},"46":{"start":{"line":277,"column":12},"end":{"line":277,"column":9680}},"47":{"start":{"line":278,"column":16},"end":{"line":278,"column":108}},"48":{"start":{"line":279,"column":17},"end":{"line":279,"column":9856}},"49":{"start":{"line":280,"column":16},"end":{"line":280,"column":9920}},"50":{"start":{"line":294,"column":8},"end":{"line":294,"column":54}},"51":{"start":{"line":295,"column":8},"end":{"line":295,"column":69}},"52":{"start":{"line":296,"column":8},"end":{"line":296,"column":76}},"53":{"start":{"line":297,"column":8},"end":{"line":297,"column":106}},"54":{"start":{"line":299,"column":8},"end":{"line":299,"column":10677}},"55":{"start":{"line":300,"column":12},"end":{"line":300,"column":111}},"56":{"start":{"line":301,"column":13},"end":{"line":301,"column":10852}},"57":{"start":{"line":302,"column":12},"end":{"line":302,"column":10912}},"58":{"start":{"line":320,"column":8},"end":{"line":320,"column":34}},"59":{"start":{"line":327,"column":8},"end":{"line":327,"column":46}},"60":{"start":{"line":327,"column":38},"end":{"line":327,"column":46}},"61":{"start":{"line":328,"column":8},"end":{"line":328,"column":38}},"62":{"start":{"line":344,"column":8},"end":{"line":344,"column":35}},"63":{"start":{"line":353,"column":8},"end":{"line":353,"column":79}},"64":{"start":{"line":360,"column":8},"end":{"line":360,"column":47}},"65":{"start":{"line":364,"column":8},"end":{"line":364,"column":44}},"66":{"start":{"line":368,"column":8},"end":{"line":368,"column":22}}},"branchMap":{"1":{"line":170,"type":"if","locations":[{"start":{"line":170,"column":8},"end":{"line":170,"column":8}},{"start":{"line":170,"column":8},"end":{"line":170,"column":8}}]},"2":{"line":186,"type":"if","locations":[{"start":{"line":186,"column":8},"end":{"line":186,"column":8}},{"start":{"line":186,"column":8},"end":{"line":186,"column":8}}]},"3":{"line":188,"type":"if","locations":[{"start":{"line":188,"column":13},"end":{"line":188,"column":13}},{"start":{"line":188,"column":13},"end":{"line":188,"column":13}}]},"4":{"line":209,"type":"if","locations":[{"start":{"line":209,"column":8},"end":{"line":209,"column":8}},{"start":{"line":209,"column":8},"end":{"line":209,"column":8}}]},"5":{"line":222,"type":"if","locations":[{"start":{"line":222,"column":8},"end":{"line":222,"column":8}},{"start":{"line":222,"column":8},"end":{"line":222,"column":8}}]},"6":{"line":223,"type":"if","locations":[{"start":{"line":223,"column":8},"end":{"line":223,"column":8}},{"start":{"line":223,"column":8},"end":{"line":223,"column":8}}]},"7":{"line":224,"type":"if","locations":[{"start":{"line":224,"column":8},"end":{"line":224,"column":8}},{"start":{"line":224,"column":8},"end":{"line":224,"column":8}}]},"8":{"line":238,"type":"if","locations":[{"start":{"line":238,"column":8},"end":{"line":238,"column":8}},{"start":{"line":238,"column":8},"end":{"line":238,"column":8}}]},"9":{"line":249,"type":"if","locations":[{"start":{"line":249,"column":8},"end":{"line":249,"column":8}},{"start":{"line":249,"column":8},"end":{"line":249,"column":8}}]},"10":{"line":264,"type":"if","locations":[{"start":{"line":264,"column":8},"end":{"line":264,"column":8}},{"start":{"line":264,"column":8},"end":{"line":264,"column":8}}]},"11":{"line":265,"type":"if","locations":[{"start":{"line":265,"column":8},"end":{"line":265,"column":8}},{"start":{"line":265,"column":8},"end":{"line":265,"column":8}}]},"12":{"line":266,"type":"if","locations":[{"start":{"line":266,"column":8},"end":{"line":266,"column":8}},{"start":{"line":266,"column":8},"end":{"line":266,"column":8}}]},"13":{"line":269,"type":"if","locations":[{"start":{"line":269,"column":8},"end":{"line":269,"column":8}},{"start":{"line":269,"column":8},"end":{"line":269,"column":8}}]},"14":{"line":277,"type":"if","locations":[{"start":{"line":277,"column":12},"end":{"line":277,"column":12}},{"start":{"line":277,"column":12},"end":{"line":277,"column":12}}]},"15":{"line":279,"type":"if","locations":[{"start":{"line":279,"column":17},"end":{"line":279,"column":17}},{"start":{"line":279,"column":17},"end":{"line":279,"column":17}}]},"16":{"line":294,"type":"if","locations":[{"start":{"line":294,"column":8},"end":{"line":294,"column":8}},{"start":{"line":294,"column":8},"end":{"line":294,"column":8}}]},"17":{"line":295,"type":"if","locations":[{"start":{"line":295,"column":8},"end":{"line":295,"column":8}},{"start":{"line":295,"column":8},"end":{"line":295,"column":8}}]},"18":{"line":296,"type":"if","locations":[{"start":{"line":296,"column":8},"end":{"line":296,"column":8}},{"start":{"line":296,"column":8},"end":{"line":296,"column":8}}]},"19":{"line":297,"type":"if","locations":[{"start":{"line":297,"column":8},"end":{"line":297,"column":8}},{"start":{"line":297,"column":8},"end":{"line":297,"column":8}}]},"20":{"line":299,"type":"if","locations":[{"start":{"line":299,"column":8},"end":{"line":299,"column":8}},{"start":{"line":299,"column":8},"end":{"line":299,"column":8}}]},"21":{"line":301,"type":"if","locations":[{"start":{"line":301,"column":13},"end":{"line":301,"column":13}},{"start":{"line":301,"column":13},"end":{"line":301,"column":13}}]},"22":{"line":327,"type":"if","locations":[{"start":{"line":327,"column":8},"end":{"line":327,"column":8}},{"start":{"line":327,"column":8},"end":{"line":327,"column":8}}]}}},"contracts/finance/FixedPriceAuction.sol":{"l":{"68":0,"92":0,"114":0,"136":0,"137":0,"159":0,"160":0,"161":0,"162":0,"164":0,"166":0,"167":0,"168":0,"169":0,"170":0,"171":0,"174":0,"177":0,"178":0,"181":0,"200":0,"201":0,"203":0,"205":0,"211":0,"219":0,"220":0,"222":0,"231":0,"240":0,"244":0,"247":0,"248":0,"250":0,"259":0,"268":0,"277":0,"284":0,"288":0,"292":0},"path":"/home/VulcanLinkProjects/contracts/packages/owlprotocol-contracts/contracts/finance/FixedPriceAuction.sol","s":{"1":0,"2":0,"3":0,"4":0,"5":0,"6":0,"7":0,"8":0,"9":0,"10":0,"11":0,"12":0,"13":0,"14":0,"15":0,"16":0,"17":0,"18":0,"19":0,"20":0,"21":0,"22":0,"23":0,"24":0,"25":0,"26":0,"27":0,"28":0,"29":0,"30":0,"31":0,"32":0,"33":0,"34":0,"35":0,"36":0,"37":0,"38":0,"39":0,"40":0,"41":0,"42":0,"43":0},"b":{"1":[0,0],"2":[0,0],"3":[0,0],"4":[0,0],"5":[0,0],"6":[0,0],"7":[0,0],"8":[0,0],"9":[0,0],"10":[0,0],"11":[0,0],"12":[0,0]},"f":{"1":0,"2":0,"3":0,"4":0,"5":0,"6":0,"7":0,"8":0,"9":0,"10":0,"11":0,"12":0,"13":0},"fnMap":{"1":{"name":"constructor","line":67,"loc":{"start":{"line":67,"column":4},"end":{"line":69,"column":4}}},"2":{"name":"initialize","line":91,"loc":{"start":{"line":82,"column":4},"end":{"line":102,"column":4}}},"3":{"name":"proxyInitialize","line":113,"loc":{"start":{"line":104,"column":4},"end":{"line":124,"column":4}}},"4":{"name":"__FixedPriceAuction_init","line":135,"loc":{"start":{"line":126,"column":4},"end":{"line":147,"column":4}}},"5":{"name":"__FixedPriceAuction_init_unchained","line":158,"loc":{"start":{"line":149,"column":4},"end":{"line":189,"column":4}}},"6":{"name":"buy","line":198,"loc":{"start":{"line":198,"column":4},"end":{"line":232,"column":4}}},"7":{"name":"claim","line":238,"loc":{"start":{"line":238,"column":4},"end":{"line":260,"column":4}}},"8":{"name":"_authorizeUpgrade","line":265,"loc":{"start":{"line":265,"column":4},"end":{"line":265,"column":69}}},"9":{"name":"getImplementation","line":267,"loc":{"start":{"line":267,"column":4},"end":{"line":269,"column":4}}},"10":{"name":"supportsInterface","line":276,"loc":{"start":{"line":276,"column":4},"end":{"line":278,"column":4}}},"11":{"name":"_msgSender","line":283,"loc":{"start":{"line":283,"column":4},"end":{"line":285,"column":4}}},"12":{"name":"_msgData","line":287,"loc":{"start":{"line":287,"column":4},"end":{"line":289,"column":4}}},"13":{"name":"versionRecipient","line":291,"loc":{"start":{"line":291,"column":4},"end":{"line":293,"column":4}}}},"statementMap":{"1":{"start":{"line":68,"column":8},"end":{"line":68,"column":29}},"2":{"start":{"line":92,"column":8},"end":{"line":92,"column":3659}},"3":{"start":{"line":114,"column":8},"end":{"line":114,"column":4239}},"4":{"start":{"line":136,"column":8},"end":{"line":136,"column":34}},"5":{"start":{"line":137,"column":8},"end":{"line":137,"column":4865}},"6":{"start":{"line":159,"column":8},"end":{"line":159,"column":104}},"7":{"start":{"line":160,"column":8},"end":{"line":160,"column":97}},"8":{"start":{"line":161,"column":8},"end":{"line":161,"column":21}},"9":{"start":{"line":162,"column":8},"end":{"line":162,"column":34}},"10":{"start":{"line":164,"column":8},"end":{"line":164,"column":45}},"11":{"start":{"line":166,"column":8},"end":{"line":166,"column":23}},"12":{"start":{"line":167,"column":8},"end":{"line":167,"column":41}},"13":{"start":{"line":168,"column":8},"end":{"line":168,"column":21}},"14":{"start":{"line":169,"column":8},"end":{"line":169,"column":23}},"15":{"start":{"line":170,"column":8},"end":{"line":170,"column":25}},"16":{"start":{"line":171,"column":8},"end":{"line":171,"column":39}},"17":{"start":{"line":174,"column":8},"end":{"line":174,"column":39}},"18":{"start":{"line":177,"column":8},"end":{"line":177,"column":6116}},"19":{"start":{"line":178,"column":12},"end":{"line":178,"column":102}},"20":{"start":{"line":179,"column":13},"end":{"line":179,"column":6283}},"21":{"start":{"line":181,"column":12},"end":{"line":181,"column":6387}},"22":{"start":{"line":200,"column":8},"end":{"line":200,"column":89}},"23":{"start":{"line":201,"column":8},"end":{"line":201,"column":86}},"24":{"start":{"line":203,"column":8},"end":{"line":203,"column":22}},"25":{"start":{"line":205,"column":8},"end":{"line":205,"column":7061}},"26":{"start":{"line":211,"column":8},"end":{"line":211,"column":7257}},"27":{"start":{"line":219,"column":8},"end":{"line":219,"column":7488}},"28":{"start":{"line":220,"column":12},"end":{"line":220,"column":110}},"29":{"start":{"line":221,"column":13},"end":{"line":221,"column":7662}},"30":{"start":{"line":222,"column":12},"end":{"line":222,"column":7729}},"31":{"start":{"line":231,"column":8},"end":{"line":231,"column":37}},"32":{"start":{"line":240,"column":8},"end":{"line":240,"column":8230}},"33":{"start":{"line":244,"column":8},"end":{"line":244,"column":98}},"34":{"start":{"line":247,"column":8},"end":{"line":247,"column":8530}},"35":{"start":{"line":248,"column":12},"end":{"line":248,"column":104}},"36":{"start":{"line":249,"column":13},"end":{"line":249,"column":8698}},"37":{"start":{"line":250,"column":12},"end":{"line":250,"column":8765}},"38":{"start":{"line":259,"column":8},"end":{"line":259,"column":61}},"39":{"start":{"line":268,"column":8},"end":{"line":268,"column":35}},"40":{"start":{"line":277,"column":8},"end":{"line":277,"column":79}},"41":{"start":{"line":284,"column":8},"end":{"line":284,"column":47}},"42":{"start":{"line":288,"column":8},"end":{"line":288,"column":44}},"43":{"start":{"line":292,"column":8},"end":{"line":292,"column":22}}},"branchMap":{"1":{"line":159,"type":"if","locations":[{"start":{"line":159,"column":8},"end":{"line":159,"column":8}},{"start":{"line":159,"column":8},"end":{"line":159,"column":8}}]},"2":{"line":160,"type":"if","locations":[{"start":{"line":160,"column":8},"end":{"line":160,"column":8}},{"start":{"line":160,"column":8},"end":{"line":160,"column":8}}]},"3":{"line":177,"type":"if","locations":[{"start":{"line":177,"column":8},"end":{"line":177,"column":8}},{"start":{"line":177,"column":8},"end":{"line":177,"column":8}}]},"4":{"line":179,"type":"if","locations":[{"start":{"line":179,"column":13},"end":{"line":179,"column":13}},{"start":{"line":179,"column":13},"end":{"line":179,"column":13}}]},"5":{"line":200,"type":"if","locations":[{"start":{"line":200,"column":8},"end":{"line":200,"column":8}},{"start":{"line":200,"column":8},"end":{"line":200,"column":8}}]},"6":{"line":201,"type":"if","locations":[{"start":{"line":201,"column":8},"end":{"line":201,"column":8}},{"start":{"line":201,"column":8},"end":{"line":201,"column":8}}]},"7":{"line":219,"type":"if","locations":[{"start":{"line":219,"column":8},"end":{"line":219,"column":8}},{"start":{"line":219,"column":8},"end":{"line":219,"column":8}}]},"8":{"line":221,"type":"if","locations":[{"start":{"line":221,"column":13},"end":{"line":221,"column":13}},{"start":{"line":221,"column":13},"end":{"line":221,"column":13}}]},"9":{"line":240,"type":"if","locations":[{"start":{"line":240,"column":8},"end":{"line":240,"column":8}},{"start":{"line":240,"column":8},"end":{"line":240,"column":8}}]},"10":{"line":244,"type":"if","locations":[{"start":{"line":244,"column":8},"end":{"line":244,"column":8}},{"start":{"line":244,"column":8},"end":{"line":244,"column":8}}]},"11":{"line":247,"type":"if","locations":[{"start":{"line":247,"column":8},"end":{"line":247,"column":8}},{"start":{"line":247,"column":8},"end":{"line":247,"column":8}}]},"12":{"line":249,"type":"if","locations":[{"start":{"line":249,"column":13},"end":{"line":249,"column":13}},{"start":{"line":249,"column":13},"end":{"line":249,"column":13}}]}}},"contracts/plugins/Crafter/builds/CrafterMint.sol":{"l":{"76":3,"95":12,"106":0,"117":12,"118":12,"119":12,"121":12,"122":12,"132":12,"134":12,"136":12,"138":12,"141":12,"143":12,"144":12,"153":0,"164":12,"171":12,"194":27,"196":27,"219":27,"221":27,"235":4,"246":16,"248":16,"250":16,"251":24,"252":24,"254":8,"258":8,"259":8,"264":8,"266":8,"271":16,"272":16,"282":4,"283":4,"286":4,"288":4,"289":6,"290":6,"292":2,"296":4,"300":7,"308":0,"323":7,"324":7,"327":7,"330":7,"333":7,"334":9,"335":9,"337":3,"339":3,"347":0,"355":3,"356":3,"357":3,"359":3,"360":3,"368":0,"369":0,"373":0,"374":0,"378":0,"381":3,"384":3,"386":3,"387":3,"388":3,"390":3,"399":0,"400":0,"401":0,"402":0,"403":0,"406":0,"410":0,"411":0,"417":7,"418":9,"419":9,"421":3,"424":3,"425":3,"431":3,"435":3,"436":3,"437":3,"439":3,"443":7,"450":27,"454":0,"458":0,"464":0,"479":0},"path":"/home/VulcanLinkProjects/contracts/packages/owlprotocol-contracts/contracts/plugins/Crafter/builds/CrafterMint.sol","s":{"1":3,"2":12,"3":0,"4":12,"5":12,"6":12,"7":12,"8":12,"9":12,"10":12,"11":12,"12":12,"13":12,"14":12,"15":12,"16":12,"17":0,"18":12,"19":12,"20":27,"21":27,"22":27,"23":27,"24":4,"25":16,"26":16,"27":16,"28":24,"29":24,"30":8,"31":8,"32":8,"33":8,"34":8,"35":16,"36":16,"37":4,"38":4,"39":4,"40":4,"41":6,"42":6,"43":2,"44":2,"45":4,"46":7,"47":0,"48":7,"49":7,"50":7,"51":7,"52":7,"53":9,"54":9,"55":3,"56":3,"57":0,"58":0,"59":6,"60":3,"61":3,"62":3,"63":3,"64":3,"65":0,"66":0,"67":0,"68":0,"69":0,"70":0,"71":3,"72":3,"73":3,"74":3,"75":3,"76":3,"77":3,"78":0,"79":0,"80":0,"81":0,"82":0,"83":0,"84":0,"85":0,"86":0,"87":7,"88":9,"89":9,"90":3,"91":6,"92":3,"93":3,"94":3,"95":3,"96":3,"97":3,"98":3,"99":3,"100":7,"101":27,"102":0,"103":0,"104":0,"105":0},"b":{"1":[12,0],"2":[12,0],"3":[12,0],"4":[12,0],"5":[16,0],"6":[8,16],"7":[8,0],"8":[8,0],"9":[4,0],"10":[4,0],"11":[2,4],"12":[7,0],"13":[7,0],"14":[3,6],"15":[3,0],"16":[0,0],"17":[0,0],"18":[3,3],"19":[3,0],"20":[3,0],"21":[0,0],"22":[0,0],"23":[0,0],"24":[3,0],"25":[3,0],"26":[0,0],"27":[0,0],"28":[3,6],"29":[3,3],"30":[3,0]},"f":{"1":3,"2":12,"3":0,"4":12,"5":12,"6":0,"7":12,"8":12,"9":27,"10":27,"11":4,"12":16,"13":4,"14":7,"15":0,"16":7,"17":27,"18":0,"19":0,"20":0,"21":0,"22":0},"fnMap":{"1":{"name":"constructor","line":75,"loc":{"start":{"line":75,"column":4},"end":{"line":77,"column":4}}},"2":{"name":"initialize","line":94,"loc":{"start":{"line":87,"column":4},"end":{"line":96,"column":4}}},"3":{"name":"proxyInitialize","line":105,"loc":{"start":{"line":98,"column":4},"end":{"line":107,"column":4}}},"4":{"name":"__CrafterMint_init","line":116,"loc":{"start":{"line":109,"column":4},"end":{"line":123,"column":4}}},"5":{"name":"__CrafterMint_init_unchained","line":131,"loc":{"start":{"line":125,"column":4},"end":{"line":145,"column":4}}},"6":{"name":"grantRouter","line":152,"loc":{"start":{"line":152,"column":4},"end":{"line":154,"column":4}}},"7":{"name":"getInputs","line":163,"loc":{"start":{"line":163,"column":4},"end":{"line":165,"column":4}}},"8":{"name":"getOutputs","line":170,"loc":{"start":{"line":170,"column":4},"end":{"line":172,"column":4}}},"9":{"name":"getInputIngredient","line":183,"loc":{"start":{"line":183,"column":4},"end":{"line":197,"column":4}}},"10":{"name":"getOutputIngredient","line":208,"loc":{"start":{"line":208,"column":4},"end":{"line":222,"column":4}}},"11":{"name":"deposit","line":234,"loc":{"start":{"line":234,"column":4},"end":{"line":236,"column":4}}},"12":{"name":"_deposit","line":244,"loc":{"start":{"line":244,"column":4},"end":{"line":273,"column":4}}},"13":{"name":"withdraw","line":280,"loc":{"start":{"line":280,"column":4},"end":{"line":297,"column":4}}},"14":{"name":"craft","line":299,"loc":{"start":{"line":299,"column":4},"end":{"line":301,"column":4}}},"15":{"name":"craft","line":307,"loc":{"start":{"line":303,"column":4},"end":{"line":309,"column":4}}},"16":{"name":"_craft","line":317,"loc":{"start":{"line":317,"column":4},"end":{"line":444,"column":4}}},"17":{"name":"_msgSender","line":449,"loc":{"start":{"line":449,"column":4},"end":{"line":451,"column":4}}},"18":{"name":"_msgData","line":453,"loc":{"start":{"line":453,"column":4},"end":{"line":455,"column":4}}},"19":{"name":"versionRecipient","line":457,"loc":{"start":{"line":457,"column":4},"end":{"line":459,"column":4}}},"20":{"name":"_authorizeUpgrade","line":461,"loc":{"start":{"line":461,"column":4},"end":{"line":461,"column":69}}},"21":{"name":"getImplementation","line":463,"loc":{"start":{"line":463,"column":4},"end":{"line":465,"column":4}}},"22":{"name":"supportsInterface","line":472,"loc":{"start":{"line":472,"column":4},"end":{"line":480,"column":4}}}},"statementMap":{"1":{"start":{"line":76,"column":8},"end":{"line":76,"column":29}},"2":{"start":{"line":95,"column":8},"end":{"line":95,"column":96}},"3":{"start":{"line":106,"column":8},"end":{"line":106,"column":96}},"4":{"start":{"line":117,"column":8},"end":{"line":117,"column":85}},"5":{"start":{"line":118,"column":8},"end":{"line":118,"column":82}},"6":{"start":{"line":119,"column":8},"end":{"line":119,"column":84}},"7":{"start":{"line":121,"column":8},"end":{"line":121,"column":33}},"8":{"start":{"line":122,"column":8},"end":{"line":122,"column":98}},"9":{"start":{"line":132,"column":8},"end":{"line":132,"column":33}},"10":{"start":{"line":134,"column":8},"end":{"line":134,"column":55}},"11":{"start":{"line":136,"column":8},"end":{"line":136,"column":94}},"12":{"start":{"line":138,"column":8},"end":{"line":138,"column":116}},"13":{"start":{"line":141,"column":8},"end":{"line":141,"column":39}},"14":{"start":{"line":143,"column":8},"end":{"line":143,"column":79}},"15":{"start":{"line":143,"column":34},"end":{"line":143,"column":78}},"16":{"start":{"line":144,"column":8},"end":{"line":144,"column":58}},"17":{"start":{"line":153,"column":8},"end":{"line":153,"column":34}},"18":{"start":{"line":164,"column":8},"end":{"line":164,"column":21}},"19":{"start":{"line":171,"column":8},"end":{"line":171,"column":22}},"20":{"start":{"line":194,"column":8},"end":{"line":194,"column":55}},"21":{"start":{"line":196,"column":8},"end":{"line":196,"column":81}},"22":{"start":{"line":219,"column":8},"end":{"line":219,"column":56}},"23":{"start":{"line":221,"column":8},"end":{"line":221,"column":81}},"24":{"start":{"line":235,"column":8},"end":{"line":235,"column":49}},"25":{"start":{"line":246,"column":8},"end":{"line":246,"column":76}},"26":{"start":{"line":248,"column":8},"end":{"line":248,"column":33}},"27":{"start":{"line":250,"column":8},"end":{"line":250,"column":8764}},"28":{"start":{"line":251,"column":12},"end":{"line":251,"column":65}},"29":{"start":{"line":252,"column":12},"end":{"line":252,"column":8894}},"30":{"start":{"line":254,"column":16},"end":{"line":254,"column":9003}},"31":{"start":{"line":258,"column":16},"end":{"line":258,"column":9185}},"32":{"start":{"line":259,"column":20},"end":{"line":259,"column":9281}},"33":{"start":{"line":264,"column":20},"end":{"line":264,"column":80}},"34":{"start":{"line":266,"column":16},"end":{"line":266,"column":33}},"35":{"start":{"line":271,"column":8},"end":{"line":271,"column":39}},"36":{"start":{"line":272,"column":8},"end":{"line":272,"column":42}},"37":{"start":{"line":282,"column":8},"end":{"line":282,"column":78}},"38":{"start":{"line":283,"column":8},"end":{"line":283,"column":87}},"39":{"start":{"line":286,"column":8},"end":{"line":286,"column":40}},"40":{"start":{"line":288,"column":8},"end":{"line":288,"column":10452}},"41":{"start":{"line":289,"column":12},"end":{"line":289,"column":65}},"42":{"start":{"line":290,"column":12},"end":{"line":290,"column":10582}},"43":{"start":{"line":292,"column":16},"end":{"line":292,"column":86}},"44":{"start":{"line":292,"column":61},"end":{"line":292,"column":85}},"45":{"start":{"line":296,"column":8},"end":{"line":296,"column":42}},"46":{"start":{"line":300,"column":8},"end":{"line":300,"column":57}},"47":{"start":{"line":308,"column":8},"end":{"line":308,"column":53}},"48":{"start":{"line":323,"column":8},"end":{"line":323,"column":72}},"49":{"start":{"line":324,"column":8},"end":{"line":324,"column":93}},"50":{"start":{"line":327,"column":8},"end":{"line":327,"column":37}},"51":{"start":{"line":330,"column":8},"end":{"line":330,"column":32}},"52":{"start":{"line":333,"column":8},"end":{"line":333,"column":11988}},"53":{"start":{"line":334,"column":12},"end":{"line":334,"column":64}},"54":{"start":{"line":335,"column":12},"end":{"line":335,"column":12116}},"55":{"start":{"line":337,"column":16},"end":{"line":337,"column":12214}},"56":{"start":{"line":339,"column":20},"end":{"line":339,"column":12344}},"57":{"start":{"line":345,"column":23},"end":{"line":345,"column":12624}},"58":{"start":{"line":347,"column":20},"end":{"line":347,"column":12755}},"59":{"start":{"line":353,"column":19},"end":{"line":353,"column":13049}},"60":{"start":{"line":355,"column":16},"end":{"line":355,"column":77}},"61":{"start":{"line":356,"column":16},"end":{"line":356,"column":108}},"62":{"start":{"line":357,"column":16},"end":{"line":357,"column":13339}},"63":{"start":{"line":359,"column":20},"end":{"line":359,"column":13470}},"64":{"start":{"line":360,"column":24},"end":{"line":360,"column":13550}},"65":{"start":{"line":366,"column":23},"end":{"line":366,"column":13799}},"66":{"start":{"line":368,"column":20},"end":{"line":368,"column":13926}},"67":{"start":{"line":369,"column":24},"end":{"line":369,"column":14006}},"68":{"start":{"line":373,"column":24},"end":{"line":373,"column":61}},"69":{"start":{"line":374,"column":24},"end":{"line":374,"column":14310}},"70":{"start":{"line":378,"column":24},"end":{"line":378,"column":84}},"71":{"start":{"line":381,"column":16},"end":{"line":381,"column":32}},"72":{"start":{"line":382,"column":19},"end":{"line":382,"column":14679}},"73":{"start":{"line":384,"column":16},"end":{"line":384,"column":14781}},"74":{"start":{"line":386,"column":20},"end":{"line":386,"column":87}},"75":{"start":{"line":387,"column":20},"end":{"line":387,"column":15002}},"76":{"start":{"line":388,"column":24},"end":{"line":388,"column":71}},"77":{"start":{"line":390,"column":20},"end":{"line":390,"column":15176}},"78":{"start":{"line":397,"column":23},"end":{"line":397,"column":15472}},"79":{"start":{"line":399,"column":20},"end":{"line":399,"column":87}},"80":{"start":{"line":400,"column":20},"end":{"line":400,"column":88}},"81":{"start":{"line":401,"column":20},"end":{"line":401,"column":15784}},"82":{"start":{"line":402,"column":24},"end":{"line":402,"column":71}},"83":{"start":{"line":403,"column":24},"end":{"line":403,"column":45}},"84":{"start":{"line":406,"column":20},"end":{"line":406,"column":16008}},"85":{"start":{"line":410,"column":20},"end":{"line":410,"column":16217}},"86":{"start":{"line":411,"column":24},"end":{"line":411,"column":112}},"87":{"start":{"line":417,"column":8},"end":{"line":417,"column":16441}},"88":{"start":{"line":418,"column":12},"end":{"line":418,"column":65}},"89":{"start":{"line":419,"column":12},"end":{"line":419,"column":16571}},"90":{"start":{"line":421,"column":16},"end":{"line":421,"column":100}},"91":{"start":{"line":422,"column":19},"end":{"line":422,"column":16780}},"92":{"start":{"line":424,"column":16},"end":{"line":424,"column":16900}},"93":{"start":{"line":425,"column":20},"end":{"line":425,"column":16968}},"94":{"start":{"line":431,"column":20},"end":{"line":431,"column":44}},"95":{"start":{"line":433,"column":19},"end":{"line":433,"column":17285}},"96":{"start":{"line":435,"column":16},"end":{"line":435,"column":83}},"97":{"start":{"line":436,"column":16},"end":{"line":436,"column":17481}},"98":{"start":{"line":437,"column":20},"end":{"line":437,"column":67}},"99":{"start":{"line":439,"column":16},"end":{"line":439,"column":114}},"100":{"start":{"line":443,"column":8},"end":{"line":443,"column":64}},"101":{"start":{"line":450,"column":8},"end":{"line":450,"column":47}},"102":{"start":{"line":454,"column":8},"end":{"line":454,"column":44}},"103":{"start":{"line":458,"column":8},"end":{"line":458,"column":22}},"104":{"start":{"line":464,"column":8},"end":{"line":464,"column":35}},"105":{"start":{"line":479,"column":8},"end":{"line":479,"column":79}}},"branchMap":{"1":{"line":117,"type":"if","locations":[{"start":{"line":117,"column":8},"end":{"line":117,"column":8}},{"start":{"line":117,"column":8},"end":{"line":117,"column":8}}]},"2":{"line":118,"type":"if","locations":[{"start":{"line":118,"column":8},"end":{"line":118,"column":8}},{"start":{"line":118,"column":8},"end":{"line":118,"column":8}}]},"3":{"line":119,"type":"if","locations":[{"start":{"line":119,"column":8},"end":{"line":119,"column":8}},{"start":{"line":119,"column":8},"end":{"line":119,"column":8}}]},"4":{"line":143,"type":"if","locations":[{"start":{"line":143,"column":8},"end":{"line":143,"column":8}},{"start":{"line":143,"column":8},"end":{"line":143,"column":8}}]},"5":{"line":246,"type":"if","locations":[{"start":{"line":246,"column":8},"end":{"line":246,"column":8}},{"start":{"line":246,"column":8},"end":{"line":246,"column":8}}]},"6":{"line":252,"type":"if","locations":[{"start":{"line":252,"column":12},"end":{"line":252,"column":12}},{"start":{"line":252,"column":12},"end":{"line":252,"column":12}}]},"7":{"line":254,"type":"if","locations":[{"start":{"line":254,"column":16},"end":{"line":254,"column":16}},{"start":{"line":254,"column":16},"end":{"line":254,"column":16}}]},"8":{"line":259,"type":"if","locations":[{"start":{"line":259,"column":20},"end":{"line":259,"column":20}},{"start":{"line":259,"column":20},"end":{"line":259,"column":20}}]},"9":{"line":282,"type":"if","locations":[{"start":{"line":282,"column":8},"end":{"line":282,"column":8}},{"start":{"line":282,"column":8},"end":{"line":282,"column":8}}]},"10":{"line":283,"type":"if","locations":[{"start":{"line":283,"column":8},"end":{"line":283,"column":8}},{"start":{"line":283,"column":8},"end":{"line":283,"column":8}}]},"11":{"line":290,"type":"if","locations":[{"start":{"line":290,"column":12},"end":{"line":290,"column":12}},{"start":{"line":290,"column":12},"end":{"line":290,"column":12}}]},"12":{"line":323,"type":"if","locations":[{"start":{"line":323,"column":8},"end":{"line":323,"column":8}},{"start":{"line":323,"column":8},"end":{"line":323,"column":8}}]},"13":{"line":324,"type":"if","locations":[{"start":{"line":324,"column":8},"end":{"line":324,"column":8}},{"start":{"line":324,"column":8},"end":{"line":324,"column":8}}]},"14":{"line":335,"type":"if","locations":[{"start":{"line":335,"column":12},"end":{"line":335,"column":12}},{"start":{"line":335,"column":12},"end":{"line":335,"column":12}}]},"15":{"line":337,"type":"if","locations":[{"start":{"line":337,"column":16},"end":{"line":337,"column":16}},{"start":{"line":337,"column":16},"end":{"line":337,"column":16}}]},"16":{"line":345,"type":"if","locations":[{"start":{"line":345,"column":23},"end":{"line":345,"column":23}},{"start":{"line":345,"column":23},"end":{"line":345,"column":23}}]},"17":{"line":347,"type":"if","locations":[{"start":{"line":347,"column":20},"end":{"line":347,"column":20}},{"start":{"line":347,"column":20},"end":{"line":347,"column":20}}]},"18":{"line":353,"type":"if","locations":[{"start":{"line":353,"column":19},"end":{"line":353,"column":19}},{"start":{"line":353,"column":19},"end":{"line":353,"column":19}}]},"19":{"line":356,"type":"if","locations":[{"start":{"line":356,"column":16},"end":{"line":356,"column":16}},{"start":{"line":356,"column":16},"end":{"line":356,"column":16}}]},"20":{"line":357,"type":"if","locations":[{"start":{"line":357,"column":16},"end":{"line":357,"column":16}},{"start":{"line":357,"column":16},"end":{"line":357,"column":16}}]},"21":{"line":366,"type":"if","locations":[{"start":{"line":366,"column":23},"end":{"line":366,"column":23}},{"start":{"line":366,"column":23},"end":{"line":366,"column":23}}]},"22":{"line":369,"type":"if","locations":[{"start":{"line":369,"column":24},"end":{"line":369,"column":24}},{"start":{"line":369,"column":24},"end":{"line":369,"column":24}}]},"23":{"line":374,"type":"if","locations":[{"start":{"line":374,"column":24},"end":{"line":374,"column":24}},{"start":{"line":374,"column":24},"end":{"line":374,"column":24}}]},"24":{"line":382,"type":"if","locations":[{"start":{"line":382,"column":19},"end":{"line":382,"column":19}},{"start":{"line":382,"column":19},"end":{"line":382,"column":19}}]},"25":{"line":384,"type":"if","locations":[{"start":{"line":384,"column":16},"end":{"line":384,"column":16}},{"start":{"line":384,"column":16},"end":{"line":384,"column":16}}]},"26":{"line":397,"type":"if","locations":[{"start":{"line":397,"column":23},"end":{"line":397,"column":23}},{"start":{"line":397,"column":23},"end":{"line":397,"column":23}}]},"27":{"line":411,"type":"if","locations":[{"start":{"line":411,"column":24},"end":{"line":411,"column":24}},{"start":{"line":411,"column":24},"end":{"line":411,"column":24}}]},"28":{"line":419,"type":"if","locations":[{"start":{"line":419,"column":12},"end":{"line":419,"column":12}},{"start":{"line":419,"column":12},"end":{"line":419,"column":12}}]},"29":{"line":422,"type":"if","locations":[{"start":{"line":422,"column":19},"end":{"line":422,"column":19}},{"start":{"line":422,"column":19},"end":{"line":422,"column":19}}]},"30":{"line":433,"type":"if","locations":[{"start":{"line":433,"column":19},"end":{"line":433,"column":19}},{"start":{"line":433,"column":19},"end":{"line":433,"column":19}}]}}},"contracts/plugins/Crafter/builds/CrafterTransfer.sol":{"l":{"71":6,"92":24,"103":0,"114":24,"115":24,"116":24,"118":24,"119":24,"130":24,"132":24,"134":24,"136":24,"139":24,"141":24,"142":24,"151":0,"162":24,"169":24,"192":54,"194":54,"217":54,"219":54,"233":8,"249":32,"251":32,"253":32,"254":48,"255":48,"257":16,"265":16,"269":16,"270":16,"276":16,"278":16,"281":16,"282":16,"283":16,"285":16,"296":32,"297":32,"307":8,"308":8,"311":8,"313":8,"314":12,"315":12,"317":4,"323":4,"324":4,"329":4,"333":4,"334":4,"335":4,"337":4,"347":8,"351":14,"359":0,"375":14,"376":14,"379":14,"382":14,"385":14,"386":18,"387":18,"389":6,"391":6,"399":0,"407":6,"408":6,"409":6,"411":6,"412":6,"420":0,"421":0,"425":0,"426":0,"430":0,"433":6,"436":6,"438":6,"439":6,"440":6,"442":6,"451":0,"452":0,"453":0,"454":0,"455":0,"458":0,"462":0,"463":0,"469":14,"470":18,"471":18,"473":6,"480":6,"481":6,"487":6,"491":6,"492":6,"493":6,"495":6,"505":14,"512":74,"516":0,"520":0,"526":0,"541":0},"path":"/home/VulcanLinkProjects/contracts/packages/owlprotocol-contracts/contracts/plugins/Crafter/builds/CrafterTransfer.sol","s":{"1":6,"2":24,"3":0,"4":24,"5":24,"6":24,"7":24,"8":24,"9":24,"10":24,"11":24,"12":24,"13":24,"14":24,"15":24,"16":24,"17":0,"18":24,"19":24,"20":54,"21":54,"22":54,"23":54,"24":8,"25":32,"26":32,"27":32,"28":48,"29":48,"30":16,"31":32,"32":16,"33":16,"34":16,"35":16,"36":16,"37":16,"38":16,"39":16,"40":16,"41":16,"42":32,"43":32,"44":8,"45":8,"46":8,"47":8,"48":12,"49":12,"50":4,"51":8,"52":4,"53":4,"54":4,"55":4,"56":4,"57":4,"58":4,"59":4,"60":8,"61":14,"62":0,"63":14,"64":14,"65":14,"66":14,"67":14,"68":18,"69":18,"70":6,"71":6,"72":0,"73":0,"74":12,"75":6,"76":6,"77":6,"78":6,"79":6,"80":0,"81":0,"82":0,"83":0,"84":0,"85":0,"86":6,"87":6,"88":6,"89":6,"90":6,"91":6,"92":6,"93":0,"94":0,"95":0,"96":0,"97":0,"98":0,"99":0,"100":0,"101":0,"102":14,"103":18,"104":18,"105":6,"106":12,"107":6,"108":6,"109":6,"110":6,"111":6,"112":6,"113":6,"114":6,"115":14,"116":74,"117":0,"118":0,"119":0,"120":0},"b":{"1":[24,0],"2":[24,0],"3":[24,0],"4":[24,0],"5":[32,0],"6":[16,32],"7":[16,16],"8":[16,0],"9":[16,0],"10":[8,0],"11":[8,0],"12":[4,8],"13":[4,4],"14":[4,0],"15":[14,0],"16":[14,0],"17":[6,12],"18":[6,0],"19":[0,0],"20":[0,0],"21":[6,6],"22":[6,0],"23":[6,0],"24":[0,0],"25":[0,0],"26":[0,0],"27":[6,0],"28":[6,0],"29":[0,0],"30":[0,0],"31":[6,12],"32":[6,6],"33":[6,0]},"f":{"1":6,"2":24,"3":0,"4":24,"5":24,"6":0,"7":24,"8":24,"9":54,"10":54,"11":8,"12":32,"13":8,"14":14,"15":0,"16":14,"17":74,"18":0,"19":0,"20":0,"21":0,"22":0},"fnMap":{"1":{"name":"constructor","line":70,"loc":{"start":{"line":70,"column":4},"end":{"line":72,"column":4}}},"2":{"name":"initialize","line":91,"loc":{"start":{"line":84,"column":4},"end":{"line":93,"column":4}}},"3":{"name":"proxyInitialize","line":102,"loc":{"start":{"line":95,"column":4},"end":{"line":104,"column":4}}},"4":{"name":"__CrafterTransfer_init","line":113,"loc":{"start":{"line":106,"column":4},"end":{"line":120,"column":4}}},"5":{"name":"__CrafterTransfer_init_unchained","line":129,"loc":{"start":{"line":122,"column":4},"end":{"line":143,"column":4}}},"6":{"name":"grantRouter","line":150,"loc":{"start":{"line":150,"column":4},"end":{"line":152,"column":4}}},"7":{"name":"getInputs","line":161,"loc":{"start":{"line":161,"column":4},"end":{"line":163,"column":4}}},"8":{"name":"getOutputs","line":168,"loc":{"start":{"line":168,"column":4},"end":{"line":170,"column":4}}},"9":{"name":"getInputIngredient","line":181,"loc":{"start":{"line":181,"column":4},"end":{"line":195,"column":4}}},"10":{"name":"getOutputIngredient","line":206,"loc":{"start":{"line":206,"column":4},"end":{"line":220,"column":4}}},"11":{"name":"deposit","line":232,"loc":{"start":{"line":232,"column":4},"end":{"line":234,"column":4}}},"12":{"name":"_deposit","line":243,"loc":{"start":{"line":243,"column":4},"end":{"line":298,"column":4}}},"13":{"name":"withdraw","line":305,"loc":{"start":{"line":305,"column":4},"end":{"line":348,"column":4}}},"14":{"name":"craft","line":350,"loc":{"start":{"line":350,"column":4},"end":{"line":352,"column":4}}},"15":{"name":"craft","line":358,"loc":{"start":{"line":354,"column":4},"end":{"line":360,"column":4}}},"16":{"name":"_craft","line":369,"loc":{"start":{"line":369,"column":4},"end":{"line":506,"column":4}}},"17":{"name":"_msgSender","line":511,"loc":{"start":{"line":511,"column":4},"end":{"line":513,"column":4}}},"18":{"name":"_msgData","line":515,"loc":{"start":{"line":515,"column":4},"end":{"line":517,"column":4}}},"19":{"name":"versionRecipient","line":519,"loc":{"start":{"line":519,"column":4},"end":{"line":521,"column":4}}},"20":{"name":"_authorizeUpgrade","line":523,"loc":{"start":{"line":523,"column":4},"end":{"line":523,"column":69}}},"21":{"name":"getImplementation","line":525,"loc":{"start":{"line":525,"column":4},"end":{"line":527,"column":4}}},"22":{"name":"supportsInterface","line":534,"loc":{"start":{"line":534,"column":4},"end":{"line":542,"column":4}}}},"statementMap":{"1":{"start":{"line":71,"column":8},"end":{"line":71,"column":29}},"2":{"start":{"line":92,"column":8},"end":{"line":92,"column":100}},"3":{"start":{"line":103,"column":8},"end":{"line":103,"column":100}},"4":{"start":{"line":114,"column":8},"end":{"line":114,"column":89}},"5":{"start":{"line":115,"column":8},"end":{"line":115,"column":86}},"6":{"start":{"line":116,"column":8},"end":{"line":116,"column":88}},"7":{"start":{"line":118,"column":8},"end":{"line":118,"column":33}},"8":{"start":{"line":119,"column":8},"end":{"line":119,"column":110}},"9":{"start":{"line":130,"column":8},"end":{"line":130,"column":33}},"10":{"start":{"line":132,"column":8},"end":{"line":132,"column":55}},"11":{"start":{"line":134,"column":8},"end":{"line":134,"column":94}},"12":{"start":{"line":136,"column":8},"end":{"line":136,"column":116}},"13":{"start":{"line":139,"column":8},"end":{"line":139,"column":39}},"14":{"start":{"line":141,"column":8},"end":{"line":141,"column":87}},"15":{"start":{"line":141,"column":34},"end":{"line":141,"column":86}},"16":{"start":{"line":142,"column":8},"end":{"line":142,"column":58}},"17":{"start":{"line":151,"column":8},"end":{"line":151,"column":34}},"18":{"start":{"line":162,"column":8},"end":{"line":162,"column":21}},"19":{"start":{"line":169,"column":8},"end":{"line":169,"column":22}},"20":{"start":{"line":192,"column":8},"end":{"line":192,"column":55}},"21":{"start":{"line":194,"column":8},"end":{"line":194,"column":81}},"22":{"start":{"line":217,"column":8},"end":{"line":217,"column":56}},"23":{"start":{"line":219,"column":8},"end":{"line":219,"column":81}},"24":{"start":{"line":233,"column":8},"end":{"line":233,"column":63}},"25":{"start":{"line":249,"column":8},"end":{"line":249,"column":80}},"26":{"start":{"line":251,"column":8},"end":{"line":251,"column":33}},"27":{"start":{"line":253,"column":8},"end":{"line":253,"column":8980}},"28":{"start":{"line":254,"column":12},"end":{"line":254,"column":65}},"29":{"start":{"line":255,"column":12},"end":{"line":255,"column":9110}},"30":{"start":{"line":257,"column":16},"end":{"line":257,"column":9217}},"31":{"start":{"line":263,"column":19},"end":{"line":263,"column":9473}},"32":{"start":{"line":265,"column":16},"end":{"line":265,"column":9582}},"33":{"start":{"line":269,"column":16},"end":{"line":269,"column":9781}},"34":{"start":{"line":270,"column":20},"end":{"line":270,"column":9877}},"35":{"start":{"line":276,"column":20},"end":{"line":276,"column":80}},"36":{"start":{"line":278,"column":16},"end":{"line":278,"column":33}},"37":{"start":{"line":279,"column":19},"end":{"line":279,"column":10311}},"38":{"start":{"line":281,"column":16},"end":{"line":281,"column":83}},"39":{"start":{"line":282,"column":16},"end":{"line":282,"column":10507}},"40":{"start":{"line":283,"column":20},"end":{"line":283,"column":69}},"41":{"start":{"line":285,"column":16},"end":{"line":285,"column":10671}},"42":{"start":{"line":296,"column":8},"end":{"line":296,"column":39}},"43":{"start":{"line":297,"column":8},"end":{"line":297,"column":42}},"44":{"start":{"line":307,"column":8},"end":{"line":307,"column":82}},"45":{"start":{"line":308,"column":8},"end":{"line":308,"column":91}},"46":{"start":{"line":311,"column":8},"end":{"line":311,"column":40}},"47":{"start":{"line":313,"column":8},"end":{"line":313,"column":11697}},"48":{"start":{"line":314,"column":12},"end":{"line":314,"column":65}},"49":{"start":{"line":315,"column":12},"end":{"line":315,"column":11827}},"50":{"start":{"line":317,"column":16},"end":{"line":317,"column":11934}},"51":{"start":{"line":322,"column":19},"end":{"line":322,"column":12160}},"52":{"start":{"line":323,"column":16},"end":{"line":323,"column":12235}},"53":{"start":{"line":324,"column":20},"end":{"line":324,"column":12306}},"54":{"start":{"line":329,"column":20},"end":{"line":329,"column":44}},"55":{"start":{"line":331,"column":19},"end":{"line":331,"column":12620}},"56":{"start":{"line":333,"column":16},"end":{"line":333,"column":83}},"57":{"start":{"line":334,"column":16},"end":{"line":334,"column":12816}},"58":{"start":{"line":335,"column":20},"end":{"line":335,"column":70}},"59":{"start":{"line":337,"column":16},"end":{"line":337,"column":12981}},"60":{"start":{"line":347,"column":8},"end":{"line":347,"column":42}},"61":{"start":{"line":351,"column":8},"end":{"line":351,"column":57}},"62":{"start":{"line":359,"column":8},"end":{"line":359,"column":53}},"63":{"start":{"line":375,"column":8},"end":{"line":375,"column":76}},"64":{"start":{"line":376,"column":8},"end":{"line":376,"column":97}},"65":{"start":{"line":379,"column":8},"end":{"line":379,"column":37}},"66":{"start":{"line":382,"column":8},"end":{"line":382,"column":32}},"67":{"start":{"line":385,"column":8},"end":{"line":385,"column":14570}},"68":{"start":{"line":386,"column":12},"end":{"line":386,"column":64}},"69":{"start":{"line":387,"column":12},"end":{"line":387,"column":14698}},"70":{"start":{"line":389,"column":16},"end":{"line":389,"column":14796}},"71":{"start":{"line":391,"column":20},"end":{"line":391,"column":14926}},"72":{"start":{"line":397,"column":23},"end":{"line":397,"column":15206}},"73":{"start":{"line":399,"column":20},"end":{"line":399,"column":15337}},"74":{"start":{"line":405,"column":19},"end":{"line":405,"column":15635}},"75":{"start":{"line":407,"column":16},"end":{"line":407,"column":77}},"76":{"start":{"line":408,"column":16},"end":{"line":408,"column":112}},"77":{"start":{"line":409,"column":16},"end":{"line":409,"column":15929}},"78":{"start":{"line":411,"column":20},"end":{"line":411,"column":16060}},"79":{"start":{"line":412,"column":24},"end":{"line":412,"column":16140}},"80":{"start":{"line":418,"column":23},"end":{"line":418,"column":16389}},"81":{"start":{"line":420,"column":20},"end":{"line":420,"column":16516}},"82":{"start":{"line":421,"column":24},"end":{"line":421,"column":16596}},"83":{"start":{"line":425,"column":24},"end":{"line":425,"column":61}},"84":{"start":{"line":426,"column":24},"end":{"line":426,"column":16904}},"85":{"start":{"line":430,"column":24},"end":{"line":430,"column":84}},"86":{"start":{"line":433,"column":16},"end":{"line":433,"column":32}},"87":{"start":{"line":434,"column":19},"end":{"line":434,"column":17277}},"88":{"start":{"line":436,"column":16},"end":{"line":436,"column":17379}},"89":{"start":{"line":438,"column":20},"end":{"line":438,"column":87}},"90":{"start":{"line":439,"column":20},"end":{"line":439,"column":17600}},"91":{"start":{"line":440,"column":24},"end":{"line":440,"column":71}},"92":{"start":{"line":442,"column":20},"end":{"line":442,"column":17774}},"93":{"start":{"line":449,"column":23},"end":{"line":449,"column":18070}},"94":{"start":{"line":451,"column":20},"end":{"line":451,"column":87}},"95":{"start":{"line":452,"column":20},"end":{"line":452,"column":88}},"96":{"start":{"line":453,"column":20},"end":{"line":453,"column":18382}},"97":{"start":{"line":454,"column":24},"end":{"line":454,"column":
[...]
},"end":{"line":283,"column":35}},"190":{"start":{"line":283,"column":38},"end":{"line":283,"column":82}},"191":{"start":{"line":284,"column":8},"end":{"line":284,"column":35}},"192":{"start":{"line":284,"column":38},"end":{"line":284,"column":82}},"193":{"start":{"line":285,"column":8},"end":{"line":285,"column":35}},"194":{"start":{"line":285,"column":38},"end":{"line":285,"column":82}},"195":{"start":{"line":286,"column":8},"end":{"line":286,"column":35}},"196":{"start":{"line":286,"column":38},"end":{"line":286,"column":82}},"197":{"start":{"line":287,"column":8},"end":{"line":287,"column":35}},"198":{"start":{"line":287,"column":38},"end":{"line":287,"column":82}},"199":{"start":{"line":288,"column":8},"end":{"line":288,"column":35}},"200":{"start":{"line":288,"column":38},"end":{"line":288,"column":82}},"201":{"start":{"line":289,"column":8},"end":{"line":289,"column":35}},"202":{"start":{"line":289,"column":38},"end":{"line":289,"column":82}},"203":{"start":{"line":290,"column":8},"end":{"line":290,"column":35}},"204":{"start":{"line":290,"column":38},"end":{"line":290,"column":82}},"205":{"start":{"line":291,"column":8},"end":{"line":291,"column":35}},"206":{"start":{"line":291,"column":38},"end":{"line":291,"column":82}},"207":{"start":{"line":292,"column":8},"end":{"line":292,"column":35}},"208":{"start":{"line":292,"column":38},"end":{"line":292,"column":82}},"209":{"start":{"line":294,"column":8},"end":{"line":294,"column":81}},"210":{"start":{"line":302,"column":8},"end":{"line":302,"column":23}},"211":{"start":{"line":304,"column":8},"end":{"line":304,"column":17}},"212":{"start":{"line":305,"column":8},"end":{"line":305,"column":17}},"213":{"start":{"line":306,"column":8},"end":{"line":306,"column":17}},"214":{"start":{"line":308,"column":8},"end":{"line":308,"column":150}},"215":{"start":{"line":308,"column":54},"end":{"line":308,"column":94}},"216":{"start":{"line":308,"column":97},"end":{"line":308,"column":148}},"217":{"start":{"line":309,"column":8},"end":{"line":309,"column":150}},"218":{"start":{"line":309,"column":54},"end":{"line":309,"column":94}},"219":{"start":{"line":309,"column":97},"end":{"line":309,"column":148}},"220":{"start":{"line":310,"column":8},"end":{"line":310,"column":150}},"221":{"start":{"line":310,"column":54},"end":{"line":310,"column":94}},"222":{"start":{"line":310,"column":97},"end":{"line":310,"column":148}},"223":{"start":{"line":311,"column":8},"end":{"line":311,"column":150}},"224":{"start":{"line":311,"column":54},"end":{"line":311,"column":94}},"225":{"start":{"line":311,"column":97},"end":{"line":311,"column":148}},"226":{"start":{"line":312,"column":8},"end":{"line":312,"column":150}},"227":{"start":{"line":312,"column":54},"end":{"line":312,"column":94}},"228":{"start":{"line":312,"column":97},"end":{"line":312,"column":148}},"229":{"start":{"line":313,"column":8},"end":{"line":313,"column":150}},"230":{"start":{"line":313,"column":54},"end":{"line":313,"column":94}},"231":{"start":{"line":313,"column":97},"end":{"line":313,"column":148}},"232":{"start":{"line":314,"column":8},"end":{"line":314,"column":150}},"233":{"start":{"line":314,"column":54},"end":{"line":314,"column":94}},"234":{"start":{"line":314,"column":97},"end":{"line":314,"column":148}},"235":{"start":{"line":315,"column":8},"end":{"line":315,"column":150}},"236":{"start":{"line":315,"column":54},"end":{"line":315,"column":94}},"237":{"start":{"line":315,"column":97},"end":{"line":315,"column":148}},"238":{"start":{"line":317,"column":8},"end":{"line":317,"column":26}},"239":{"start":{"line":318,"column":8},"end":{"line":318,"column":26}},"240":{"start":{"line":319,"column":8},"end":{"line":319,"column":97}},"241":{"start":{"line":319,"column":100},"end":{"line":319,"column":118}},"242":{"start":{"line":320,"column":8},"end":{"line":320,"column":97}},"243":{"start":{"line":320,"column":100},"end":{"line":320,"column":118}},"244":{"start":{"line":321,"column":8},"end":{"line":321,"column":97}},"245":{"start":{"line":321,"column":100},"end":{"line":321,"column":118}},"246":{"start":{"line":322,"column":8},"end":{"line":322,"column":97}},"247":{"start":{"line":322,"column":100},"end":{"line":322,"column":118}},"248":{"start":{"line":323,"column":8},"end":{"line":323,"column":97}},"249":{"start":{"line":323,"column":100},"end":{"line":323,"column":118}},"250":{"start":{"line":324,"column":8},"end":{"line":324,"column":97}},"251":{"start":{"line":324,"column":100},"end":{"line":324,"column":118}},"252":{"start":{"line":325,"column":8},"end":{"line":325,"column":97}},"253":{"start":{"line":325,"column":100},"end":{"line":325,"column":118}},"254":{"start":{"line":326,"column":8},"end":{"line":326,"column":97}},"255":{"start":{"line":328,"column":8},"end":{"line":328,"column":18}},"256":{"start":{"line":336,"column":8},"end":{"line":336,"column":23}},"257":{"start":{"line":338,"column":8},"end":{"line":338,"column":17}},"258":{"start":{"line":339,"column":8},"end":{"line":339,"column":17}},"259":{"start":{"line":341,"column":8},"end":{"line":341,"column":53}},"260":{"start":{"line":342,"column":8},"end":{"line":342,"column":26}},"261":{"start":{"line":342,"column":29},"end":{"line":342,"column":57}},"262":{"start":{"line":343,"column":8},"end":{"line":343,"column":26}},"263":{"start":{"line":343,"column":29},"end":{"line":343,"column":57}},"264":{"start":{"line":344,"column":8},"end":{"line":344,"column":26}},"265":{"start":{"line":344,"column":29},"end":{"line":344,"column":57}},"266":{"start":{"line":345,"column":8},"end":{"line":345,"column":26}},"267":{"start":{"line":345,"column":29},"end":{"line":345,"column":57}},"268":{"start":{"line":346,"column":8},"end":{"line":346,"column":26}},"269":{"start":{"line":346,"column":29},"end":{"line":346,"column":57}},"270":{"start":{"line":347,"column":8},"end":{"line":347,"column":26}},"271":{"start":{"line":347,"column":29},"end":{"line":347,"column":57}},"272":{"start":{"line":348,"column":8},"end":{"line":348,"column":26}},"273":{"start":{"line":348,"column":29},"end":{"line":348,"column":57}},"274":{"start":{"line":349,"column":8},"end":{"line":349,"column":26}},"275":{"start":{"line":349,"column":29},"end":{"line":349,"column":57}},"276":{"start":{"line":350,"column":8},"end":{"line":350,"column":26}},"277":{"start":{"line":350,"column":29},"end":{"line":350,"column":57}},"278":{"start":{"line":351,"column":8},"end":{"line":351,"column":26}},"279":{"start":{"line":351,"column":29},"end":{"line":351,"column":57}},"280":{"start":{"line":352,"column":8},"end":{"line":352,"column":26}},"281":{"start":{"line":352,"column":29},"end":{"line":352,"column":57}},"282":{"start":{"line":353,"column":8},"end":{"line":353,"column":26}},"283":{"start":{"line":353,"column":29},"end":{"line":353,"column":57}},"284":{"start":{"line":354,"column":8},"end":{"line":354,"column":26}},"285":{"start":{"line":354,"column":29},"end":{"line":354,"column":57}},"286":{"start":{"line":355,"column":8},"end":{"line":355,"column":26}},"287":{"start":{"line":355,"column":29},"end":{"line":355,"column":57}},"288":{"start":{"line":356,"column":8},"end":{"line":356,"column":26}},"289":{"start":{"line":356,"column":29},"end":{"line":356,"column":57}},"290":{"start":{"line":357,"column":8},"end":{"line":357,"column":26}},"291":{"start":{"line":357,"column":29},"end":{"line":357,"column":57}},"292":{"start":{"line":358,"column":8},"end":{"line":358,"column":26}},"293":{"start":{"line":358,"column":29},"end":{"line":358,"column":57}},"294":{"start":{"line":359,"column":8},"end":{"line":359,"column":26}},"295":{"start":{"line":359,"column":29},"end":{"line":359,"column":57}},"296":{"start":{"line":360,"column":8},"end":{"line":360,"column":26}},"297":{"start":{"line":360,"column":29},"end":{"line":360,"column":57}},"298":{"start":{"line":361,"column":8},"end":{"line":361,"column":51}},"299":{"start":{"line":363,"column":8},"end":{"line":363,"column":145}},"300":{"start":{"line":363,"column":60},"end":{"line":363,"column":144}},"301":{"start":{"line":364,"column":8},"end":{"line":364,"column":145}},"302":{"start":{"line":364,"column":60},"end":{"line":364,"column":144}},"303":{"start":{"line":365,"column":8},"end":{"line":365,"column":145}},"304":{"start":{"line":365,"column":60},"end":{"line":365,"column":144}},"305":{"start":{"line":366,"column":8},"end":{"line":366,"column":145}},"306":{"start":{"line":366,"column":60},"end":{"line":366,"column":144}},"307":{"start":{"line":367,"column":8},"end":{"line":367,"column":145}},"308":{"start":{"line":367,"column":60},"end":{"line":367,"column":144}},"309":{"start":{"line":368,"column":8},"end":{"line":368,"column":145}},"310":{"start":{"line":368,"column":60},"end":{"line":368,"column":144}},"311":{"start":{"line":369,"column":8},"end":{"line":369,"column":145}},"312":{"start":{"line":369,"column":60},"end":{"line":369,"column":144}},"313":{"start":{"line":371,"column":8},"end":{"line":371,"column":18}}},"branchMap":{"1":{"line":153,"type":"if","locations":[{"start":{"line":153,"column":8},"end":{"line":153,"column":8}},{"start":{"line":153,"column":8},"end":{"line":153,"column":8}}]},"2":{"line":161,"type":"if","locations":[{"start":{"line":161,"column":8},"end":{"line":161,"column":8}},{"start":{"line":161,"column":8},"end":{"line":161,"column":8}}]},"3":{"line":178,"type":"if","locations":[{"start":{"line":178,"column":8},"end":{"line":178,"column":8}},{"start":{"line":178,"column":8},"end":{"line":178,"column":8}}]},"4":{"line":185,"type":"if","locations":[{"start":{"line":185,"column":8},"end":{"line":185,"column":8}},{"start":{"line":185,"column":8},"end":{"line":185,"column":8}}]},"5":{"line":188,"type":"if","locations":[{"start":{"line":188,"column":16},"end":{"line":188,"column":16}},{"start":{"line":188,"column":16},"end":{"line":188,"column":16}}]},"6":{"line":204,"type":"if","locations":[{"start":{"line":204,"column":8},"end":{"line":204,"column":8}},{"start":{"line":204,"column":8},"end":{"line":204,"column":8}}]},"7":{"line":214,"type":"if","locations":[{"start":{"line":214,"column":16},"end":{"line":214,"column":16}},{"start":{"line":214,"column":16},"end":{"line":214,"column":16}}]},"8":{"line":235,"type":"if","locations":[{"start":{"line":235,"column":12},"end":{"line":235,"column":12}},{"start":{"line":235,"column":12},"end":{"line":235,"column":12}}]},"9":{"line":241,"type":"if","locations":[{"start":{"line":241,"column":8},"end":{"line":241,"column":8}},{"start":{"line":241,"column":8},"end":{"line":241,"column":8}}]},"10":{"line":243,"type":"if","locations":[{"start":{"line":243,"column":8},"end":{"line":243,"column":8}},{"start":{"line":243,"column":8},"end":{"line":243,"column":8}}]},"11":{"line":308,"type":"if","locations":[{"start":{"line":308,"column":8},"end":{"line":308,"column":8}},{"start":{"line":308,"column":8},"end":{"line":308,"column":8}}]},"12":{"line":309,"type":"if","locations":[{"start":{"line":309,"column":8},"end":{"line":309,"column":8}},{"start":{"line":309,"column":8},"end":{"line":309,"column":8}}]},"13":{"line":310,"type":"if","locations":[{"start":{"line":310,"column":8},"end":{"line":310,"column":8}},{"start":{"line":310,"column":8},"end":{"line":310,"column":8}}]},"14":{"line":311,"type":"if","locations":[{"start":{"line":311,"column":8},"end":{"line":311,"column":8}},{"start":{"line":311,"column":8},"end":{"line":311,"column":8}}]},"15":{"line":312,"type":"if","locations":[{"start":{"line":312,"column":8},"end":{"line":312,"column":8}},{"start":{"line":312,"column":8},"end":{"line":312,"column":8}}]},"16":{"line":313,"type":"if","locations":[{"start":{"line":313,"column":8},"end":{"line":313,"column":8}},{"start":{"line":313,"column":8},"end":{"line":313,"column":8}}]},"17":{"line":314,"type":"if","locations":[{"start":{"line":314,"column":8},"end":{"line":314,"column":8}},{"start":{"line":314,"column":8},"end":{"line":314,"column":8}}]},"18":{"line":315,"type":"if","locations":[{"start":{"line":315,"column":8},"end":{"line":315,"column":8}},{"start":{"line":315,"column":8},"end":{"line":315,"column":8}}]},"19":{"line":363,"type":"if","locations":[{"start":{"line":363,"column":8},"end":{"line":363,"column":8}},{"start":{"line":363,"column":8},"end":{"line":363,"column":8}}]},"20":{"line":364,"type":"if","locations":[{"start":{"line":364,"column":8},"end":{"line":364,"column":8}},{"start":{"line":364,"column":8},"end":{"line":364,"column":8}}]},"21":{"line":365,"type":"if","locations":[{"start":{"line":365,"column":8},"end":{"line":365,"column":8}},{"start":{"line":365,"column":8},"end":{"line":365,"column":8}}]},"22":{"line":366,"type":"if","locations":[{"start":{"line":366,"column":8},"end":{"line":366,"column":8}},{"start":{"line":366,"column":8},"end":{"line":366,"column":8}}]},"23":{"line":367,"type":"if","locations":[{"start":{"line":367,"column":8},"end":{"line":367,"column":8}},{"start":{"line":367,"column":8},"end":{"line":367,"column":8}}]},"24":{"line":368,"type":"if","locations":[{"start":{"line":368,"column":8},"end":{"line":368,"column":8}},{"start":{"line":368,"column":8},"end":{"line":368,"column":8}}]},"25":{"line":369,"type":"if","locations":[{"start":{"line":369,"column":8},"end":{"line":369,"column":8}},{"start":{"line":369,"column":8},"end":{"line":369,"column":8}}]}}},"contracts/utils/Probability.sol":{"l":{"16":0,"17":0,"19":0},"path":"/home/VulcanLinkProjects/contracts/packages/owlprotocol-contracts/contracts/utils/Probability.sol","s":{"1":0,"2":0,"3":0,"4":0,"5":0},"b":{"1":[0,0]},"f":{"1":0},"fnMap":{"1":{"name":"probabilityDistribution","line":11,"loc":{"start":{"line":11,"column":4},"end":{"line":20,"column":4}}}},"statementMap":{"1":{"start":{"line":16,"column":8},"end":{"line":16,"column":76}},"2":{"start":{"line":17,"column":8},"end":{"line":17,"column":98}},"3":{"start":{"line":17,"column":58},"end":{"line":17,"column":98}},"4":{"start":{"line":17,"column":90},"end":{"line":17,"column":98}},"5":{"start":{"line":19,"column":8},"end":{"line":19,"column":16}}},"branchMap":{"1":{"line":17,"type":"if","locations":[{"start":{"line":17,"column":58},"end":{"line":17,"column":58}},{"start":{"line":17,"column":58},"end":{"line":17,"column":58}}]}}},"contracts/utils/RosalindDNA.sol":{"l":{"31":0,"33":0,"34":0,"37":0,"38":0,"41":0,"42":0,"45":0,"48":0,"79":0,"82":0,"112":0,"117":0,"119":0,"120":0,"122":0,"125":0,"126":0,"128":0,"129":0,"133":0,"134":0,"137":0,"138":0,"148":0,"149":0,"150":0,"151":0,"155":0,"158":0,"160":0,"162":0,"171":0,"181":0,"182":0,"183":0},"path":"/home/VulcanLinkProjects/contracts/packages/owlprotocol-contracts/contracts/utils/RosalindDNA.sol","s":{"1":0,"2":0,"3":0,"4":0,"5":0,"6":0,"7":0,"8":0,"9":0,"10":0,"11":0,"12":0,"13":0,"14":0,"15":0,"16":0,"17":0,"18":0,"19":0,"20":0,"21":0,"22":0,"23":0,"24":0,"25":0,"26":0,"27":0,"28":0,"29":0,"30":0,"31":0,"32":0,"33":0,"34":0,"35":0,"36":0,"37":0},"b":{"1":[0,0],"2":[0,0],"3":[0,0]},"f":{"1":0,"2":0,"3":0,"4":0,"5":0,"6":0},"fnMap":{"1":{"name":"breedDNASimple","line":25,"loc":{"start":{"line":25,"column":4},"end":{"line":49,"column":4}}},"2":{"name":"breedDNAWithMutations","line":72,"loc":{"start":{"line":72,"column":4},"end":{"line":83,"column":4}}},"3":{"name":"generateMutations","line":105,"loc":{"start":{"line":105,"column":4},"end":{"line":139,"column":4}}},"4":{"name":"setGenCount","line":146,"loc":{"start":{"line":146,"column":4},"end":{"line":163,"column":4}}},"5":{"name":"getGenCount","line":169,"loc":{"start":{"line":169,"column":4},"end":{"line":172,"column":4}}},"6":{"name":"get256Bitmask","line":180,"loc":{"start":{"line":180,"column":4},"end":{"line":184,"column":4}}}},"statementMap":{"1":{"start":{"line":31,"column":8},"end":{"line":31,"column":1039}},"2":{"start":{"line":33,"column":12},"end":{"line":33,"column":48}},"3":{"start":{"line":34,"column":12},"end":{"line":34,"column":85}},"4":{"start":{"line":37,"column":12},"end":{"line":37,"column":112}},"5":{"start":{"line":38,"column":12},"end":{"line":38,"column":64}},"6":{"start":{"line":41,"column":12},"end":{"line":41,"column":69}},"7":{"start":{"line":42,"column":12},"end":{"line":42,"column":51}},"8":{"start":{"line":45,"column":12},"end":{"line":45,"column":37}},"9":{"start":{"line":48,"column":8},"end":{"line":48,"column":23}},"10":{"start":{"line":79,"column":8},"end":{"line":79,"column":63}},"11":{"start":{"line":82,"column":8},"end":{"line":82,"column":79}},"12":{"start":{"line":112,"column":8},"end":{"line":112,"column":28}},"13":{"start":{"line":117,"column":8},"end":{"line":117,"column":4708}},"14":{"start":{"line":119,"column":12},"end":{"line":119,"column":88}},"15":{"start":{"line":120,"column":12},"end":{"line":120,"column":4932}},"16":{"start":{"line":125,"column":12},"end":{"line":125,"column":48}},"17":{"start":{"line":126,"column":12},"end":{"line":126,"column":85}},"18":{"start":{"line":128,"column":12},"end":{"line":128,"column":69}},"19":{"start":{"line":129,"column":12},"end":{"line":129,"column":48}},"20":{"start":{"line":133,"column":8},"end":{"line":133,"column":73}},"21":{"start":{"line":134,"column":8},"end":{"line":134,"column":44}},"22":{"start":{"line":137,"column":8},"end":{"line":137,"column":34}},"23":{"start":{"line":138,"column":8},"end":{"line":138,"column":36}},"24":{"start":{"line":148,"column":8},"end":{"line":148,"column":28}},"25":{"start":{"line":149,"column":8},"end":{"line":149,"column":6057}},"26":{"start":{"line":150,"column":12},"end":{"line":150,"column":70}},"27":{"start":{"line":151,"column":12},"end":{"line":151,"column":66}},"28":{"start":{"line":151,"column":42},"end":{"line":151,"column":65}},"29":{"start":{"line":155,"column":8},"end":{"line":155,"column":78}},"30":{"start":{"line":155,"column":45},"end":{"line":155,"column":77}},"31":{"start":{"line":158,"column":8},"end":{"line":158,"column":39}},"32":{"start":{"line":160,"column":8},"end":{"line":160,"column":41}},"33":{"start":{"line":162,"column":8},"end":{"line":162,"column":20}},"34":{"start":{"line":171,"column":8},"end":{"line":171,"column":45}},"35":{"start":{"line":181,"column":8},"end":{"line":181,"column":60}},"36":{"start":{"line":182,"column":8},"end":{"line":182,"column":64}},"37":{"start":{"line":183,"column":8},"end":{"line":183,"column":42}}},"branchMap":{"1":{"line":120,"type":"if","locations":[{"start":{"line":120,"column":12},"end":{"line":120,"column":12}},{"start":{"line":120,"column":12},"end":{"line":120,"column":12}}]},"2":{"line":151,"type":"if","locations":[{"start":{"line":151,"column":12},"end":{"line":151,"column":12}},{"start":{"line":151,"column":12},"end":{"line":151,"column":12}}]},"3":{"line":155,"type":"if","locations":[{"start":{"line":155,"column":8},"end":{"line":155,"column":8}},{"start":{"line":155,"column":8},"end":{"line":155,"column":8}}]}}},"contracts/utils/SourceRandom.sol":{"l":{"15":0,"16":0,"17":0,"25":0,"26":0,"27":0},"path":"/home/VulcanLinkProjects/contracts/packages/owlprotocol-contracts/contracts/utils/SourceRandom.sol","s":{"1":0,"2":0,"3":0,"4":0,"5":0,"6":0},"b":{"1":[0,0],"2":[0,0]},"f":{"1":0,"2":0},"fnMap":{"1":{"name":"getRandomDebug","line":14,"loc":{"start":{"line":14,"column":4},"end":{"line":18,"column":4}}},"2":{"name":"getSeededRandom","line":24,"loc":{"start":{"line":24,"column":4},"end":{"line":28,"column":4}}}},"statementMap":{"1":{"start":{"line":15,"column":8},"end":{"line":15,"column":72}},"2":{"start":{"line":16,"column":8},"end":{"line":16,"column":27}},"3":{"start":{"line":17,"column":8},"end":{"line":17,"column":21}},"4":{"start":{"line":25,"column":8},"end":{"line":25,"column":68}},"5":{"start":{"line":26,"column":8},"end":{"line":26,"column":27}},"6":{"start":{"line":27,"column":8},"end":{"line":27,"column":21}}},"branchMap":{"1":{"line":16,"type":"if","locations":[{"start":{"line":16,"column":8},"end":{"line":16,"column":8}},{"start":{"line":16,"column":8},"end":{"line":16,"column":8}}]},"2":{"line":26,"type":"if","locations":[{"start":{"line":26,"column":8},"end":{"line":26,"column":8}},{"start":{"line":26,"column":8},"end":{"line":26,"column":8}}]}}}}