{"contracts/assets/ERC1155/ERC1155Owl.sol":{"l":{"18":1,"27":0,"36":0,"45":0,"46":0,"47":0,"48":0,"49":0,"51":0,"55":0,"64":0,"73":0,"91":0,"108":0,"117":0,"126":0,"134":0,"141":0,"145":0,"159":1},"path":"/home/VulcanLinkProjects/contracts/packages/owlprotocol-contracts/contracts/assets/ERC1155/ERC1155Owl.sol","s":{"1":1,"2":0,"3":0,"4":0,"5":0,"6":0,"7":0,"8":0,"9":0,"10":0,"11":0,"12":0,"13":0,"14":0,"15":0,"16":0,"17":0,"18":0,"19":0,"20":1},"b":{},"f":{"1":1,"2":0,"3":0,"4":0,"5":0,"6":0,"7":0,"8":0,"9":0,"10":0,"11":0,"12":0,"13":0,"14":0,"15":1},"fnMap":{"1":{"name":"constructor","line":17,"loc":{"start":{"line":17,"column":4},"end":{"line":19,"column":4}}},"2":{"name":"initialize","line":26,"loc":{"start":{"line":21,"column":4},"end":{"line":28,"column":4}}},"3":{"name":"proxyInitialize","line":35,"loc":{"start":{"line":30,"column":4},"end":{"line":37,"column":4}}},"4":{"name":"__ERC1155Owl_init","line":44,"loc":{"start":{"line":39,"column":4},"end":{"line":52,"column":4}}},"5":{"name":"__ERC1155Owl_init_unchained","line":54,"loc":{"start":{"line":54,"column":4},"end":{"line":56,"column":4}}},"6":{"name":"grantMinter","line":63,"loc":{"start":{"line":63,"column":4},"end":{"line":65,"column":4}}},"7":{"name":"grantUriRole","line":72,"loc":{"start":{"line":72,"column":4},"end":{"line":74,"column":4}}},"8":{"name":"mint","line":90,"loc":{"start":{"line":85,"column":4},"end":{"line":92,"column":4}}},"9":{"name":"mintBatch","line":107,"loc":{"start":{"line":102,"column":4},"end":{"line":109,"column":4}}},"10":{"name":"setURI","line":116,"loc":{"start":{"line":116,"column":4},"end":{"line":118,"column":4}}},"11":{"name":"setContractURI","line":125,"loc":{"start":{"line":125,"column":4},"end":{"line":127,"column":4}}},"12":{"name":"contractURI","line":133,"loc":{"start":{"line":133,"column":4},"end":{"line":135,"column":4}}},"13":{"name":"_msgSender","line":140,"loc":{"start":{"line":140,"column":4},"end":{"line":142,"column":4}}},"14":{"name":"_msgData","line":144,"loc":{"start":{"line":144,"column":4},"end":{"line":146,"column":4}}},"15":{"name":"supportsInterface","line":152,"loc":{"start":{"line":152,"column":4},"end":{"line":160,"column":4}}}},"statementMap":{"1":{"start":{"line":18,"column":8},"end":{"line":18,"column":29}},"2":{"start":{"line":27,"column":8},"end":{"line":27,"column":66}},"3":{"start":{"line":36,"column":8},"end":{"line":36,"column":66}},"4":{"start":{"line":45,"column":8},"end":{"line":45,"column":27}},"5":{"start":{"line":46,"column":8},"end":{"line":46,"column":41}},"6":{"start":{"line":47,"column":8},"end":{"line":47,"column":45}},"7":{"start":{"line":48,"column":8},"end":{"line":48,"column":38}},"8":{"start":{"line":49,"column":8},"end":{"line":49,"column":35}},"9":{"start":{"line":51,"column":8},"end":{"line":51,"column":50}},"10":{"start":{"line":55,"column":8},"end":{"line":55,"column":36}},"11":{"start":{"line":64,"column":8},"end":{"line":64,"column":34}},"12":{"start":{"line":73,"column":8},"end":{"line":73,"column":31}},"13":{"start":{"line":91,"column":8},"end":{"line":91,"column":34}},"14":{"start":{"line":108,"column":8},"end":{"line":108,"column":41}},"15":{"start":{"line":117,"column":8},"end":{"line":117,"column":22}},"16":{"start":{"line":126,"column":8},"end":{"line":126,"column":36}},"17":{"start":{"line":134,"column":8},"end":{"line":134,"column":27}},"18":{"start":{"line":141,"column":8},"end":{"line":141,"column":35}},"19":{"start":{"line":145,"column":8},"end":{"line":145,"column":33}},"20":{"start":{"line":159,"column":8},"end":{"line":159,"column":79}}},"branchMap":{}},"contracts/assets/ERC20/ERC20Owl.sol":{"l":{"17":1,"26":0,"35":0,"44":0,"45":0,"46":0,"48":0,"59":0,"70":0,"74":0,"78":0,"87":1},"path":"/home/VulcanLinkProjects/contracts/packages/owlprotocol-contracts/contracts/assets/ERC20/ERC20Owl.sol","s":{"1":1,"2":0,"3":0,"4":0,"5":0,"6":0,"7":0,"8":0,"9":0,"10":0,"11":0,"12":1},"b":{},"f":{"1":1,"2":0,"3":0,"4":0,"5":0,"6":0,"7":0,"8":0,"9":0,"10":1},"fnMap":{"1":{"name":"constructor","line":16,"loc":{"start":{"line":16,"column":4},"end":{"line":18,"column":4}}},"2":{"name":"initialize","line":25,"loc":{"start":{"line":20,"column":4},"end":{"line":27,"column":4}}},"3":{"name":"proxyInitialize","line":34,"loc":{"start":{"line":29,"column":4},"end":{"line":36,"column":4}}},"4":{"name":"__ERC20Owl_init","line":43,"loc":{"start":{"line":38,"column":4},"end":{"line":49,"column":4}}},"5":{"name":"__ERC20Owl_init_unchained","line":51,"loc":{"start":{"line":51,"column":4},"end":{"line":51,"column":102}}},"6":{"name":"grantMinter","line":58,"loc":{"start":{"line":58,"column":4},"end":{"line":60,"column":4}}},"7":{"name":"mint","line":69,"loc":{"start":{"line":69,"column":4},"end":{"line":71,"column":4}}},"8":{"name":"_msgSender","line":73,"loc":{"start":{"line":73,"column":4},"end":{"line":75,"column":4}}},"9":{"name":"_msgData","line":77,"loc":{"start":{"line":77,"column":4},"end":{"line":79,"column":4}}},"10":{"name":"supportsInterface","line":86,"loc":{"start":{"line":86,"column":4},"end":{"line":88,"column":4}}}},"statementMap":{"1":{"start":{"line":17,"column":8},"end":{"line":17,"column":29}},"2":{"start":{"line":26,"column":8},"end":{"line":26,"column":58}},"3":{"start":{"line":35,"column":8},"end":{"line":35,"column":58}},"4":{"start":{"line":44,"column":8},"end":{"line":44,"column":35}},"5":{"start":{"line":45,"column":8},"end":{"line":45,"column":45}},"6":{"start":{"line":46,"column":8},"end":{"line":46,"column":38}},"7":{"start":{"line":48,"column":8},"end":{"line":48,"column":52}},"8":{"start":{"line":59,"column":8},"end":{"line":59,"column":34}},"9":{"start":{"line":70,"column":8},"end":{"line":70,"column":24}},"10":{"start":{"line":74,"column":8},"end":{"line":74,"column":35}},"11":{"start":{"line":78,"column":8},"end":{"line":78,"column":33}},"12":{"start":{"line":87,"column":8},"end":{"line":87,"column":79}}},"branchMap":{}},"contracts/assets/ERC721/ERC721Owl.sol":{"l":{"19":68,"29":0,"39":1,"49":21,"50":21,"51":21,"52":21,"53":21,"55":21,"59":21,"68":0,"77":0,"88":0,"98":0,"107":0,"114":0,"121":0,"125":0,"129":0,"136":170,"140":0,"155":1},"path":"/home/VulcanLinkProjects/contracts/packages/owlprotocol-contracts/contracts/assets/ERC721/ERC721Owl.sol","s":{"1":68,"2":0,"3":1,"4":21,"5":21,"6":21,"7":21,"8":21,"9":21,"10":21,"11":0,"12":0,"13":0,"14":0,"15":0,"16":0,"17":0,"18":0,"19":0,"20":170,"21":0,"22":1},"b":{},"f":{"1":68,"2":0,"3":1,"4":21,"5":21,"6":0,"7":0,"8":0,"9":0,"10":0,"11":0,"12":0,"13":0,"14":0,"15":170,"16":0,"17":1},"fnMap":{"1":{"name":"constructor","line":18,"loc":{"start":{"line":18,"column":4},"end":{"line":20,"column":4}}},"2":{"name":"initialize","line":28,"loc":{"start":{"line":22,"column":4},"end":{"line":30,"column":4}}},"3":{"name":"proxyInitialize","line":38,"loc":{"start":{"line":32,"column":4},"end":{"line":40,"column":4}}},"4":{"name":"__ERC721Owl_init","line":48,"loc":{"start":{"line":42,"column":4},"end":{"line":56,"column":4}}},"5":{"name":"__ERC721Owl_init_unchained","line":58,"loc":{"start":{"line":58,"column":4},"end":{"line":60,"column":4}}},"6":{"name":"grantMinter","line":67,"loc":{"start":{"line":67,"column":4},"end":{"line":69,"column":4}}},"7":{"name":"grantUriRole","line":76,"loc":{"start":{"line":76,"column":4},"end":{"line":78,"column":4}}},"8":{"name":"mint","line":87,"loc":{"start":{"line":87,"column":4},"end":{"line":89,"column":4}}},"9":{"name":"safeMint","line":97,"loc":{"start":{"line":97,"column":4},"end":{"line":99,"column":4}}},"10":{"name":"setBaseURI","line":106,"loc":{"start":{"line":106,"column":4},"end":{"line":108,"column":4}}},"11":{"name":"_baseURI","line":113,"loc":{"start":{"line":113,"column":4},"end":{"line":115,"column":4}}},"12":{"name":"contractURI","line":120,"loc":{"start":{"line":120,"column":4},"end":{"line":122,"column":4}}},"13":{"name":"exists","line":124,"loc":{"start":{"line":124,"column":4},"end":{"line":126,"column":4}}},"14":{"name":"version","line":128,"loc":{"start":{"line":128,"column":4},"end":{"line":130,"column":4}}},"15":{"name":"_msgSender","line":135,"loc":{"start":{"line":135,"column":4},"end":{"line":137,"column":4}}},"16":{"name":"_msgData","line":139,"loc":{"start":{"line":139,"column":4},"end":{"line":141,"column":4}}},"17":{"name":"supportsInterface","line":148,"loc":{"start":{"line":148,"column":4},"end":{"line":156,"column":4}}}},"statementMap":{"1":{"start":{"line":19,"column":8},"end":{"line":19,"column":29}},"2":{"start":{"line":29,"column":8},"end":{"line":29,"column":69}},"3":{"start":{"line":39,"column":8},"end":{"line":39,"column":69}},"4":{"start":{"line":49,"column":8},"end":{"line":49,"column":36}},"5":{"start":{"line":50,"column":8},"end":{"line":50,"column":41}},"6":{"start":{"line":51,"column":8},"end":{"line":51,"column":45}},"7":{"start":{"line":52,"column":8},"end":{"line":52,"column":38}},"8":{"start":{"line":53,"column":8},"end":{"line":53,"column":35}},"9":{"start":{"line":55,"column":8},"end":{"line":55,"column":43}},"10":{"start":{"line":59,"column":8},"end":{"line":59,"column":25}},"11":{"start":{"line":68,"column":8},"end":{"line":68,"column":34}},"12":{"start":{"line":77,"column":8},"end":{"line":77,"column":31}},"13":{"start":{"line":88,"column":8},"end":{"line":88,"column":25}},"14":{"start":{"line":98,"column":8},"end":{"line":98,"column":29}},"15":{"start":{"line":107,"column":8},"end":{"line":107,"column":25}},"16":{"start":{"line":114,"column":8},"end":{"line":114,"column":22}},"17":{"start":{"line":121,"column":8},"end":{"line":121,"column":65}},"18":{"start":{"line":125,"column":8},"end":{"line":125,"column":31}},"19":{"start":{"line":129,"column":8},"end":{"line":129,"column":23}},"20":{"start":{"line":136,"column":8},"end":{"line":136,"column":35}},"21":{"start":{"line":140,"column":8},"end":{"line":140,"column":33}},"22":{"start":{"line":155,"column":8},"end":{"line":155,"column":79}}},"branchMap":{}},"contracts/assets/ERC721/ERC721OwlAttributes.sol":{"l":{"27":20,"37":0,"47":20,"48":20,"50":20,"61":13,"70":0,"72":0,"73":0,"84":20,"85":20,"86":20,"96":0,"97":0,"98":0,"108":18,"109":18,"118":31,"119":31,"123":0,"132":0},"path":"/home/VulcanLinkProjects/contracts/packages/owlprotocol-contracts/contracts/assets/ERC721/ERC721OwlAttributes.sol","s":{"1":20,"2":0,"3":20,"4":20,"5":20,"6":13,"7":0,"8":0,"9":0,"10":20,"11":20,"12":20,"13":0,"14":0,"15":0,"16":18,"17":18,"18":31,"19":31,"20":0,"21":0},"b":{"1":[0,0],"2":[18,0],"3":[31,0]},"f":{"1":20,"2":0,"3":20,"4":20,"5":13,"6":0,"7":20,"8":0,"9":18,"10":31,"11":0,"12":0},"fnMap":{"1":{"name":"initialize","line":26,"loc":{"start":{"line":20,"column":4},"end":{"line":28,"column":4}}},"2":{"name":"proxyInitialize","line":36,"loc":{"start":{"line":30,"column":4},"end":{"line":38,"column":4}}},"3":{"name":"__ERC721OwlAttributes_init","line":46,"loc":{"start":{"line":40,"column":4},"end":{"line":51,"column":4}}},"4":{"name":"__ERC721OwlAttributes_init_unchained","line":53,"loc":{"start":{"line":53,"column":4},"end":{"line":53,"column":79}}},"5":{"name":"grantDna","line":60,"loc":{"start":{"line":60,"column":4},"end":{"line":62,"column":4}}},"6":{"name":"tokenURI","line":69,"loc":{"start":{"line":69,"column":4},"end":{"line":74,"column":4}}},"7":{"name":"mint","line":83,"loc":{"start":{"line":83,"column":4},"end":{"line":87,"column":4}}},"8":{"name":"safeMint","line":95,"loc":{"start":{"line":95,"column":4},"end":{"line":99,"column":4}}},"9":{"name":"updateDna","line":107,"loc":{"start":{"line":107,"column":4},"end":{"line":110,"column":4}}},"10":{"name":"getDna","line":117,"loc":{"start":{"line":117,"column":4},"end":{"line":120,"column":4}}},"11":{"name":"version","line":122,"loc":{"start":{"line":122,"column":4},"end":{"line":124,"column":4}}},"12":{"name":"supportsInterface","line":131,"loc":{"start":{"line":131,"column":4},"end":{"line":133,"column":4}}}},"statementMap":{"1":{"start":{"line":27,"column":8},"end":{"line":27,"column":79}},"2":{"start":{"line":37,"column":8},"end":{"line":37,"column":79}},"3":{"start":{"line":47,"column":8},"end":{"line":47,"column":69}},"4":{"start":{"line":48,"column":8},"end":{"line":48,"column":35}},"5":{"start":{"line":50,"column":8},"end":{"line":50,"column":45}},"6":{"start":{"line":61,"column":8},"end":{"line":61,"column":31}},"7":{"start":{"line":70,"column":8},"end":{"line":70,"column":83}},"8":{"start":{"line":72,"column":8},"end":{"line":72,"column":42}},"9":{"start":{"line":73,"column":8},"end":{"line":73,"column":105}},"10":{"start":{"line":84,"column":8},"end":{"line":84,"column":35}},"11":{"start":{"line":85,"column":8},"end":{"line":85,"column":34}},"12":{"start":{"line":86,"column":8},"end":{"line":86,"column":25}},"13":{"start":{"line":96,"column":8},"end":{"line":96,"column":35}},"14":{"start":{"line":97,"column":8},"end":{"line":97,"column":38}},"15":{"start":{"line":98,"column":8},"end":{"line":98,"column":25}},"16":{"start":{"line":108,"column":8},"end":{"line":108,"column":83}},"17":{"start":{"line":109,"column":8},"end":{"line":109,"column":26}},"18":{"start":{"line":118,"column":8},"end":{"line":118,"column":83}},"19":{"start":{"line":119,"column":8},"end":{"line":119,"column":28}},"20":{"start":{"line":123,"column":8},"end":{"line":123,"column":23}},"21":{"start":{"line":132,"column":8},"end":{"line":132,"column":79}}},"branchMap":{"1":{"line":70,"type":"if","locations":[{"start":{"line":70,"column":8},"end":{"line":70,"column":8}},{"start":{"line":70,"column":8},"end":{"line":70,"column":8}}]},"2":{"line":108,"type":"if","locations":[{"start":{"line":108,"column":8},"end":{"line":108,"column":8}},{"start":{"line":108,"column":8},"end":{"line":108,"column":8}}]},"3":{"line":118,"type":"if","locations":[{"start":{"line":118,"column":8},"end":{"line":118,"column":8}},{"start":{"line":118,"column":8},"end":{"line":118,"column":8}}]}}},"contracts/assets/ERC721/ERC721OwlExpiring.sol":{"l":{"25":0,"35":0,"45":0,"46":0,"48":0,"59":0,"66":0,"67":0,"68":0,"75":0,"76":0,"78":0,"79":0,"86":0,"87":0,"89":0,"94":0,"101":0,"102":0,"113":0,"114":0,"125":0,"126":0,"133":0,"140":0,"154":0,"155":0,"156":0,"170":0,"171":0,"172":0,"176":0,"180":0,"184":0,"188":0,"198":1},"path":"/home/VulcanLinkProjects/contracts/packages/owlprotocol-contracts/contracts/assets/ERC721/ERC721OwlExpiring.sol","s":{"1":0,"2":0,"3":0,"4":0,"5":0,"6":0,"7":0,"8":0,"9":0,"10":0,"11":0,"12":0,"13":0,"14":0,"15":0,"16":0,"17":0,"18":0,"19":0,"20":0,"21":0,"22":0,"23":0,"24":0,"25":0,"26":0,"27":0,"28":0,"29":0,"30":0,"31":0,"32":0,"33":0,"34":0,"35":0,"36":0,"37":0,"38":1},"b":{"1":[0,0],"2":[0,0],"3":[0,0],"4":[0,0],"5":[0,0],"6":[0,0],"7":[0,0],"8":[0,0],"9":[0,0],"10":[0,0]},"f":{"1":0,"2":0,"3":0,"4":0,"5":0,"6":0,"7":0,"8":0,"9":0,"10":0,"11":0,"12":0,"13":0,"14":0,"15":0,"16":0,"17":0,"18":0,"19":0,"20":1},"fnMap":{"1":{"name":"initialize","line":24,"loc":{"start":{"line":18,"column":4},"end":{"line":26,"column":4}}},"2":{"name":"proxyInitialize","line":34,"loc":{"start":{"line":28,"column":4},"end":{"line":36,"column":4}}},"3":{"name":"__ERC721OwlExpiring_init","line":44,"loc":{"start":{"line":38,"column":4},"end":{"line":49,"column":4}}},"4":{"name":"__ERC721OwlExpiring_init_unchained","line":51,"loc":{"start":{"line":51,"column":4},"end":{"line":51,"column":77}}},"5":{"name":"grantExpiry","line":58,"loc":{"start":{"line":58,"column":4},"end":{"line":60,"column":4}}},"6":{"name":"ownerOf","line":65,"loc":{"start":{"line":65,"column":4},"end":{"line":69,"column":4}}},"7":{"name":"tokenURI","line":74,"loc":{"start":{"line":74,"column":4},"end":{"line":80,"column":4}}},"8":{"name":"approve","line":85,"loc":{"start":{"line":85,"column":4},"end":{"line":95,"column":4}}},"9":{"name":"getApproved","line":100,"loc":{"start":{"line":100,"column":4},"end":{"line":103,"column":4}}},"10":{"name":"transferFrom","line":108,"loc":{"start":{"line":108,"column":4},"end":{"line":115,"column":4}}},"11":{"name":"safeTransferFrom","line":120,"loc":{"start":{"line":120,"column":4},"end":{"line":127,"column":4}}},"12":{"name":"mint","line":132,"loc":{"start":{"line":132,"column":4},"end":{"line":134,"column":4}}},"13":{"name":"safeMint","line":139,"loc":{"start":{"line":139,"column":4},"end":{"line":141,"column":4}}},"14":{"name":"mint","line":153,"loc":{"start":{"line":149,"column":4},"end":{"line":157,"column":4}}},"15":{"name":"safeMint","line":169,"loc":{"start":{"line":165,"column":4},"end":{"line":173,"column":4}}},"16":{"name":"extendExpiry","line":175,"loc":{"start":{"line":175,"column":4},"end":{"line":177,"column":4}}},"17":{"name":"getExpiry","line":179,"loc":{"start":{"line":179,"column":4},"end":{"line":181,"column":4}}},"18":{"name":"_expired","line":183,"loc":{"start":{"line":183,"column":4},"end":{"line":185,"column":4}}},"19":{"name":"version","line":187,"loc":{"start":{"line":187,"column":4},"end":{"line":189,"column":4}}},"20":{"name":"supportsInterface","line":197,"loc":{"start":{"line":197,"column":4},"end":{"line":199,"column":4}}}},"statementMap":{"1":{"start":{"line":25,"column":8},"end":{"line":25,"column":77}},"2":{"start":{"line":35,"column":8},"end":{"line":35,"column":77}},"3":{"start":{"line":45,"column":8},"end":{"line":45,"column":69}},"4":{"start":{"line":46,"column":8},"end":{"line":46,"column":38}},"5":{"start":{"line":48,"column":8},"end":{"line":48,"column":43}},"6":{"start":{"line":59,"column":8},"end":{"line":59,"column":34}},"7":{"start":{"line":66,"column":8},"end":{"line":66,"column":79}},"8":{"start":{"line":67,"column":8},"end":{"line":67,"column":58}},"9":{"start":{"line":68,"column":8},"end":{"line":68,"column":20}},"10":{"start":{"line":75,"column":8},"end":{"line":75,"column":83}},"11":{"start":{"line":76,"column":8},"end":{"line":76,"column":85}},"12":{"start":{"line":78,"column":8},"end":{"line":78,"column":42}},"13":{"start":{"line":79,"column":8},"end":{"line":79,"column":101}},"14":{"start":{"line":86,"column":8},"end":{"line":86,"column":40}},"15":{"start":{"line":87,"column":8},"end":{"line":87,"column":64}},"16":{"start":{"line":89,"column":8},"end":{"line":89,"column":2890}},"17":{"start":{"line":94,"column":8},"end":{"line":94,"column":28}},"18":{"start":{"line":101,"column":8},"end":{"line":101,"column":82}},"19":{"start":{"line":102,"column":8},"end":{"line":102,"column":53}},"20":{"start":{"line":113,"column":8},"end":{"line":113,"column":82}},"21":{"start":{"line":114,"column":8},"end":{"line":114,"column":56}},"22":{"start":{"line":125,"column":8},"end":{"line":125,"column":82}},"23":{"start":{"line":126,"column":8},"end":{"line":126,"column":46}},"24":{"start":{"line":133,"column":8},"end":{"line":133,"column":53}},"25":{"start":{"line":140,"column":8},"end":{"line":140,"column":53}},"26":{"start":{"line":154,"column":8},"end":{"line":154,"column":45}},"27":{"start":{"line":154,"column":31},"end":{"line":154,"column":44}},"28":{"start":{"line":155,"column":8},"end":{"line":155,"column":54}},"29":{"start":{"line":156,"column":8},"end":{"line":156,"column":25}},"30":{"start":{"line":170,"column":8},"end":{"line":170,"column":45}},"31":{"start":{"line":170,"column":31},"end":{"line":170,"column":44}},"32":{"start":{"line":171,"column":8},"end":{"line":171,"column":54}},"33":{"start":{"line":172,"column":8},"end":{"line":172,"column":29}},"34":{"start":{"line":176,"column":8},"end":{"line":176,"column":39}},"35":{"start":{"line":180,"column":8},"end":{"line":180,"column":31}},"36":{"start":{"line":184,"column":8},"end":{"line":184,"column":74}},"37":{"start":{"line":188,"column":8},"end":{"line":188,"column":23}},"38":{"start":{"line":198,"column":8},"end":{"line":198,"column":79}}},"branchMap":{"1":{"line":66,"type":"if","locations":[{"start":{"line":66,"column":8},"end":{"line":66,"column":8}},{"start":{"line":66,"column":8},"end":{"line":66,"column":8}}]},"2":{"line":75,"type":"if","locations":[{"start":{"line":75,"column":8},"end":{"line":75,"column":8}},{"start":{"line":75,"column":8},"end":{"line":75,"column":8}}]},"3":{"line":76,"type":"if","locations":[{"start":{"line":76,"column":8},"end":{"line":76,"column":8}},{"start":{"line":76,"column":8},"end":{"line":76,"column":8}}]},"4":{"line":87,"type":"if","locations":[{"start":{"line":87,"column":8},"end":{"line":87,"column":8}},{"start":{"line":87,"column":8},"end":{"line":87,"column":8}}]},"5":{"line":89,"type":"if","locations":[{"start":{"line":89,"column":8},"end":{"line":89,"column":8}},{"start":{"line":89,"column":8},"end":{"line":89,"column":8}}]},"6":{"line":101,"type":"if","locations":[{"start":{"line":101,"column":8},"end":{"line":101,"column":8}},{"start":{"line":101,"column":8},"end":{"line":101,"column":8}}]},"7":{"line":113,"type":"if","locations":[{"start":{"line":113,"column":8},"end":{"line":113,"column":8}},{"start":{"line":113,"column":8},"end":{"line":113,"column":8}}]},"8":{"line":125,"type":"if","locations":[{"start":{"line":125,"column":8},"end":{"line":125,"column":8}},{"start":{"line":125,"column":8},"end":{"line":125,"column":8}}]},"9":{"line":154,"type":"if","locations":[{"start":{"line":154,"column":8},"end":{"line":154,"column":8}},{"start":{"line":154,"column":8},"end":{"line":154,"column":8}}]},"10":{"line":170,"type":"if","locations":[{"start":{"line":170,"column":8},"end":{"line":170,"column":8}},{"start":{"line":170,"column":8},"end":{"line":170,"column":8}}]}}},"contracts/finance/AuctionLib.sol":{"l":{},"path":"/home/VulcanLinkProjects/contracts/packages/owlprotocol-contracts/contracts/finance/AuctionLib.sol","s":{},"b":{},"f":{},"fnMap":{},"statementMap":{},"branchMap":{}},"contracts/finance/DutchAuction.sol":{"l":{"58":1,"86":0,"112":0,"138":0,"140":0,"164":0,"165":0,"167":0,"169":0,"170":0,"171":0,"172":0,"173":0,"174":0,"175":0,"176":0,"179":0,"180":0,"183":0,"190":0,"207":0,"208":0,"209":0,"212":0,"213":0,"215":0,"217":0,"227":0,"228":0,"230":0,"232":0,"238":0,"245":0,"246":0,"248":0,"256":0,"258":0,"266":0,"268":0,"269":0,"271":0,"279":0,"294":1},"path":"/home/VulcanLinkProjects/contracts/packages/owlprotocol-contracts/contracts/finance/DutchAuction.sol","s":{"1":1,"2":0,"3":0,"4":0,"5":0,"6":0,"7":0,"8":0,"9":0,"10":0,"11":0,"12":0,"13":0,"14":0,"15":0,"16":0,"17":0,"18":0,"19":0,"20":0,"21":0,"22":0,"23":0,"24":0,"25":0,"26":0,"27":0,"28":0,"29":0,"30":0,"31":0,"32":0,"33":0,"34":0,"35":0,"36":0,"37":0,"38":0,"39":0,"40":0,"41":0,"42":0,"43":0,"44":0,"45":0,"46":0,"47":1},"b":{"1":[0,0],"2":[0,0],"3":[0,0],"4":[0,0],"5":[0,0],"6":[0,0],"7":[0,0],"8":[0,0],"9":[0,0],"10":[0,0],"11":[0,0],"12":[0,0]},"f":{"1":1,"2":0,"3":0,"4":0,"5":0,"6":0,"7":0,"8":0,"9":1},"fnMap":{"1":{"name":"constructor","line":57,"loc":{"start":{"line":57,"column":4},"end":{"line":59,"column":4}}},"2":{"name":"initialize","line":85,"loc":{"start":{"line":74,"column":4},"end":{"line":98,"column":4}}},"3":{"name":"proxyInitialize","line":111,"loc":{"start":{"line":100,"column":4},"end":{"line":124,"column":4}}},"4":{"name":"__DutchAuction_init","line":137,"loc":{"start":{"line":126,"column":4},"end":{"line":151,"column":4}}},"5":{"name":"__DutchAuction_init_unchained","line":163,"loc":{"start":{"line":153,"column":4},"end":{"line":191,"column":4}}},"6":{"name":"getCurrentPrice","line":205,"loc":{"start":{"line":205,"column":4},"end":{"line":220,"column":4}}},"7":{"name":"bid","line":226,"loc":{"start":{"line":226,"column":4},"end":{"line":259,"column":4}}},"8":{"name":"claim","line":264,"loc":{"start":{"line":264,"column":4},"end":{"line":280,"column":4}}},"9":{"name":"supportsInterface","line":287,"loc":{"start":{"line":287,"column":4},"end":{"line":295,"column":4}}}},"statementMap":{"1":{"start":{"line":58,"column":8},"end":{"line":58,"column":29}},"2":{"start":{"line":86,"column":8},"end":{"line":86,"column":3601}},"3":{"start":{"line":112,"column":8},"end":{"line":112,"column":4289}},"4":{"start":{"line":138,"column":8},"end":{"line":138,"column":42}},"5":{"start":{"line":140,"column":8},"end":{"line":140,"column":5027}},"6":{"start":{"line":164,"column":8},"end":{"line":164,"column":99}},"7":{"start":{"line":165,"column":8},"end":{"line":165,"column":21}},"8":{"start":{"line":167,"column":8},"end":{"line":167,"column":45}},"9":{"start":{"line":169,"column":8},"end":{"line":169,"column":23}},"10":{"start":{"line":170,"column":8},"end":{"line":170,"column":41}},"11":{"start":{"line":171,"column":8},"end":{"line":171,"column":31}},"12":{"start":{"line":172,"column":8},"end":{"line":172,"column":27}},"13":{"start":{"line":173,"column":8},"end":{"line":173,"column":33}},"14":{"start":{"line":174,"column":8},"end":{"line":174,"column":23}},"15":{"start":{"line":175,"column":8},"end":{"line":175,"column":25}},"16":{"start":{"line":176,"column":8},"end":{"line":176,"column":39}},"17":{"start":{"line":179,"column":8},"end":{"line":179,"column":6164}},"18":{"start":{"line":180,"column":12},"end":{"line":180,"column":102}},"19":{"start":{"line":181,"column":13},"end":{"line":181,"column":6331}},"20":{"start":{"line":183,"column":12},"end":{"line":183,"column":6428}},"21":{"start":{"line":190,"column":8},"end":{"line":190,"column":34}},"22":{"start":{"line":207,"column":8},"end":{"line":207,"column":82}},"23":{"start":{"line":207,"column":60},"end":{"line":207,"column":82}},"24":{"start":{"line":208,"column":8},"end":{"line":208,"column":7124}},"25":{"start":{"line":209,"column":12},"end":{"line":209,"column":7160}},"26":{"start":{"line":212,"column":12},"end":{"line":212,"column":60}},"27":{"start":{"line":213,"column":12},"end":{"line":213,"column":119}},"28":{"start":{"line":215,"column":12},"end":{"line":215,"column":94}},"29":{"start":{"line":217,"column":8},"end":{"line":217,"column":7711}},"30":{"start":{"line":227,"column":8},"end":{"line":227,"column":84}},"31":{"start":{"line":228,"column":8},"end":{"line":228,"column":81}},"32":{"start":{"line":230,"column":8},"end":{"line":230,"column":44}},"33":{"start":{"line":232,"column":8},"end":{"line":232,"column":8173}},"34":{"start":{"line":238,"column":8},"end":{"line":238,"column":8372}},"35":{"start":{"line":245,"column":8},"end":{"line":245,"column":8580}},"36":{"start":{"line":246,"column":12},"end":{"line":246,"column":110}},"37":{"start":{"line":247,"column":13},"end":{"line":247,"column":8754}},"38":{"start":{"line":248,"column":12},"end":{"line":248,"column":8814}},"39":{"start":{"line":256,"column":8},"end":{"line":256,"column":22}},"40":{"start":{"line":258,"column":8},"end":{"line":258,"column":40}},"41":{"start":{"line":266,"column":8},"end":{"line":266,"column":117}},"42":{"start":{"line":268,"column":8},"end":{"line":268,"column":9445}},"43":{"start":{"line":269,"column":12},"end":{"line":269,"column":104}},"44":{"start":{"line":270,"column":13},"end":{"line":270,"column":9613}},"45":{"start":{"line":271,"column":12},"end":{"line":271,"column":9673}},"46":{"start":{"line":279,"column":8},"end":{"line":279,"column":61}},"47":{"start":{"line":294,"column":8},"end":{"line":294,"column":79}}},"branchMap":{"1":{"line":164,"type":"if","locations":[{"start":{"line":164,"column":8},"end":{"line":164,"column":8}},{"start":{"line":164,"column":8},"end":{"line":164,"column":8}}]},"2":{"line":179,"type":"if","locations":[{"start":{"line":179,"column":8},"end":{"line":179,"column":8}},{"start":{"line":179,"column":8},"end":{"line":179,"column":8}}]},"3":{"line":181,"type":"if","locations":[{"start":{"line":181,"column":13},"end":{"line":181,"column":13}},{"start":{"line":181,"column":13},"end":{"line":181,"column":13}}]},"4":{"line":207,"type":"if","locations":[{"start":{"line":207,"column":8},"end":{"line":207,"column":8}},{"start":{"line":207,"column":8},"end":{"line":207,"column":8}}]},"5":{"line":208,"type":"if","locations":[{"start":{"line":208,"column":8},"end":{"line":208,"column":8}},{"start":{"line":208,"column":8},"end":{"line":208,"column":8}}]},"6":{"line":227,"type":"if","locations":[{"start":{"line":227,"column":8},"end":{"line":227,"column":8}},{"start":{"line":227,"column":8},"end":{"line":227,"column":8}}]},"7":{"line":228,"type":"if","locations":[{"start":{"line":228,"column":8},"end":{"line":228,"column":8}},{"start":{"line":228,"column":8},"end":{"line":228,"column":8}}]},"8":{"line":245,"type":"if","locations":[{"start":{"line":245,"column":8},"end":{"line":245,"column":8}},{"start":{"line":245,"column":8},"end":{"line":245,"column":8}}]},"9":{"line":247,"type":"if","locations":[{"start":{"line":247,"column":13},"end":{"line":247,"column":13}},{"start":{"line":247,"column":13},"end":{"line":247,"column":13}}]},"10":{"line":266,"type":"if","locations":[{"start":{"line":266,"column":8},"end":{"line":266,"column":8}},{"start":{"line":266,"column":8},"end":{"line":266,"column":8}}]},"11":{"line":268,"type":"if","locations":[{"start":{"line":268,"column":8},"end":{"line":268,"column":8}},{"start":{"line":268,"column":8},"end":{"line":268,"column":8}}]},"12":{"line":270,"type":"if","locations":[{"start":{"line":270,"column":13},"end":{"line":270,"column":13}},{"start":{"line":270,"column":13},"end":{"line":270,"column":13}}]}}},"contracts/finance/EnglishAuction.sol":{"l":{"59":1,"85":0,"109":0,"133":0,"135":0,"157":0,"158":0,"160":0,"162":0,"163":0,"164":0,"165":0,"166":0,"167":0,"170":0,"171":0,"174":0,"193":0,"195":0,"196":0,"198":0,"206":0,"207":0,"208":0,"210":0,"211":0,"212":0,"214":0,"222":0,"224":0,"233":0,"235":0,"236":0,"238":0,"240":0,"248":0,"249":0,"250":0,"252":0,"253":0,"254":0,"256":0,"261":0,"262":0,"264":0,"278":0,"279":0,"280":0,"281":0,"283":0,"284":0,"286":0,"304":0,"311":0,"312":0,"327":1},"path":"/home/VulcanLinkProjects/contracts/packages/owlprotocol-contracts/contracts/finance/EnglishAuction.sol","s":{"1":1,"2":0,"3":0,"4":0,"5":0,"6":0,"7":0,"8":0,"9":0,"10":0,"11":0,"12":0,"13":0,"14":0,"15":0,"16":0,"17":0,"18":0,"19":0,"20":0,"21":0,"22":0,"23":0,"24":0,"25":0,"26":0,"27":0,"28":0,"29":0,"30":0,"31":0,"32":0,"33":0,"34":0,"35":0,"36":0,"37":0,"38":0,"39":0,"40":0,"41":0,"42":0,"43":0,"44":0,"45":0,"46":0,"47":0,"48":0,"49":0,"50":0,"51":0,"52":0,"53":0,"54":0,"55":0,"56":0,"57":0,"58":0,"59":0,"60":0,"61":1},"b":{"1":[0,0],"2":[0,0],"3":[0,0],"4":[0,0],"5":[0,0],"6":[0,0],"7":[0,0],"8":[0,0],"9":[0,0],"10":[0,0],"11":[0,0],"12":[0,0],"13":[0,0],"14":[0,0],"15":[0,0],"16":[0,0],"17":[0,0],"18":[0,0],"19":[0,0],"20":[0,0],"21":[0,0],"22":[0,0]},"f":{"1":1,"2":0,"3":0,"4":0,"5":0,"6":0,"7":0,"8":0,"9":0,"10":0,"11":0,"12":0,"13":1},"fnMap":{"1":{"name":"constructor","line":58,"loc":{"start":{"line":58,"column":4},"end":{"line":60,"column":4}}},"2":{"name":"initialize","line":84,"loc":{"start":{"line":74,"column":4},"end":{"line":96,"column":4}}},"3":{"name":"proxyInitialize","line":108,"loc":{"start":{"line":98,"column":4},"end":{"line":120,"column":4}}},"4":{"name":"__EnglishAuction_init","line":132,"loc":{"start":{"line":122,"column":4},"end":{"line":145,"column":4}}},"5":{"name":"__EnglishAuction_init_unchained","line":156,"loc":{"start":{"line":147,"column":4},"end":{"line":181,"column":4}}},"6":{"name":"start","line":192,"loc":{"start":{"line":192,"column":4},"end":{"line":199,"column":4}}},"7":{"name":"bid","line":205,"loc":{"start":{"line":205,"column":4},"end":{"line":225,"column":4}}},"8":{"name":"withdraw","line":231,"loc":{"start":{"line":231,"column":4},"end":{"line":241,"column":4}}},"9":{"name":"ownerClaim","line":247,"loc":{"start":{"line":247,"column":4},"end":{"line":272,"column":4}}},"10":{"name":"winnerClaim","line":277,"loc":{"start":{"line":277,"column":4},"end":{"line":293,"column":4}}},"11":{"name":"getCurrentBid","line":302,"loc":{"start":{"line":302,"column":4},"end":{"line":305,"column":4}}},"12":{"name":"getRemainingTime","line":310,"loc":{"start":{"line":310,"column":4},"end":{"line":313,"column":4}}},"13":{"name":"supportsInterface","line":320,"loc":{"start":{"line":320,"column":4},"end":{"line":328,"column":4}}}},"statementMap":{"1":{"start":{"line":59,"column":8},"end":{"line":59,"column":29}},"2":{"start":{"line":85,"column":8},"end":{"line":85,"column":3595}},"3":{"start":{"line":109,"column":8},"end":{"line":109,"column":4234}},"4":{"start":{"line":133,"column":8},"end":{"line":133,"column":42}},"5":{"start":{"line":135,"column":8},"end":{"line":135,"column":4925}},"6":{"start":{"line":157,"column":8},"end":{"line":157,"column":87}},"7":{"start":{"line":158,"column":8},"end":{"line":158,"column":21}},"8":{"start":{"line":160,"column":8},"end":{"line":160,"column":45}},"9":{"start":{"line":162,"column":8},"end":{"line":162,"column":23}},"10":{"start":{"line":163,"column":8},"end":{"line":163,"column":41}},"11":{"start":{"line":164,"column":8},"end":{"line":164,"column":31}},"12":{"start":{"line":165,"column":8},"end":{"line":165,"column":29}},"13":{"start":{"line":166,"column":8},"end":{"line":166,"column":25}},"14":{"start":{"line":167,"column":8},"end":{"line":167,"column":39}},"15":{"start":{"line":170,"column":8},"end":{"line":170,"column":5945}},"16":{"start":{"line":171,"column":12},"end":{"line":171,"column":100}},"17":{"start":{"line":172,"column":13},"end":{"line":172,"column":6109}},"18":{"start":{"line":174,"column":12},"end":{"line":174,"column":6205}},"19":{"start":{"line":193,"column":8},"end":{"line":193,"column":51}},"20":{"start":{"line":195,"column":8},"end":{"line":195,"column":21}},"21":{"start":{"line":196,"column":8},"end":{"line":196,"column":60}},"22":{"start":{"line":198,"column":8},"end":{"line":198,"column":35}},"23":{"start":{"line":206,"column":8},"end":{"line":206,"column":54}},"24":{"start":{"line":207,"column":8},"end":{"line":207,"column":64}},"25":{"start":{"line":208,"column":8},"end":{"line":208,"column":80}},"26":{"start":{"line":210,"column":8},"end":{"line":210,"column":35}},"27":{"start":{"line":211,"column":8},"end":{"line":211,"column":44}},"28":{"start":{"line":212,"column":8},"end":{"line":212,"column":56}},"29":{"start":{"line":214,"column":8},"end":{"line":214,"column":7473}},"30":{"start":{"line":222,"column":8},"end":{"line":222,"column":98}},"31":{"start":{"line":222,"column":49},"end":{"line":222,"column":97}},"32":{"start":{"line":224,"column":8},"end":{"line":224,"column":38}},"33":{"start":{"line":233,"column":8},"end":{"line":233,"column":100}},"34":{"start":{"line":235,"column":8},"end":{"line":235,"column":40}},"35":{"start":{"line":236,"column":8},"end":{"line":236,"column":29}},"36":{"start":{"line":238,"column":8},"end":{"line":238,"column":69}},"37":{"start":{"line":240,"column":8},"end":{"line":240,"column":40}},"38":{"start":{"line":248,"column":8},"end":{"line":248,"column":54}},"39":{"start":{"line":249,"column":8},"end":{"line":249,"column":69}},"40":{"start":{"line":250,"column":8},"end":{"line":250,"column":74}},"41":{"start":{"line":252,"column":8},"end":{"line":252,"column":26}},"42":{"start":{"line":253,"column":8},"end":{"line":253,"column":8807}},"43":{"start":{"line":254,"column":12},"end":{"line":254,"column":109}},"44":{"start":{"line":256,"column":12},"end":{"line":256,"column":8971}},"45":{"start":{"line":261,"column":12},"end":{"line":261,"column":9165}},"46":{"start":{"line":262,"column":16},"end":{"line":262,"column":108}},"47":{"start":{"line":263,"column":17},"end":{"line":263,"column":9341}},"48":{"start":{"line":264,"column":16},"end":{"line":264,"column":9405}},"49":{"start":{"line":278,"column":8},"end":{"line":278,"column":54}},"50":{"start":{"line":279,"column":8},"end":{"line":279,"column":69}},"51":{"start":{"line":280,"column":8},"end":{"line":280,"column":76}},"52":{"start":{"line":281,"column":8},"end":{"line":281,"column":106}},"53":{"start":{"line":283,"column":8},"end":{"line":283,"column":10162}},"54":{"start":{"line":284,"column":12},"end":{"line":284,"column":111}},"55":{"start":{"line":285,"column":13},"end":{"line":285,"column":10337}},"56":{"start":{"line":286,"column":12},"end":{"line":286,"column":10397}},"57":{"start":{"line":304,"column":8},"end":{"line":304,"column":34}},"58":{"start":{"line":311,"column":8},"end":{"line":311,"column":46}},"59":{"start":{"line":311,"column":38},"end":{"line":311,"column":46}},"60":{"start":{"line":312,"column":8},"end":{"line":312,"column":38}},"61":{"start":{"line":327,"column":8},"end":{"line":327,"column":79}}},"branchMap":{"1":{"line":157,"type":"if","locations":[{"start":{"line":157,"column":8},"end":{"line":157,"column":8}},{"start":{"line":157,"column":8},"end":{"line":157,"column":8}}]},"2":{"line":170,"type":"if","locations":[{"start":{"line":170,"column":8},"end":{"line":170,"column":8}},{"start":{"line":170,"column":8},"end":{"line":170,"column":8}}]},"3":{"line":172,"type":"if","locations":[{"start":{"line":172,"column":13},"end":{"line":172,"column":13}},{"start":{"line":172,"column":13},"end":{"line":172,"column":13}}]},"4":{"line":193,"type":"if","locations":[{"start":{"line":193,"column":8},"end":{"line":193,"column":8}},{"start":{"line":193,"column":8},"end":{"line":193,"column":8}}]},"5":{"line":206,"type":"if","locations":[{"start":{"line":206,"column":8},"end":{"line":206,"column":8}},{"start":{"line":206,"column":8},"end":{"line":206,"column":8}}]},"6":{"line":207,"type":"if","locations":[{"start":{"line":207,"column":8},"end":{"line":207,"column":8}},{"start":{"line":207,"column":8},"end":{"line":207,"column":8}}]},"7":{"line":208,"type":"if","locations":[{"start":{"line":208,"column":8},"end":{"line":208,"column":8}},{"start":{"line":208,"column":8},"end":{"line":208,"column":8}}]},"8":{"line":222,"type":"if","locations":[{"start":{"line":222,"column":8},"end":{"line":222,"column":8}},{"start":{"line":222,"column":8},"end":{"line":222,"column":8}}]},"9":{"line":233,"type":"if","locations":[{"start":{"line":233,"column":8},"end":{"line":233,"column":8}},{"start":{"line":233,"column":8},"end":{"line":233,"column":8}}]},"10":{"line":248,"type":"if","locations":[{"start":{"line":248,"column":8},"end":{"line":248,"column":8}},{"start":{"line":248,"column":8},"end":{"line":248,"column":8}}]},"11":{"line":249,"type":"if","locations":[{"start":{"line":249,"column":8},"end":{"line":249,"column":8}},{"start":{"line":249,"column":8},"end":{"line":249,"column":8}}]},"12":{"line":250,"type":"if","locations":[{"start":{"line":250,"column":8},"end":{"line":250,"column":8}},{"start":{"line":250,"column":8},"end":{"line":250,"column":8}}]},"13":{"line":253,"type":"if","locations":[{"start":{"line":253,"column":8},"end":{"line":253,"column":8}},{"start":{"line":253,"column":8},"end":{"line":253,"column":8}}]},"14":{"line":261,"type":"if","locations":[{"start":{"line":261,"column":12},"end":{"line":261,"column":12}},{"start":{"line":261,"column":12},"end":{"line":261,"column":12}}]},"15":{"line":263,"type":"if","locations":[{"start":{"line":263,"column":17},"end":{"line":263,"column":17}},{"start":{"line":263,"column":17},"end":{"line":263,"column":17}}]},"16":{"line":278,"type":"if","locations":[{"start":{"line":278,"column":8},"end":{"line":278,"column":8}},{"start":{"line":278,"column":8},"end":{"line":278,"column":8}}]},"17":{"line":279,"type":"if","locations":[{"start":{"line":279,"column":8},"end":{"line":279,"column":8}},{"start":{"line":279,"column":8},"end":{"line":279,"column":8}}]},"18":{"line":280,"type":"if","locations":[{"start":{"line":280,"column":8},"end":{"line":280,"column":8}},{"start":{"line":280,"column":8},"end":{"line":280,"column":8}}]},"19":{"line":281,"type":"if","locations":[{"start":{"line":281,"column":8},"end":{"line":281,"column":8}},{"start":{"line":281,"column":8},"end":{"line":281,"column":8}}]},"20":{"line":283,"type":"if","locations":[{"start":{"line":283,"column":8},"end":{"line":283,"column":8}},{"start":{"line":283,"column":8},"end":{"line":283,"column":8}}]},"21":{"line":285,"type":"if","locations":[{"start":{"line":285,"column":13},"end":{"line":285,"column":13}},{"start":{"line":285,"column":13},"end":{"line":285,"column":13}}]},"22":{"line":311,"type":"if","locations":[{"start":{"line":311,"column":8},"end":{"line":311,"column":8}},{"start":{"line":311,"column":8},"end":{"line":311,"column":8}}]}}},"contracts/finance/FixedPriceAuction.sol":{"l":{"56":1,"80":0,"102":0,"124":0,"126":0,"146":0,"147":0,"148":0,"149":0,"151":0,"153":0,"154":0,"155":0,"156":0,"157":0,"158":0,"161":0,"162":0,"165":0,"184":0,"185":0,"187":0,"189":0,"195":0,"203":0,"204":0,"206":0,"215":0,"224":0,"228":0,"231":0,"232":0,"234":0,"243":0,"258":1},"path":"/home/VulcanLinkProjects/contracts/packages/owlprotocol-contracts/contracts/finance/FixedPriceAuction.sol","s":{"1":1,"2":0,"3":0,"4":0,"5":0,"6":0,"7":0,"8":0,"9":0,"10":0,"11":0,"12":0,"13":0,"14":0,"15":0,"16":0,"17":0,"18":0,"19":0,"20":0,"21":0,"22":0,"23":0,"24":0,"25":0,"26":0,"27":0,"28":0,"29":0,"30":0,"31":0,"32":0,"33":0,"34":0,"35":0,"36":0,"37":0,"38":1},"b":{"1":[0,0],"2":[0,0],"3":[0,0],"4":[0,0],"5":[0,0],"6":[0,0],"7":[0,0],"8":[0,0],"9":[0,0],"10":[0,0],"11":[0,0],"12":[0,0]},"f":{"1":1,"2":0,"3":0,"4":0,"5":0,"6":0,"7":0,"8":1},"fnMap":{"1":{"name":"constructor","line":55,"loc":{"start":{"line":55,"column":4},"end":{"line":57,"column":4}}},"2":{"name":"initialize","line":79,"loc":{"start":{"line":70,"column":4},"end":{"line":90,"column":4}}},"3":{"name":"proxyInitialize","line":101,"loc":{"start":{"line":92,"column":4},"end":{"line":112,"column":4}}},"4":{"name":"__FixedPriceAuction_init","line":123,"loc":{"start":{"line":114,"column":4},"end":{"line":135,"column":4}}},"5":{"name":"__FixedPriceAuction_init_unchained","line":145,"loc":{"start":{"line":137,"column":4},"end":{"line":173,"column":4}}},"6":{"name":"buy","line":182,"loc":{"start":{"line":182,"column":4},"end":{"line":216,"column":4}}},"7":{"name":"claim","line":222,"loc":{"start":{"line":222,"column":4},"end":{"line":244,"column":4}}},"8":{"name":"supportsInterface","line":251,"loc":{"start":{"line":251,"column":4},"end":{"line":259,"column":4}}}},"statementMap":{"1":{"start":{"line":56,"column":8},"end":{"line":56,"column":29}},"2":{"start":{"line":80,"column":8},"end":{"line":80,"column":3253}},"3":{"start":{"line":102,"column":8},"end":{"line":102,"column":3833}},"4":{"start":{"line":124,"column":8},"end":{"line":124,"column":42}},"5":{"start":{"line":126,"column":8},"end":{"line":126,"column":4468}},"6":{"start":{"line":146,"column":8},"end":{"line":146,"column":104}},"7":{"start":{"line":147,"column":8},"end":{"line":147,"column":97}},"8":{"start":{"line":148,"column":8},"end":{"line":148,"column":21}},"9":{"start":{"line":149,"column":8},"end":{"line":149,"column":34}},"10":{"start":{"line":151,"column":8},"end":{"line":151,"column":45}},"11":{"start":{"line":153,"column":8},"end":{"line":153,"column":23}},"12":{"start":{"line":154,"column":8},"end":{"line":154,"column":41}},"13":{"start":{"line":155,"column":8},"end":{"line":155,"column":21}},"14":{"start":{"line":156,"column":8},"end":{"line":156,"column":23}},"15":{"start":{"line":157,"column":8},"end":{"line":157,"column":25}},"16":{"start":{"line":158,"column":8},"end":{"line":158,"column":39}},"17":{"start":{"line":161,"column":8},"end":{"line":161,"column":5575}},"18":{"start":{"line":162,"column":12},"end":{"line":162,"column":102}},"19":{"start":{"line":163,"column":13},"end":{"line":163,"column":5742}},"20":{"start":{"line":165,"column":12},"end":{"line":165,"column":5846}},"21":{"start":{"line":184,"column":8},"end":{"line":184,"column":89}},"22":{"start":{"line":185,"column":8},"end":{"line":185,"column":86}},"23":{"start":{"line":187,"column":8},"end":{"line":187,"column":22}},"24":{"start":{"line":189,"column":8},"end":{"line":189,"column":6520}},"25":{"start":{"line":195,"column":8},"end":{"line":195,"column":6716}},"26":{"start":{"line":203,"column":8},"end":{"line":203,"column":6947}},"27":{"start":{"line":204,"column":12},"end":{"line":204,"column":110}},"28":{"start":{"line":205,"column":13},"end":{"line":205,"column":7121}},"29":{"start":{"line":206,"column":12},"end":{"line":206,"column":7188}},"30":{"start":{"line":215,"column":8},"end":{"line":215,"column":37}},"31":{"start":{"line":224,"column":8},"end":{"line":224,"column":7708}},"32":{"start":{"line":228,"column":8},"end":{"line":228,"column":98}},"33":{"start":{"line":231,"column":8},"end":{"line":231,"column":8008}},"34":{"start":{"line":232,"column":12},"end":{"line":232,"column":104}},"35":{"start":{"line":233,"column":13},"end":{"line":233,"column":8176}},"36":{"start":{"line":234,"column":12},"end":{"line":234,"column":8243}},"37":{"start":{"line":243,"column":8},"end":{"line":243,"column":61}},"38":{"start":{"line":258,"column":8},"end":{"line":258,"column":79}}},"branchMap":{"1":{"line":146,"type":"if","locations":[{"start":{"line":146,"column":8},"end":{"line":146,"column":8}},{"start":{"line":146,"column":8},"end":{"line":146,"column":8}}]},"2":{"line":147,"type":"if","locations":[{"start":{"line":147,"column":8},"end":{"line":147,"column":8}},{"start":{"line":147,"column":8},"end":{"line":147,"column":8}}]},"3":{"line":161,"type":"if","locations":[{"start":{"line":161,"column":8},"end":{"line":161,"column":8}},{"start":{"line":161,"column":8},"end":{"line":161,"column":8}}]},"4":{"line":163,"type":"if","locations":[{"start":{"line":163,"column":13},"end":{"line":163,"column":13}},{"start":{"line":163,"column":13},"end":{"line":163,"column":13}}]},"5":{"line":184,"type":"if","locations":[{"start":{"line":184,"column":8},"end":{"line":184,"column":8}},{"start":{"line":184,"column":8},"end":{"line":184,"column":8}}]},"6":{"line":185,"type":"if","locations":[{"start":{"line":185,"column":8},"end":{"line":185,"column":8}},{"start":{"line":185,"column":8},"end":{"line":185,"column":8}}]},"7":{"line":203,"type":"if","locations":[{"start":{"line":203,"column":8},"end":{"line":203,"column":8}},{"start":{"line":203,"column":8},"end":{"line":203,"column":8}}]},"8":{"line":205,"type":"if","locations":[{"start":{"line":205,"column":13},"end":{"line":205,"column":13}},{"start":{"line":205,"column":13},"end":{"line":205,"column":13}}]},"9":{"line":224,"type":"if","locations":[{"start":{"line":224,"column":8},"end":{"line":224,"column":8}},{"start":{"line":224,"column":8},"end":{"line":224,"column":8}}]},"10":{"line":228,"type":"if","locations":[{"start":{"line":228,"column":8},"end":{"line":228,"column":8}},{"start":{"line":228,"column":8},"end":{"line":228,"column":8}}]},"11":{"line":231,"type":"if","locations":[{"start":{"line":231,"column":8},"end":{"line":231,"column":8}},{"start":{"line":231,"column":8},"end":{"line":231,"column":8}}]},"12":{"line":233,"type":"if","locations":[{"start":{"line":233,"column":13},"end":{"line":233,"column":13}},{"start":{"line":233,"column":13},"end":{"line":233,"column":13}}]}}},"contracts/OwlBase.sol":{"l":{"14":111,"16":111,"17":111,"28":21,"37":0,"44":648,"48":30,"52":618,"57":0,"58":0,"60":0,"65":0},"path":"/home/VulcanLinkProjects/contracts/packages/owlprotocol-contracts/contracts/OwlBase.sol","s":{"1":111,"2":111,"3":111,"4":21,"5":0,"6":648,"7":618,"8":0,"9":0,"10":0,"11":0},"b":{"1":[30,618],"2":[0,0]},"f":{"1":111,"2":111,"3":21,"4":0,"5":0,"6":648,"7":0,"8":0},"fnMap":{"1":{"name":"__OwlBase_init","line":13,"loc":{"start":{"line":13,"column":4},"end":{"line":18,"column":4}}},"2":{"name":"__OwlBase_init_unchained","line":20,"loc":{"start":{"line":20,"column":4},"end":{"line":20,"column":101}}},"3":{"name":"grantRouter","line":27,"loc":{"start":{"line":27,"column":4},"end":{"line":29,"column":4}}},"4":{"name":"_authorizeUpgrade","line":34,"loc":{"start":{"line":34,"column":4},"end":{"line":34,"column":88}}},"5":{"name":"getImplementation","line":36,"loc":{"start":{"line":36,"column":4},"end":{"line":38,"column":4}}},"6":{"name":"_msgSender","line":43,"loc":{"start":{"line":43,"column":4},"end":{"line":54,"column":4}}},"7":{"name":"_msgData","line":56,"loc":{"start":{"line":56,"column":4},"end":{"line":62,"column":4}}},"8":{"name":"versionRecipient","line":64,"loc":{"start":{"line":64,"column":4},"end":{"line":66,"column":4}}}},"statementMap":{"1":{"start":{"line":14,"column":8},"end":{"line":14,"column":51}},"2":{"start":{"line":16,"column":8},"end":{"line":16,"column":45}},"3":{"start":{"line":17,"column":8},"end":{"line":17,"column":42}},"4":{"start":{"line":28,"column":8},"end":{"line":28,"column":34}},"5":{"start":{"line":37,"column":8},"end":{"line":37,"column":35}},"6":{"start":{"line":44,"column":8},"end":{"line":44,"column":1436}},"7":{"start":{"line":52,"column":12},"end":{"line":52,"column":27}},"8":{"start":{"line":57,"column":8},"end":{"line":57,"column":1994}},"9":{"start":{"line":58,"column":12},"end":{"line":58,"column":51}},"10":{"start":{"line":60,"column":12},"end":{"line":60,"column":27}},"11":{"start":{"line":65,"column":8},"end":{"line":65,"column":22}}},"branchMap":{"1":{"line":44,"type":"if","locations":[{"start":{"line":44,"column":8},"end":{"line":44,"column":8}},{"start":{"line":44,"column":8},"end":{"line":44,"column":8}}]},"2":{"line":57,"type":"if","locations":[{"start":{"line":57,"column":8},"end":{"line":57,"column":8}},{"start":{"line":57,"column":8},"end":{"line":57,"column":8}}]}}},"contracts/plugins/Crafter/builds/CrafterMint.sol":{"l":{"58":25,"77":33,"88":0,"99":33,"100":33,"101":33,"102":33,"104":33,"113":33,"115":33,"117":33,"119":33,"121":33,"122":33,"133":12,"140":12,"163":27,"165":27,"188":27,"190":27,"204":4,"215":37,"217":37,"219":37,"220":45,"221":45,"223":29,"227":29,"228":323,"233":323,"235":29,"240":37,"241":37,"251":4,"252":4,"255":4,"257":4,"258":6,"259":6,"261":2,"265":4,"276":17,"277":17,"280":17,"283":17,"286":17,"287":19,"288":19,"290":3,"292":3,"301":0,"309":13,"310":13,"311":13,"313":13,"314":13,"323":0,"324":0,"328":0,"329":0,"333":0,"336":13,"340":3,"342":3,"343":3,"344":3,"346":3,"356":0,"357":0,"358":0,"359":0,"360":0,"363":0,"367":0,"368":0,"374":17,"375":19,"376":19,"378":3,"381":13,"382":13,"388":13,"392":3,"393":3,"394":3,"396":3,"400":17,"415":1},"path":"/home/VulcanLinkProjects/contracts/packages/owlprotocol-contracts/contracts/plugins/Crafter/builds/CrafterMint.sol","s":{"1":25,"2":33,"3":0,"4":33,"5":33,"6":33,"7":33,"8":33,"9":33,"10":33,"11":33,"12":33,"13":33,"14":33,"15":33,"16":12,"17":12,"18":27,"19":27,"20":27,"21":27,"22":4,"23":37,"24":37,"25":37,"26":45,"27":45,"28":29,"29":29,"30":323,"31":323,"32":29,"33":37,"34":37,"35":4,"36":4,"37":4,"38":4,"39":6,"40":6,"41":2,"42":2,"43":4,"44":17,"45":17,"46":17,"47":17,"48":17,"49":19,"50":19,"51":3,"52":3,"53":0,"54":16,"55":13,"56":13,"57":13,"58":13,"59":13,"60":0,"61":0,"62":0,"63":0,"64":0,"65":13,"66":3,"67":3,"68":3,"69":3,"70":3,"71":0,"72":0,"73":0,"74":0,"75":0,"76":0,"77":0,"78":0,"79":17,"80":19,"81":19,"82":3,"83":16,"84":13,"85":13,"86":13,"87":3,"88":3,"89":3,"90":3,"91":3,"92":17,"93":1},"b":{"1":[33,0],"2":[33,0],"3":[33,0],"4":[33,0],"5":[37,0],"6":[29,16],"7":[29,0],"8":[323,0],"9":[4,0],"10":[4,0],"11":[2,4],"12":[17,0],"13":[17,0],"14":[3,16],"15":[3,0],"16":[0,0],"17":[13,3],"18":[13,0],"19":[13,0],"20":[0,0],"21":[0,0],"22":[3,0],"23":[0,0],"24":[3,16],"25":[13,3],"26":[3,0]},"f":{"1":25,"2":33,"3":0,"4":33,"5":33,"6":12,"7":12,"8":27,"9":27,"10":4,"11":37,"12":4,"13":17,"14":1},"fnMap":{"1":{"name":"constructor","line":57,"loc":{"start":{"line":57,"column":4},"end":{"line":59,"column":4}}},"2":{"name":"initialize","line":76,"loc":{"start":{"line":69,"column":4},"end":{"line":78,"column":4}}},"3":{"name":"proxyInitialize","line":87,"loc":{"start":{"line":80,"column":4},"end":{"line":89,"column":4}}},"4":{"name":"__CrafterMint_init","line":98,"loc":{"start":{"line":91,"column":4},"end":{"line":105,"column":4}}},"5":{"name":"__CrafterMint_init_unchained","line":112,"loc":{"start":{"line":107,"column":4},"end":{"line":123,"column":4}}},"6":{"name":"getInputs","line":132,"loc":{"start":{"line":132,"column":4},"end":{"line":134,"column":4}}},"7":{"name":"getOutputs","line":139,"loc":{"start":{"line":139,"column":4},"end":{"line":141,"column":4}}},"8":{"name":"getInputIngredient","line":152,"loc":{"start":{"line":152,"column":4},"end":{"line":166,"column":4}}},"9":{"name":"getOutputIngredient","line":177,"loc":{"start":{"line":177,"column":4},"end":{"line":191,"column":4}}},"10":{"name":"deposit","line":203,"loc":{"start":{"line":203,"column":4},"end":{"line":205,"column":4}}},"11":{"name":"_deposit","line":213,"loc":{"start":{"line":213,"column":4},"end":{"line":242,"column":4}}},"12":{"name":"withdraw","line":249,"loc":{"start":{"line":249,"column":4},"end":{"line":266,"column":4}}},"13":{"name":"craft","line":274,"loc":{"start":{"line":274,"column":4},"end":{"line":401,"column":4}}},"14":{"name":"supportsInterface","line":408,"loc":{"start":{"line":408,"column":4},"end":{"line":416,"column":4}}}},"statementMap":{"1":{"start":{"line":58,"column":8},"end":{"line":58,"column":29}},"2":{"start":{"line":77,"column":8},"end":{"line":77,"column":96}},"3":{"start":{"line":88,"column":8},"end":{"line":88,"column":96}},"4":{"start":{"line":99,"column":8},"end":{"line":99,"column":85}},"5":{"start":{"line":100,"column":8},"end":{"line":100,"column":82}},"6":{"start":{"line":101,"column":8},"end":{"line":101,"column":84}},"7":{"start":{"line":102,"column":8},"end":{"line":102,"column":41}},"8":{"start":{"line":104,"column":8},"end":{"line":104,"column":86}},"9":{"start":{"line":113,"column":8},"end":{"line":113,"column":33}},"10":{"start":{"line":115,"column":8},"end":{"line":115,"column":55}},"11":{"start":{"line":117,"column":8},"end":{"line":117,"column":94}},"12":{"start":{"line":119,"column":8},"end":{"line":119,"column":116}},"13":{"start":{"line":121,"column":8},"end":{"line":121,"column":79}},"14":{"start":{"line":121,"column":34},"end":{"line":121,"column":78}},"15":{"start":{"line":122,"column":8},"end":{"line":122,"column":58}},"16":{"start":{"line":133,"column":8},"end":{"line":133,"column":21}},"17":{"start":{"line":140,"column":8},"end":{"line":140,"column":22}},"18":{"start":{"line":163,"column":8},"end":{"line":163,"column":55}},"19":{"start":{"line":165,"column":8},"end":{"line":165,"column":81}},"20":{"start":{"line":188,"column":8},"end":{"line":188,"column":56}},"21":{"start":{"line":190,"column":8},"end":{"line":190,"column":81}},"22":{"start":{"line":204,"column":8},"end":{"line":204,"column":49}},"23":{"start":{"line":215,"column":8},"end":{"line":215,"column":76}},"24":{"start":{"line":217,"column":8},"end":{"line":217,"column":33}},"25":{"start":{"line":219,"column":8},"end":{"line":219,"column":7825}},"26":{"start":{"line":220,"column":12},"end":{"line":220,"column":65}},"27":{"start":{"line":221,"column":12},"end":{"line":221,"column":7955}},"28":{"start":{"line":223,"column":16},"end":{"line":223,"column":8064}},"29":{"start":{"line":227,"column":16},"end":{"line":227,"column":8246}},"30":{"start":{"line":228,"column":20},"end":{"line":228,"column":8342}},"31":{"start":{"line":233,"column":20},"end":{"line":233,"column":80}},"32":{"start":{"line":235,"column":16},"end":{"line":235,"column":33}},"33":{"start":{"line":240,"column":8},"end":{"line":240,"column":39}},"34":{"start":{"line":241,"column":8},"end":{"line":241,"column":42}},"35":{"start":{"line":251,"column":8},"end":{"line":251,"column":78}},"36":{"start":{"line":252,"column":8},"end":{"line":252,"column":87}},"37":{"start":{"line":255,"column":8},"end":{"line":255,"column":40}},"38":{"start":{"line":257,"column":8},"end":{"line":257,"column":9532}},"39":{"start":{"line":258,"column":12},"end":{"line":258,"column":65}},"40":{"start":{"line":259,"column":12},"end":{"line":259,"column":9662}},"41":{"start":{"line":261,"column":16},"end":{"line":261,"column":86}},"42":{"start":{"line":261,"column":61},"end":{"line":261,"column":85}},"43":{"start":{"line":265,"column":8},"end":{"line":265,"column":42}},"44":{"start":{"line":276,"column":8},"end":{"line":276,"column":72}},"45":{"start":{"line":277,"column":8},"end":{"line":277,"column":93}},"46":{"start":{"line":280,"column":8},"end":{"line":280,"column":37}},"47":{"start":{"line":283,"column":8},"end":{"line":283,"column":32}},"48":{"start":{"line":286,"column":8},"end":{"line":286,"column":10643}},"49":{"start":{"line":287,"column":12},"end":{"line":287,"column":64}},"50":{"start":{"line":288,"column":12},"end":{"line":288,"column":10771}},"51":{"start":{"line":290,"column":16},"end":{"line":290,"column":10869}},"52":{"start":{"line":292,"column":20},"end":{"line":292,"column":10999}},"53":{"start":{"line":301,"column":20},"end":{"line":301,"column":11433}},"54":{"start":{"line":307,"column":19},"end":{"line":307,"column":11731}},"55":{"start":{"line":309,"column":16},"end":{"line":309,"column":77}},"56":{"start":{"line":310,"column":16},"end":{"line":310,"column":108}},"57":{"start":{"line":311,"column":16},"end":{"line":311,"column":12021}},"58":{"start":{"line":313,"column":20},"end":{"line":313,"column":12152}},"59":{"start":{"line":314,"column":24},"end":{"line":314,"column":12232}},"60":{"start":{"line":323,"column":20},"end":{"line":323,"column":12616}},"61":{"start":{"line":324,"column":24},"end":{"line":324,"column":12696}},"62":{"start":{"line":328,"column":24},"end":{"line":328,"column":61}},"63":{"start":{"line":329,"column":24},"end":{"line":329,"column":13004}},"64":{"start":{"line":333,"column":24},"end":{"line":333,"column":84}},"65":{"start":{"line":336,"column":16},"end":{"line":336,"column":32}},"66":{"start":{"line":340,"column":16},"end":{"line":340,"column":13496}},"67":{"start":{"line":342,"column":20},"end":{"line":342,"column":87}},"68":{"start":{"line":343,"column":20},"end":{"line":343,"column":13717}},"69":{"start":{"line":344,"column":24},"end":{"line":344,"column":71}},"70":{"start":{"line":346,"column":20},"end":{"line":346,"column":13891}},"71":{"start":{"line":356,"column":20},"end":{"line":356,"column":87}},"72":{"start":{"line":357,"column":20},"end":{"line":357,"column":88}},"73":{"start":{"line":358,"column":20},"end":{"line":358,"column":14522}},"74":{"start":{"line":359,"column":24},"end":{"line":359,"column":71}},"75":{"start":{"line":360,"column":24},"end":{"line":360,"column":49}},"76":{"start":{"line":363,"column":20},"end":{"line":363,"column":14750}},"77":{"start":{"line":367,"column":20},"end":{"line":367,"column":14959}},"78":{"start":{"line":368,"column":24},"end":{"line":368,"column":112}},"79":{"start":{"line":374,"column":8},"end":{"line":374,"column":15183}},"80":{"start":{"line":375,"column":12},"end":{"line":375,"column":65}},"81":{"start":{"line":376,"column":12},"end":{"line":376,"column":15313}},"82":{"start":{"line":378,"column":16},"end":{"line":378,"column":104}},"83":{"start":{"line":379,"column":19},"end":{"line":379,"column":15526}},"84":{"start":{"line":381,"column":16},"end":{"line":381,"column":15646}},"85":{"start":{"line":382,"column":20},"end":{"line":382,"column":15714}},"86":{"start":{"line":388,"column":20},"end":{"line":388,"column":44}},"87":{"start":{"line":390,"column":19},"end":{"line":390,"column":16035}},"88":{"start":{"line":392,"column":16},"end":{"line":392,"column":83}},"89":{"start":{"line":393,"column":16},"end":{"line":393,"column":16231}},"90":{"start":{"line":394,"column":20},"end":{"line":394,"column":67}},"91":{"start":{"line":396,"column":16},"end":{"line":396,"column":118}},"92":{"start":{"line":400,"column":8},"end":{"line":400,"column":68}},"93":{"start":{"line":415,"column":8},"end":{"line":415,"column":79}}},"branchMap":{"1":{"line":99,"type":"if","locations":[{"start":{"line":99,"column":8},"end":{"line":99,"column":8}},{"start":{"line":99,"column":8},"end":{"line":99,"column":8}}]},"2":{"line":100,"type":"if","locations":[{"start":{"line":100,"column":8},"end":{"line":100,"column":8}},{"start":{"line":100,"column":8},"end":{"line":100,"column":8}}]},"3":{"line":101,"type":"if","locations":[{"start":{"line":101,"column":8},"end":{"line":101,"column":8}},{"start":{"line":101,"column":8},"end":{"line":101,"column":8}}]},"4":{"line":121,"type":"if","locations":[{"start":{"line":121,"column":8},"end":{"line":121,"column":8}},{"start":{"line":121,"column":8},"end":{"line":121,"column":8}}]},"5":{"line":215,"type":"if","locations":[{"start":{"line":215,"column":8},"end":{"line":215,"column":8}},{"start":{"line":215,"column":8},"end":{"line":215,"column":8}}]},"6":{"line":221,"type":"if","locations":[{"start":{"line":221,"column":12},"end":{"line":221,"column":12}},{"start":{"line":221,"column":12},"end":{"line":221,"column":12}}]},"7":{"line":223,"type":"if","locations":[{"start":{"line":223,"column":16},"end":{"line":223,"column":16}},{"start":{"line":223,"column":16},"end":{"line":223,"column":16}}]},"8":{"line":228,"type":"if","locations":[{"start":{"line":228,"column":20},"end":{"line":228,"column":20}},{"start":{"line":228,"column":20},"end":{"line":228,"column":20}}]},"9":{"line":251,"type":"if","locations":[{"start":{"line":251,"column":8},"end":{"line":251,"column":8}},{"start":{"line":251,"column":8},"end":{"line":251,"column":8}}]},"10":{"line":252,"type":"if","locations":[{"start":{"line":252,"column":8},"end":{"line":252,"column":8}},{"start":{"line":252,"column":8},"end":{"line":252,"column":8}}]},"11":{"line":259,"type":"if","locations":[{"start":{"line":259,"column":12},"end":{"line":259,"column":12}},{"start":{"line":259,"column":12},"end":{"line":259,"column":12}}]},"12":{"line":276,"type":"if","locations":[{"start":{"line":276,"column":8},"end":{"line":276,"column":8}},{"start":{"line":276,"column":8},"end":{"line":276,"column":8}}]},"13":{"line":277,"type":"if","locations":[{"start":{"line":277,"column":8},"end":{"line":277,"column":8}},{"start":{"line":277,"column":8},"end":{"line":277,"column":8}}]},"14":{"line":288,"type":"if","locations":[{"start":{"line":288,"column":12},"end":{"line":288,"column":12}},{"start":{"line":288,"column":12},"end":{"line":288,"column":12}}]},"15":{"line":290,"type":"if","locations":[{"start":{"line":290,"column":16},"end":{"line":290,"column":16}},{"start":{"line":290,"column":16},"end":{"line":290,"column":16}}]},"16":{"line":301,"type":"if","locations":[{"start":{"line":301,"column":20},"end":{"line":301,"column":20}},{"start":{"line":301,"column":20},"end":{"line":301,"column":20}}]},"17":{"line":307,"type":"if","locations":[{"start":{"line":307,"column":19},"end":{"line":307,"column":19}},{"start":{"line":307,"column":19},"end":{"line":307,"column":19}}]},"18":{"line":310,"type":"if","locations":[{"start":{"line":310,"column":16},"end":{"line":310,"column":16}},{"start":{"line":310,"column":16},"end":{"line":310,"column":16}}]},"19":{"line":311,"type":"if","locations":[{"start":{"line":311,"column":16},"end":{"line":311,"column":16}},{"start":{"line":311,"column":16},"end":{"line":311,"column":16}}]},"20":{"line":324,"type":"if","locations":[{"start":{"line":324,"column":24},"end":{"line":324,"column":24}},{"start":{"line":324,"column":24},"end":{"line":324,"column":24}}]},"21":{"line":329,"type":"if","locations":[{"start":{"line":329,"column":24},"end":{"line":329,"column":24}},{"start":{"line":329,"column":24},"end":{"line":329,"column":24}}]},"22":{"line":340,"type":"if","locations":[{"start":{"line":340,"column":16},"end":{"line":340,"column":16}},{"start":{"line":340,"column":16},"end":{"line":340,"column":16}}]},"23":{"line":368,"type":"if","locations":[{"start":{"line":368,"column":24},"end":{"line":368,"column":24}},{"start":{"line":368,"column":24},"end":{"line":368,"column":24}}]},"24":{"line":376,"type":"if","locations":[{"start":{"line":376,"column":12},"end":{"line":376,"column":12}},{"start":{"line":376,"column":12},"end":{"line":376,"column":12}}]},"25":{"line":379,"type":"if","locations":[{"start":{"line":379,"column":19},"end":{"line":379,"column":19}},{"start":{"line":379,"column":19},"end":{"line":379,"column":19}}]},"26":{"line":390,"type":"if","locations":[{"start":{"line":390,"column":19},"end":{"line":390,"column":19}},{"start":{"line":390,"column":19},"end":{"line":390,"column":19}}]}}},"contracts/plugins/Crafter/builds/CrafterTransfer.sol":{"l":{"54":7,"75":24,"86":0,"97":24,"98":24,"99":24,"100":24,"102":24,"112":24,"114":24,"116":24,"118":24,"120":24,"121":24,"132":24,"139":24,"162":54,"164":54,"187":54,"189":54,"203":8,"219":32,"221":32,"223":32,"224":48,"225":48,"227":16,"235":16,"239":16,"240":16,"246":16,"248":16,"251":16,"252":16,"253":16,"255":16,"266":32,"267":32,"277":8,"278":8,"281":8,"283":8,"284":12,"285":12,"287":4,"293":4,"294":4,"299":4,"303":4,"304":4,"305":4,"307":4,"317":8,"328":14,"329":14,"332":14,"335":14,"338":14,"339":18,"340":18,"342":6,"344":6,"353":0,"361":6,"362":6,"363":6,"365":6,"366":6,"375":0,"376":0,"380":0,"381":0,"385":0,"388":6,"392":6,"394":6,"395":6,"396":6,"398":6,"408":0,"409":0,"410":0,"411":0,"412":0,"415":0,"419":0,"420":0,"426":14,"427":18,"428":18,"430":6,"437":6,"438":6,"444":6,"448":6,"449":6,"450":6,"452":6,"462":14,"477":1},"path":"/home/VulcanLinkProjects/contracts/packages/owlprotocol-contracts/contracts/plugins/Crafter/builds/CrafterTransfer.sol","s":{"1":7,"2":24,"3":0,"4":24,"5":24,"6":24,"7":24,"8":24,"9":24,"10":24,"11":24,"12":24,"13":24,"14":24,"15":24,"16":24,"17":24,"18":54,"19":54,"20":54,"21":54,"22":8,"23":32,"24":32,"25":32,"26":48,"27":48,"28":16,"29":32,"30":16,"31":16,"32":16,"33":16,"34":16,"35":16,"36":16,"37":16,"38":16,"39":16,"40":32,"41":32,"42":8,"43":8,"44":8,"45":8,"46":12,"47":12,"48":4,"49":8,"50":4,"51":4,"52":4,"53":4,"54":4,"55":4,"56":4,"57":4,"58":8,"59":14,"60":14,"61":14,"62":14,"63":14,"64":18,"65":18,"66":6,"67":6,"68":0,"69":12,"70":6,"71":6,"72":6,"73":6,"74":6,"75":0,"76":0,"77":0,"78":0,"79":0,"80":6,"81":6,"82":6,"83":6,"84":6,"85":6,"86":0,"87":0,"88":0,"89":0,"90":0,"91":0,"92":0,"93":0,"94":14,"95":18,"96":18,"97":6,"98":12,"99":6,"100":6,"101":6,"102":6,"103":6,"104":6,"105":6,"106":6,"107":14,"108":1},"b":{"1":[24,0],"2":[24,0],"3":[24,0],"4":[24,0],"5":[32,0],"6":[16,32],"7":[16,16],"8":[16,0],"9":[16,0],"10":[8,0],"11":[8,0],"12":[4,8],"13":[4,4],"14":[4,0],"15":[14,0],"16":[14,0],"17":[6,12],"18":[6,0],"19":[0,0],"20":[6,6],"21":[6,0],"22":[6,0],"23":[0,0],"24":[0,0],"25":[6,0],"26":[0,0],"27":[6,12],"28":[6,6],"29":[6,0]},"f":{"1":7,"2":24,"3":0,"4":24,"5":24,"6":24,"7":24,"8":54,"9":54,"10":8,"11":32,"12":8,"13":14,"14":1},"fnMap":{"1":{"name":"constructor","line":53,"loc":{"start":{"line":53,"column":4},"end":{"line":55,"column":4}}},"2":{"name":"initialize","line":74,"loc":{"start":{"line":67,"column":4},"end":{"line":76,"column":4}}},"3":{"name":"proxyInitialize","line":85,"loc":{"start":{"line":78,"column":4},"end":{"line":87,"column":4}}},"4":{"name":"__CrafterTransfer_init","line":96,"loc":{"start":{"line":89,"column":4},"end":{"line":103,"column":4}}},"5":{"name":"__CrafterTransfer_init_unchained","line":111,"loc":{"start":{"line":105,"column":4},"end":{"line":122,"column":4}}},"6":{"name":"getInputs","line":131,"loc":{"start":{"line":131,"column":4},"end":{"line":133,"column":4}}},"7":{"name":"getOutputs","line":138,"loc":{"start":{"line":138,"column":4},"end":{"line":140,"column":4}}},"8":{"name":"getInputIngredient","line":151,"loc":{"start":{"line":151,"column":4},"end":{"line":165,"column":4}}},"9":{"name":"getOutputIngredient","line":176,"loc":{"start":{"line":176,"column":4},"end":{"line":190,"column":4}}},"10":{"name":"deposit","line":202,"loc":{"start":{"line":202,"column":4},"end":{"line":204,"column":4}}},"11":{"name":"_deposit","line":213,"loc":{"start":{"line":213,"column":4},"end":{"line":268,"column":4}}},"12":{"name":"withdraw","line":275,"loc":{"start":{"line":275,"column":4},"end":{"line":318,"column":4}}},"13":{"name":"craft","line":326,"loc":{"start":{"line":326,"column":4},"end":{"line":463,"column":4}}},"14":{"name":"supportsInterface","line":470,"loc":{"start":{"line":470,"column":4},"end":{"line":478,"column":4}}}},"statementMap":{"1":{"start":{"line":54,"column":8},"end":{"line":54,"column":29}},"2":{"start":{"line":75,"column":8},"end":{"line":75,"column":100}},"3":{"start":{"line":86,"column":8},"end":{"line":86,"column":100}},"4":{"start":{"line":97,"column":8},"end":{"line":97,"column":89}},"5":{"start":{"line":98,"column":8},"end":{"line":98,"column":86}},"6":{"start":{"line":99,"column":8},"end":{"line":99,"column":88}},"7":{"start":{"line":100,"column":8},"end":{"line":100,"column":41}},"8":{"start":{"line":102,"column":8},"end":{"line":102,"column":98}},"9":{"start":{"line":112,"column":8},"end":{"line":112,"column":33}},"10":{"start":{"line":114,"column":8},"end":{"line":114,"column":55}},"11":{"start":{"line":116,"column":8},"end":{"line":116,"column":94}},"12":{"start":{"line":118,"column":8},"end":{"line":118,"column":116}},"13":{"start":{"line":120,"column":8},"end":{"line":120,"column":87}},"14":{"start":{"line":120,"column":34},"end":{"line":120,"column":86}},"15":{"start":{"line":121,"column":8},"end":{"line":121,"column":58}},"16":{"start":{"line":132,"column":8},"end":{"line":132,"column":21}},"17":{"start":{"line":139,"column":8},"end":{"line":139,"column":22}},"18":{"start":{"line":162,"column":8},"end":{"line":162,"column":55}},"19":{"start":{"line":164,"column":8},"end":{"line":164,"column":81}},"20":{"start":{"line":187,"column":8},"end":{"line":187,"column":56}},"21":{"start":{"line":189,"column":8},"end":{"line":189,"column":81}},"22":{"start":{"line":203,"column":8},"end":{"line":203,"column":63}},"23":{"start":{"line":219,"column":8},"end":{"line":219,"column":80}},"24":{"start":{"line":221,"column":8},"end":{"line":221,"column":33}},"25":{"start":{"line":223,"column":8},"end":{"line":223,"column":8044}},"26":{"start":{"line":224,"column":12},"end":{"line":224,"column":65}},"27":{"start":{"line":225,"column":12},"end":{"line":225,"column":8174}},"28":{"start":{"line":227,"column":16},"end":{"line":227,"column":8281}},"29":{"start":{"line":233,"column":19},"end":{"line":233,"column":8537}},"30":{"start":{"line":235,"column":16},"end":{"line":235,"column":8646}},"31":{"start":{"line":239,"column":16},"end":{"line":239,"column":8845}},"32":{"start":{"line":240,"column":20},"end":{"line":240,"column":8941}},"33":{"start":{"line":246,"column":20},"end":{"line":246,"column":80}},"34":{"start":{"line":248,"column":16},"end":{"line":248,"column":33}},"35":{"start":{"line":249,"column":19},"end":{"line":249,"column":9375}},"36":{"start":{"line":251,"column":16},"end":{"line":251,"column":83}},"37":{"start":{"line":252,"column":16},"end":{"line":252,"column":9571}},"38":{"start":{"line":253,"column":20},"end":{"line":253,"column":69}},"39":{"start":{"line":255,"column":16},"end":{"line":255,"column":9735}},"40":{"start":{"line":266,"column":8},"end":{"line":266,"column":39}},"41":{"start":{"line":267,"column":8},"end":{"line":267,"column":42}},"42":{"start":{"line":277,"column":8},"end":{"line":277,"column":82}},"43":{"start":{"line":278,"column":8},"end":{"line":278,"column":91}},"44":{"start":{"line":281,"column":8},"end":{"line":281,"column":40}},"45":{"start":{"line":283,"column":8},"end":{"line":283,"column":10780}},"46":{"start":{"line":284,"column":12},"end":{"line":284,"column":65}},"47":{"start":{"line":285,"column":12},"end":{"line":285,"column":10910}},"48":{"start":{"line":287,"column":16},"end":{"line":287,"column":11017}},"49":{"start":{"line":292,"column":19},"end":{"line":292,"column":11243}},"50":{"start":{"line":293,"column":16},"end":{"line":293,"column":11318}},"51":{"start":{"line":294,"column":20},"end":{"line":294,"column":11389}},"52":{"start":{"line":299,"column":20},"end":{"line":299,"column":44}},"53":{"start":{"line":301,"column":19},"end":{"line":301,"column":11703}},"54":{"start":{"line":303,"column":16},"end":{"line":303,"column":83}},"55":{"start":{"line":304,"column":16},"end":{"line":304,"column":11899}},"56":{"start":{"line":305,"column":20},"end":{"line":305,"column":70}},"57":{"start":{"line":307,"column":16},"end":{"line":307,"column":12064}},"58":{"start":{"line":317,"column":8},"end":{"line":317,"column":42}},"59":{"start":{"line":328,"column":8},"end":{"line":328,"column":76}},"60":{"start":{"line":329,"column":8},"end":{"line":329,"column":97}},"61":{"start":{"line":332,"column":8},"end":{"line":332,"column":37}},"62":{"start":{"line":335,"column":8},"end":{"line":335,"column":32}},"63":{"start":{"line":338,"column":8},"end":{"line":338,"column":13159}},"64":{"start":{"line":339,"column":12},"end":{"line":339,"column":64}},"65":{"start":{"line":340,"column":12},"end":{"line":340,"column":13287}},"66":{"start":{"line":342,"column":16},"end":{"line":342,"column":13385}},"67":{"start":{"line":344,"column":20},"end":{"line":344,"column":13515}},"68":{"start":{"line":353,"column":20},"end":{"line":353,"column":13934}},"69":{"start":{"line":359,"column":19},"end":{"line":359,"column":14236}},"70":{"start":{"line":361,"column":16},"end":{"line":361,"column":77}},"71":{"start":{"line":362,"column":16},"end":{"line":362,"column":112}},"72":{"start":{"line":363,"column":16},"end":{"line":363,"column":14530}},"73":{"start":{"line":365,"column":20},"end":{"line":365,"column":14661}},"74":{"start":{"line":366,"column":24},"end":{"line":366,"column":14741}},"75":{"start":{"line":375,"column":20},"end":{"line":375,"column":15125}},"76":{"start":{"line":376,"column":24},"end":{"line":376,"column":15205}},"77":{"start":{"line":380,"column":24},"end":{"line":380,"column":61}},"78":{"start":{"line":381,"column":24},"end":{"line":381,"column":15517}},"79":{"start":{"line":385,"column":24},"end":{"line":385,"column":84}},"80":{"start":{"line":388,"column":16},"end":{"line":388,"column":32}},"81":{"start":{"line":392,"column":16},"end":{"line":392,"column":16013}},"82":{"start":{"line":394,"column":20},"end":{"line":394,"column":87}},"83":{"start":{"line":395,"column":20},"end":{"line":395,"column":16234}},"84":{"start":{"line":396,"column":24},"end":{"line":396,"column":71}},"85":{"start":{"line":398,"column":20},"end":{"line":398,"column":16408}},"86":{"start":{"line":408,"column":20},"end":{"line":408,"column":87}},"87":{"start":{"line":409,"column":20},"end":{"line":409,"column":88}},"88":{"start":{"line":410,"column":20},"end":{"line":410,"column":17039}},"89":{"start":{"line":411,"column":24},"end":{"line":411,"column":71}},"90":{"start":{"line":412,"column":24},"end":{"line":412,"column":49}},"91":{"start":{"line":415,"column":20},"end":{"line":415,"column":17267}},"92":{"start":{"line":419,"column":20},"end":{"line":419,"column":17476}},"93":{"start":{"line":420,"column":24},"end":{"line":420,"column":116}},"94":{"start":{"line":426,"column":8},"end":{"line":426,"column":17704}},"95":{"start":{"line":427,"column":12},"end":{"line":427,"column":65}},"96":{"start":{"line":428,"column":12},"end":{"line":428,"column":17834}},"97":{"start":{"line":430,"column":16},"end":{"line":430,"column":17941}},"98":{"start":{"line":435,"column":19},"end":{"line":435,"column":18164}},"99":{"start":{"line":437,"column":16},"end":{"line":437,"column":18284}},"100":{"start":{"line":438,"column":20},"end":{"line":438,"column":18352}},"101":{"start":{"line":444,"column":20},"end":{"line":444,"column":44}},"102":{"start":{"line":446,"column":19},"end":{"line":446,"column":18667}},"103":{"start":{"line":448,"column":16},"end":{"line":448,"column":83}},"104":{"start":{"line":449,"column":16},"end":{"line":449,"column":18863}},"105":{"start":{"line":450,"column":20},"end":{"line":450,"column":67}},"106":{"start":{"line":452,"column":16},"end":{"line":452,"column":19025}},"107":{"start":{"line":462,"column":8},"end":{"line":462,"column":68}},"108":{"start":{"line":477,"column":8},"end":{"line":477,"column":79}}},"branchMap":{"1":{"line":97,"type":"if","locations":[{"start":{"line":97,"column":8},"end":{"line":97,"column":8}},{"start":{"line":97,"column":8},"end":{"line":97,"column":8}}]},"2":{"line":98,"type":"if","locations":[{"start":{"line":98,"column":8},"end":{"line":98,"column":8}},{"start":{"line":98,"column":8},"end":{"line":98,"column":8}}]},"3":{"line":99,"type":"if","locations":[{"start":{"line":99,"column":8},"end":{"line":99,"column":8}},{"start":{"line":99,"column":8},"end":{"line":99,"column":8}}]},"4":{"line":120,"type":"if","locations":[{"start":{"line":120,"column":8},"end":{"line":120,"column":8}},{"start":{"line":120,"column":8},"end":{"line":120,"column":8}}]},"5":{"line":219,"type":"if","locations":[{"start":{"line":219,"column":8},"end":{"line":219,"column":8}},{"start":{"line":219,"column":8},"end":{"line":219,"column":8}}]},"6":{"line":225,"type":"if","locations":[{"start":{"line":225,"column":12},"end":{"line":225,"column":12}},{"start":{"line":225,"column":12},"end":{"line":225,"column":12}}]},"7":{"line":233,"type":"if","locations":[{"start":{"line":233,"column":19},"end":{"line":233,"column":19}},{"start":{"line":233,"column":19},"end":{"line":233,"column":19}}]},"8":{"line":235,"type":"if","locations":[{"start":{"line":235,"column":16},"end":{"line":235,"column":16}},{"start":{"line":235,"column":16},"end":{"line":235,"column":16}}]},"9":{"line":249,"type":"if","locations":[{"start":{"line":249,"column":19},"end":{"line":249,"column":19}},{"start":{"line":249,"column":19},"end":{"line":249,"column":19}}]},"10":{"line":277,"type":"if","locations":[{"start":{"line":277,"column":8},"end":{"line":277,"column":8}},{"start":{"line":277,"column":8},"end":{"line":277,"column":8}}]},"11":{"line":278,"type":"if","locations":[{"start":{"line":278,"column":8},"end":{"line":278,"column":8}},{"start":{"line":278,"column":8},"end":{"line":278,"column":8}}]},"12":{"line":285,"type":"if","locations":[{"start":{"line":285,"column":12},"end":{"line":285,"column":12}},{"start":{"line":285,"column":12},"end":{"line":285,"column":12}}]},"13":{"line":292,"type":"if","locations":[{"start":{"line":292,"column":19},"end":{"line":292,"column":19}},{"start":{"line":292,"column":19},"end":{"line":292,"column":19}}]},"14":{"line":301,"type":"if","locations":[{"start":{"line":301,"column":19},"end":{"line":301,"column":19}},{"start":{"line":301,"column":19},"end":{"line":301,"column":19}}]},"15":{"line":328,"type":"if","locations":[{"start":{"line":328,"column":8},"end":{"line":328,"column":8}},{"start":{"line":328,"column":8},"end":{"line":328,"column":8}}]},"16":{"line":329,"type":"if","locations":[{"start":{"line":329,"column":8},"end":{"line":329,"column":8}},{"start":{"line":329,"column":8},"end":{"line":329,"column":8}}]},"17":{"line":340,"type":"if","locations":[{"start":{"line":340,"column":12},"end":{"line":340,"column":12}},{"start":{"line":340,"column":12},"end":{"line":340,"column":12}}]},"18":{"line":342,"type":"if","locations":[{"start":{"line":342,"column":16},"end":{"line":342,"column":16}},{"start":{"line":342,"column":16},"end":{"line":342,"column":16}}]},"19":{"line":353,"type":"if","locations":[{"start":{"line":353,"column":20},"end":{"line":353,"column":20}},{"start":{"line":353,"column":20},"end":{"line":353,"column":20}}]},"20":{"line":359,"type":"if","locations":[{"start":{"line":359,"column":19},"end":{"line":359,"column":19}},{"start":{"line":359,"column":19},"end":{"line":359,"column":19}}]},"21":{"line":362,"type":"if","locations":[{"start":{"line":362,"column":16},"end":{"line":362,"column":16}},{"start":{"line":362,"column":16},"end":{"line":362,"column":16}}]},"22":{"line":363,"type":"if","locations":[{"start":{"line":363,"column":16},"end":{"line":363,"column":16}},{"start":{"line":363,"column":16},"end":{"line":363,"column":16}}]},"23":{"line":376,"type":"if","locations":[{"start":{"line":376,"column":24},"end":{"line":376,"column":24}},{"start":{"line":376,"column":24},"end":{"line":376,"column":24}}]},"24":{"line":381,"type":"if","locations":[{"start":{"line":381,"column":24},"end":{"line":381,"column":24}},{"start":{"line":381,"column":24},"end":{"line":381,"column":24}}]},"25":{"line":392,"type":"if","locations":[{"start":{"line":392,"column":16},"end":{"line":392,"column":16}},{"start":{"line":392,"column":16},"end":{"line":392,"column":16}}]},"26":{"line":420,"type":"if","locations":[{"start":{"line":420,"column":24},"end":{"line":420,"column":24}},{"start":{"line":420,"column":24},"end":{"line":420,"column":24}}]},"27":{"line":428,"type":"if","locations":[{"start":{"line":428,"column":12},"end":{"line":428,"column":12}},{"start":{"line":428,"column":12},"end":{"line":428,"column":12}}]},"28":{"line":435,"type":"if","locations":[{"start":{"line":435,"column":19},"end":{"line":435,"c
[...]
83,"column":35}},"190":{"start":{"line":283,"column":38},"end":{"line":283,"column":82}},"191":{"start":{"line":284,"column":8},"end":{"line":284,"column":35}},"192":{"start":{"line":284,"column":38},"end":{"line":284,"column":82}},"193":{"start":{"line":285,"column":8},"end":{"line":285,"column":35}},"194":{"start":{"line":285,"column":38},"end":{"line":285,"column":82}},"195":{"start":{"line":286,"column":8},"end":{"line":286,"column":35}},"196":{"start":{"line":286,"column":38},"end":{"line":286,"column":82}},"197":{"start":{"line":287,"column":8},"end":{"line":287,"column":35}},"198":{"start":{"line":287,"column":38},"end":{"line":287,"column":82}},"199":{"start":{"line":288,"column":8},"end":{"line":288,"column":35}},"200":{"start":{"line":288,"column":38},"end":{"line":288,"column":82}},"201":{"start":{"line":289,"column":8},"end":{"line":289,"column":35}},"202":{"start":{"line":289,"column":38},"end":{"line":289,"column":82}},"203":{"start":{"line":290,"column":8},"end":{"line":290,"column":35}},"204":{"start":{"line":290,"column":38},"end":{"line":290,"column":82}},"205":{"start":{"line":291,"column":8},"end":{"line":291,"column":35}},"206":{"start":{"line":291,"column":38},"end":{"line":291,"column":82}},"207":{"start":{"line":292,"column":8},"end":{"line":292,"column":35}},"208":{"start":{"line":292,"column":38},"end":{"line":292,"column":82}},"209":{"start":{"line":294,"column":8},"end":{"line":294,"column":81}},"210":{"start":{"line":302,"column":8},"end":{"line":302,"column":23}},"211":{"start":{"line":304,"column":8},"end":{"line":304,"column":17}},"212":{"start":{"line":305,"column":8},"end":{"line":305,"column":17}},"213":{"start":{"line":306,"column":8},"end":{"line":306,"column":17}},"214":{"start":{"line":308,"column":8},"end":{"line":308,"column":150}},"215":{"start":{"line":308,"column":54},"end":{"line":308,"column":94}},"216":{"start":{"line":308,"column":97},"end":{"line":308,"column":148}},"217":{"start":{"line":309,"column":8},"end":{"line":309,"column":150}},"218":{"start":{"line":309,"column":54},"end":{"line":309,"column":94}},"219":{"start":{"line":309,"column":97},"end":{"line":309,"column":148}},"220":{"start":{"line":310,"column":8},"end":{"line":310,"column":150}},"221":{"start":{"line":310,"column":54},"end":{"line":310,"column":94}},"222":{"start":{"line":310,"column":97},"end":{"line":310,"column":148}},"223":{"start":{"line":311,"column":8},"end":{"line":311,"column":150}},"224":{"start":{"line":311,"column":54},"end":{"line":311,"column":94}},"225":{"start":{"line":311,"column":97},"end":{"line":311,"column":148}},"226":{"start":{"line":312,"column":8},"end":{"line":312,"column":150}},"227":{"start":{"line":312,"column":54},"end":{"line":312,"column":94}},"228":{"start":{"line":312,"column":97},"end":{"line":312,"column":148}},"229":{"start":{"line":313,"column":8},"end":{"line":313,"column":150}},"230":{"start":{"line":313,"column":54},"end":{"line":313,"column":94}},"231":{"start":{"line":313,"column":97},"end":{"line":313,"column":148}},"232":{"start":{"line":314,"column":8},"end":{"line":314,"column":150}},"233":{"start":{"line":314,"column":54},"end":{"line":314,"column":94}},"234":{"start":{"line":314,"column":97},"end":{"line":314,"column":148}},"235":{"start":{"line":315,"column":8},"end":{"line":315,"column":150}},"236":{"start":{"line":315,"column":54},"end":{"line":315,"column":94}},"237":{"start":{"line":315,"column":97},"end":{"line":315,"column":148}},"238":{"start":{"line":317,"column":8},"end":{"line":317,"column":26}},"239":{"start":{"line":318,"column":8},"end":{"line":318,"column":26}},"240":{"start":{"line":319,"column":8},"end":{"line":319,"column":97}},"241":{"start":{"line":319,"column":100},"end":{"line":319,"column":118}},"242":{"start":{"line":320,"column":8},"end":{"line":320,"column":97}},"243":{"start":{"line":320,"column":100},"end":{"line":320,"column":118}},"244":{"start":{"line":321,"column":8},"end":{"line":321,"column":97}},"245":{"start":{"line":321,"column":100},"end":{"line":321,"column":118}},"246":{"start":{"line":322,"column":8},"end":{"line":322,"column":97}},"247":{"start":{"line":322,"column":100},"end":{"line":322,"column":118}},"248":{"start":{"line":323,"column":8},"end":{"line":323,"column":97}},"249":{"start":{"line":323,"column":100},"end":{"line":323,"column":118}},"250":{"start":{"line":324,"column":8},"end":{"line":324,"column":97}},"251":{"start":{"line":324,"column":100},"end":{"line":324,"column":118}},"252":{"start":{"line":325,"column":8},"end":{"line":325,"column":97}},"253":{"start":{"line":325,"column":100},"end":{"line":325,"column":118}},"254":{"start":{"line":326,"column":8},"end":{"line":326,"column":97}},"255":{"start":{"line":328,"column":8},"end":{"line":328,"column":18}},"256":{"start":{"line":336,"column":8},"end":{"line":336,"column":23}},"257":{"start":{"line":338,"column":8},"end":{"line":338,"column":17}},"258":{"start":{"line":339,"column":8},"end":{"line":339,"column":17}},"259":{"start":{"line":341,"column":8},"end":{"line":341,"column":53}},"260":{"start":{"line":342,"column":8},"end":{"line":342,"column":26}},"261":{"start":{"line":342,"column":29},"end":{"line":342,"column":57}},"262":{"start":{"line":343,"column":8},"end":{"line":343,"column":26}},"263":{"start":{"line":343,"column":29},"end":{"line":343,"column":57}},"264":{"start":{"line":344,"column":8},"end":{"line":344,"column":26}},"265":{"start":{"line":344,"column":29},"end":{"line":344,"column":57}},"266":{"start":{"line":345,"column":8},"end":{"line":345,"column":26}},"267":{"start":{"line":345,"column":29},"end":{"line":345,"column":57}},"268":{"start":{"line":346,"column":8},"end":{"line":346,"column":26}},"269":{"start":{"line":346,"column":29},"end":{"line":346,"column":57}},"270":{"start":{"line":347,"column":8},"end":{"line":347,"column":26}},"271":{"start":{"line":347,"column":29},"end":{"line":347,"column":57}},"272":{"start":{"line":348,"column":8},"end":{"line":348,"column":26}},"273":{"start":{"line":348,"column":29},"end":{"line":348,"column":57}},"274":{"start":{"line":349,"column":8},"end":{"line":349,"column":26}},"275":{"start":{"line":349,"column":29},"end":{"line":349,"column":57}},"276":{"start":{"line":350,"column":8},"end":{"line":350,"column":26}},"277":{"start":{"line":350,"column":29},"end":{"line":350,"column":57}},"278":{"start":{"line":351,"column":8},"end":{"line":351,"column":26}},"279":{"start":{"line":351,"column":29},"end":{"line":351,"column":57}},"280":{"start":{"line":352,"column":8},"end":{"line":352,"column":26}},"281":{"start":{"line":352,"column":29},"end":{"line":352,"column":57}},"282":{"start":{"line":353,"column":8},"end":{"line":353,"column":26}},"283":{"start":{"line":353,"column":29},"end":{"line":353,"column":57}},"284":{"start":{"line":354,"column":8},"end":{"line":354,"column":26}},"285":{"start":{"line":354,"column":29},"end":{"line":354,"column":57}},"286":{"start":{"line":355,"column":8},"end":{"line":355,"column":26}},"287":{"start":{"line":355,"column":29},"end":{"line":355,"column":57}},"288":{"start":{"line":356,"column":8},"end":{"line":356,"column":26}},"289":{"start":{"line":356,"column":29},"end":{"line":356,"column":57}},"290":{"start":{"line":357,"column":8},"end":{"line":357,"column":26}},"291":{"start":{"line":357,"column":29},"end":{"line":357,"column":57}},"292":{"start":{"line":358,"column":8},"end":{"line":358,"column":26}},"293":{"start":{"line":358,"column":29},"end":{"line":358,"column":57}},"294":{"start":{"line":359,"column":8},"end":{"line":359,"column":26}},"295":{"start":{"line":359,"column":29},"end":{"line":359,"column":57}},"296":{"start":{"line":360,"column":8},"end":{"line":360,"column":26}},"297":{"start":{"line":360,"column":29},"end":{"line":360,"column":57}},"298":{"start":{"line":361,"column":8},"end":{"line":361,"column":51}},"299":{"start":{"line":363,"column":8},"end":{"line":363,"column":145}},"300":{"start":{"line":363,"column":60},"end":{"line":363,"column":144}},"301":{"start":{"line":364,"column":8},"end":{"line":364,"column":145}},"302":{"start":{"line":364,"column":60},"end":{"line":364,"column":144}},"303":{"start":{"line":365,"column":8},"end":{"line":365,"column":145}},"304":{"start":{"line":365,"column":60},"end":{"line":365,"column":144}},"305":{"start":{"line":366,"column":8},"end":{"line":366,"column":145}},"306":{"start":{"line":366,"column":60},"end":{"line":366,"column":144}},"307":{"start":{"line":367,"column":8},"end":{"line":367,"column":145}},"308":{"start":{"line":367,"column":60},"end":{"line":367,"column":144}},"309":{"start":{"line":368,"column":8},"end":{"line":368,"column":145}},"310":{"start":{"line":368,"column":60},"end":{"line":368,"column":144}},"311":{"start":{"line":369,"column":8},"end":{"line":369,"column":145}},"312":{"start":{"line":369,"column":60},"end":{"line":369,"column":144}},"313":{"start":{"line":371,"column":8},"end":{"line":371,"column":18}}},"branchMap":{"1":{"line":153,"type":"if","locations":[{"start":{"line":153,"column":8},"end":{"line":153,"column":8}},{"start":{"line":153,"column":8},"end":{"line":153,"column":8}}]},"2":{"line":161,"type":"if","locations":[{"start":{"line":161,"column":8},"end":{"line":161,"column":8}},{"start":{"line":161,"column":8},"end":{"line":161,"column":8}}]},"3":{"line":178,"type":"if","locations":[{"start":{"line":178,"column":8},"end":{"line":178,"column":8}},{"start":{"line":178,"column":8},"end":{"line":178,"column":8}}]},"4":{"line":185,"type":"if","locations":[{"start":{"line":185,"column":8},"end":{"line":185,"column":8}},{"start":{"line":185,"column":8},"end":{"line":185,"column":8}}]},"5":{"line":188,"type":"if","locations":[{"start":{"line":188,"column":16},"end":{"line":188,"column":16}},{"start":{"line":188,"column":16},"end":{"line":188,"column":16}}]},"6":{"line":204,"type":"if","locations":[{"start":{"line":204,"column":8},"end":{"line":204,"column":8}},{"start":{"line":204,"column":8},"end":{"line":204,"column":8}}]},"7":{"line":214,"type":"if","locations":[{"start":{"line":214,"column":16},"end":{"line":214,"column":16}},{"start":{"line":214,"column":16},"end":{"line":214,"column":16}}]},"8":{"line":235,"type":"if","locations":[{"start":{"line":235,"column":12},"end":{"line":235,"column":12}},{"start":{"line":235,"column":12},"end":{"line":235,"column":12}}]},"9":{"line":241,"type":"if","locations":[{"start":{"line":241,"column":8},"end":{"line":241,"column":8}},{"start":{"line":241,"column":8},"end":{"line":241,"column":8}}]},"10":{"line":243,"type":"if","locations":[{"start":{"line":243,"column":8},"end":{"line":243,"column":8}},{"start":{"line":243,"column":8},"end":{"line":243,"column":8}}]},"11":{"line":308,"type":"if","locations":[{"start":{"line":308,"column":8},"end":{"line":308,"column":8}},{"start":{"line":308,"column":8},"end":{"line":308,"column":8}}]},"12":{"line":309,"type":"if","locations":[{"start":{"line":309,"column":8},"end":{"line":309,"column":8}},{"start":{"line":309,"column":8},"end":{"line":309,"column":8}}]},"13":{"line":310,"type":"if","locations":[{"start":{"line":310,"column":8},"end":{"line":310,"column":8}},{"start":{"line":310,"column":8},"end":{"line":310,"column":8}}]},"14":{"line":311,"type":"if","locations":[{"start":{"line":311,"column":8},"end":{"line":311,"column":8}},{"start":{"line":311,"column":8},"end":{"line":311,"column":8}}]},"15":{"line":312,"type":"if","locations":[{"start":{"line":312,"column":8},"end":{"line":312,"column":8}},{"start":{"line":312,"column":8},"end":{"line":312,"column":8}}]},"16":{"line":313,"type":"if","locations":[{"start":{"line":313,"column":8},"end":{"line":313,"column":8}},{"start":{"line":313,"column":8},"end":{"line":313,"column":8}}]},"17":{"line":314,"type":"if","locations":[{"start":{"line":314,"column":8},"end":{"line":314,"column":8}},{"start":{"line":314,"column":8},"end":{"line":314,"column":8}}]},"18":{"line":315,"type":"if","locations":[{"start":{"line":315,"column":8},"end":{"line":315,"column":8}},{"start":{"line":315,"column":8},"end":{"line":315,"column":8}}]},"19":{"line":363,"type":"if","locations":[{"start":{"line":363,"column":8},"end":{"line":363,"column":8}},{"start":{"line":363,"column":8},"end":{"line":363,"column":8}}]},"20":{"line":364,"type":"if","locations":[{"start":{"line":364,"column":8},"end":{"line":364,"column":8}},{"start":{"line":364,"column":8},"end":{"line":364,"column":8}}]},"21":{"line":365,"type":"if","locations":[{"start":{"line":365,"column":8},"end":{"line":365,"column":8}},{"start":{"line":365,"column":8},"end":{"line":365,"column":8}}]},"22":{"line":366,"type":"if","locations":[{"start":{"line":366,"column":8},"end":{"line":366,"column":8}},{"start":{"line":366,"column":8},"end":{"line":366,"column":8}}]},"23":{"line":367,"type":"if","locations":[{"start":{"line":367,"column":8},"end":{"line":367,"column":8}},{"start":{"line":367,"column":8},"end":{"line":367,"column":8}}]},"24":{"line":368,"type":"if","locations":[{"start":{"line":368,"column":8},"end":{"line":368,"column":8}},{"start":{"line":368,"column":8},"end":{"line":368,"column":8}}]},"25":{"line":369,"type":"if","locations":[{"start":{"line":369,"column":8},"end":{"line":369,"column":8}},{"start":{"line":369,"column":8},"end":{"line":369,"column":8}}]}}},"contracts/utils/Probability.sol":{"l":{"16":19,"17":19,"19":0},"path":"/home/VulcanLinkProjects/contracts/packages/owlprotocol-contracts/contracts/utils/Probability.sol","s":{"1":19,"2":19,"3":57,"4":19,"5":0},"b":{"1":[19,38]},"f":{"1":19},"fnMap":{"1":{"name":"probabilityDistribution","line":11,"loc":{"start":{"line":11,"column":4},"end":{"line":20,"column":4}}}},"statementMap":{"1":{"start":{"line":16,"column":8},"end":{"line":16,"column":76}},"2":{"start":{"line":17,"column":8},"end":{"line":17,"column":98}},"3":{"start":{"line":17,"column":58},"end":{"line":17,"column":98}},"4":{"start":{"line":17,"column":90},"end":{"line":17,"column":98}},"5":{"start":{"line":19,"column":8},"end":{"line":19,"column":16}}},"branchMap":{"1":{"line":17,"type":"if","locations":[{"start":{"line":17,"column":58},"end":{"line":17,"column":58}},{"start":{"line":17,"column":58},"end":{"line":17,"column":58}}]}}},"contracts/utils/RosalindDNA.sol":{"l":{"31":0,"33":0,"34":0,"37":0,"38":0,"41":0,"42":0,"45":0,"48":0,"79":0,"82":0,"112":0,"117":0,"119":0,"120":0,"122":0,"125":0,"126":0,"128":0,"129":0,"133":0,"134":0,"137":0,"138":0,"148":0,"149":0,"150":0,"151":0,"155":0,"158":0,"160":0,"162":0,"171":0,"181":0,"182":0,"183":0},"path":"/home/VulcanLinkProjects/contracts/packages/owlprotocol-contracts/contracts/utils/RosalindDNA.sol","s":{"1":0,"2":0,"3":0,"4":0,"5":0,"6":0,"7":0,"8":0,"9":0,"10":0,"11":0,"12":0,"13":0,"14":0,"15":0,"16":0,"17":0,"18":0,"19":0,"20":0,"21":0,"22":0,"23":0,"24":0,"25":0,"26":0,"27":0,"28":0,"29":0,"30":0,"31":0,"32":0,"33":0,"34":0,"35":0,"36":0,"37":0},"b":{"1":[0,0],"2":[0,0],"3":[0,0]},"f":{"1":0,"2":0,"3":0,"4":0,"5":0,"6":0},"fnMap":{"1":{"name":"breedDNASimple","line":25,"loc":{"start":{"line":25,"column":4},"end":{"line":49,"column":4}}},"2":{"name":"breedDNAWithMutations","line":72,"loc":{"start":{"line":72,"column":4},"end":{"line":83,"column":4}}},"3":{"name":"generateMutations","line":105,"loc":{"start":{"line":105,"column":4},"end":{"line":139,"column":4}}},"4":{"name":"setGenCount","line":146,"loc":{"start":{"line":146,"column":4},"end":{"line":163,"column":4}}},"5":{"name":"getGenCount","line":169,"loc":{"start":{"line":169,"column":4},"end":{"line":172,"column":4}}},"6":{"name":"get256Bitmask","line":180,"loc":{"start":{"line":180,"column":4},"end":{"line":184,"column":4}}}},"statementMap":{"1":{"start":{"line":31,"column":8},"end":{"line":31,"column":1039}},"2":{"start":{"line":33,"column":12},"end":{"line":33,"column":48}},"3":{"start":{"line":34,"column":12},"end":{"line":34,"column":85}},"4":{"start":{"line":37,"column":12},"end":{"line":37,"column":112}},"5":{"start":{"line":38,"column":12},"end":{"line":38,"column":64}},"6":{"start":{"line":41,"column":12},"end":{"line":41,"column":69}},"7":{"start":{"line":42,"column":12},"end":{"line":42,"column":51}},"8":{"start":{"line":45,"column":12},"end":{"line":45,"column":37}},"9":{"start":{"line":48,"column":8},"end":{"line":48,"column":23}},"10":{"start":{"line":79,"column":8},"end":{"line":79,"column":63}},"11":{"start":{"line":82,"column":8},"end":{"line":82,"column":79}},"12":{"start":{"line":112,"column":8},"end":{"line":112,"column":28}},"13":{"start":{"line":117,"column":8},"end":{"line":117,"column":4708}},"14":{"start":{"line":119,"column":12},"end":{"line":119,"column":88}},"15":{"start":{"line":120,"column":12},"end":{"line":120,"column":4932}},"16":{"start":{"line":125,"column":12},"end":{"line":125,"column":48}},"17":{"start":{"line":126,"column":12},"end":{"line":126,"column":85}},"18":{"start":{"line":128,"column":12},"end":{"line":128,"column":69}},"19":{"start":{"line":129,"column":12},"end":{"line":129,"column":48}},"20":{"start":{"line":133,"column":8},"end":{"line":133,"column":73}},"21":{"start":{"line":134,"column":8},"end":{"line":134,"column":44}},"22":{"start":{"line":137,"column":8},"end":{"line":137,"column":34}},"23":{"start":{"line":138,"column":8},"end":{"line":138,"column":36}},"24":{"start":{"line":148,"column":8},"end":{"line":148,"column":28}},"25":{"start":{"line":149,"column":8},"end":{"line":149,"column":6057}},"26":{"start":{"line":150,"column":12},"end":{"line":150,"column":70}},"27":{"start":{"line":151,"column":12},"end":{"line":151,"column":66}},"28":{"start":{"line":151,"column":42},"end":{"line":151,"column":65}},"29":{"start":{"line":155,"column":8},"end":{"line":155,"column":78}},"30":{"start":{"line":155,"column":45},"end":{"line":155,"column":77}},"31":{"start":{"line":158,"column":8},"end":{"line":158,"column":39}},"32":{"start":{"line":160,"column":8},"end":{"line":160,"column":41}},"33":{"start":{"line":162,"column":8},"end":{"line":162,"column":20}},"34":{"start":{"line":171,"column":8},"end":{"line":171,"column":45}},"35":{"start":{"line":181,"column":8},"end":{"line":181,"column":60}},"36":{"start":{"line":182,"column":8},"end":{"line":182,"column":64}},"37":{"start":{"line":183,"column":8},"end":{"line":183,"column":42}}},"branchMap":{"1":{"line":120,"type":"if","locations":[{"start":{"line":120,"column":12},"end":{"line":120,"column":12}},{"start":{"line":120,"column":12},"end":{"line":120,"column":12}}]},"2":{"line":151,"type":"if","locations":[{"start":{"line":151,"column":12},"end":{"line":151,"column":12}},{"start":{"line":151,"column":12},"end":{"line":151,"column":12}}]},"3":{"line":155,"type":"if","locations":[{"start":{"line":155,"column":8},"end":{"line":155,"column":8}},{"start":{"line":155,"column":8},"end":{"line":155,"column":8}}]}}},"contracts/utils/SourceRandom.sol":{"l":{"15":0,"16":0,"17":0,"25":19,"26":19,"27":19},"path":"/home/VulcanLinkProjects/contracts/packages/owlprotocol-contracts/contracts/utils/SourceRandom.sol","s":{"1":0,"2":0,"3":0,"4":19,"5":19,"6":19},"b":{"1":[0,0],"2":[19,0]},"f":{"1":0,"2":19},"fnMap":{"1":{"name":"getRandomDebug","line":14,"loc":{"start":{"line":14,"column":4},"end":{"line":18,"column":4}}},"2":{"name":"getSeededRandom","line":24,"loc":{"start":{"line":24,"column":4},"end":{"line":28,"column":4}}}},"statementMap":{"1":{"start":{"line":15,"column":8},"end":{"line":15,"column":72}},"2":{"start":{"line":16,"column":8},"end":{"line":16,"column":27}},"3":{"start":{"line":17,"column":8},"end":{"line":17,"column":21}},"4":{"start":{"line":25,"column":8},"end":{"line":25,"column":68}},"5":{"start":{"line":26,"column":8},"end":{"line":26,"column":27}},"6":{"start":{"line":27,"column":8},"end":{"line":27,"column":21}}},"branchMap":{"1":{"line":16,"type":"if","locations":[{"start":{"line":16,"column":8},"end":{"line":16,"column":8}},{"start":{"line":16,"column":8},"end":{"line":16,"column":8}}]},"2":{"line":26,"type":"if","locations":[{"start":{"line":26,"column":8},"end":{"line":26,"column":8}},{"start":{"line":26,"column":8},"end":{"line":26,"column":8}}]}}}}